**** Incremental Build [mar., 28 mars 2017 13:32:18] ****
 Project: THOG
 Configuration: tie_dev1
 Build Target: Debug
********************************

C:\Logiciels\Xtensa\XtDevTools\install\tools\RF-2015.2-win32\XtensaTools\bin\xt-xcc -c -g -O0 -fmessage-length=0 -I "C:/TEMP/THOG-xtensa/THOG" -DPROC_tie_dev1 -DCONFIG_tie_dev1 --xtensa-system=C:/Logiciels/Xtensa/XtDevTools/install/builds/RF-2015.2-win32/tie_dev1/config --xtensa-core=tie_dev1 --xtensa-params= "C:/TEMP/THOG-xtensa/THOG/util.cpp" -o "C:/TEMP/THOG-xtensa/THOG/bin/tie_dev1/Debug/util.o" 
In file included from C:/Logiciels/Xtensa/XtDevTools/install/builds/RF-2015.2-win32/tie_dev1/xtensa-elf/include/dirent.h:6,
                 from C:/TEMP/THOG-xtensa/THOG/util.cpp:11:
C:/Logiciels/Xtensa/XtDevTools/install/builds/RF-2015.2-win32/tie_dev1/xtensa-elf/include/sys/dirent.h:10:2: error: #error "<dirent.h> not supported"
Time taken: 142 ms 

C:\Logiciels\Xtensa\XtDevTools\install\tools\RF-2015.2-win32\XtensaTools\bin\xt-xcc -c -g -O0 -fmessage-length=0 -I "C:/TEMP/THOG-xtensa/THOG" -DPROC_tie_dev1 -DCONFIG_tie_dev1 --xtensa-system=C:/Logiciels/Xtensa/XtDevTools/install/builds/RF-2015.2-win32/tie_dev1/config --xtensa-core=tie_dev1 --xtensa-params= "C:/TEMP/THOG-xtensa/THOG/hog.cpp" -o "C:/TEMP/THOG-xtensa/THOG/bin/tie_dev1/Debug/hog.o" 
C:/TEMP/THOG-xtensa/THOG/hog.cpp: In constructor 'HOG::HOG(Image*, SVM*)':
C:/TEMP/THOG-xtensa/THOG/hog.cpp:52: error: type 'HOG' is not a direct base of 'HOG'
C:/TEMP/THOG-xtensa/THOG/hog.cpp: In constructor 'SVM::SVM(std::string)':
C:/TEMP/THOG-xtensa/THOG/hog.cpp:440: warning: cannot pass objects of non-POD type 'struct std::string' through '...'; call will abort at runtime
Time taken: 249 ms 

C:\Logiciels\Xtensa\XtDevTools\install\tools\RF-2015.2-win32\XtensaTools\bin\xt-xcc -c -g -O0 -fmessage-length=0 -I "C:/TEMP/THOG-xtensa/THOG" -DPROC_tie_dev1 -DCONFIG_tie_dev1 --xtensa-system=C:/Logiciels/Xtensa/XtDevTools/install/builds/RF-2015.2-win32/tie_dev1/config --xtensa-core=tie_dev1 --xtensa-params= "C:/TEMP/THOG-xtensa/THOG/image.cpp" -o "C:/TEMP/THOG-xtensa/THOG/bin/tie_dev1/Debug/image.o" 
Time taken: 8192 ms 

C:\Logiciels\Xtensa\XtDevTools\install\tools\RF-2015.2-win32\XtensaTools\bin\xt-xcc -c -g -O0 -fmessage-length=0 -I "C:/TEMP/THOG-xtensa/THOG" -DPROC_tie_dev1 -DCONFIG_tie_dev1 --xtensa-system=C:/Logiciels/Xtensa/XtDevTools/install/builds/RF-2015.2-win32/tie_dev1/config --xtensa-core=tie_dev1 --xtensa-params= "C:/TEMP/THOG-xtensa/THOG/detection.cpp" -o "C:/TEMP/THOG-xtensa/THOG/bin/tie_dev1/Debug/detection.o" 
Time taken: 8192 ms 

Build error encountered... cannot continue further.
Total time taken: 9.099 secs
**** Build Finished [mar., 28 mars 2017 13:32:27] ****
**** Incremental Build [mar., 28 mars 2017 13:36:31] ****
 Project: test
 Configuration: tie_dev1
 Build Target: Debug
********************************

C:\Logiciels\Xtensa\XtDevTools\install\tools\RF-2015.2-win32\XtensaTools\bin\xt-xcc -c -g -O0 -fmessage-length=0 -DPROC_tie_dev1 -DCONFIG_tie_dev1 --xtensa-system=C:/Logiciels/Xtensa/XtDevTools/install/builds/RF-2015.2-win32/tie_dev1/config --xtensa-core=tie_dev1 --xtensa-params= "C:/TEMP/THOG-life/src/hog.cpp" -o "C:/TEMP/THOG-xtensa/test/bin/tie_dev1/Debug/hog.o" 
C:/TEMP/THOG-life/src/hog.cpp: In constructor 'HOG::HOG(Image*, SVM*)':
C:/TEMP/THOG-life/src/hog.cpp:52: error: type 'HOG' is not a direct base of 'HOG'
C:/TEMP/THOG-life/src/hog.cpp: In constructor 'SVM::SVM(std::string)':
C:/TEMP/THOG-life/src/hog.cpp:440: warning: cannot pass objects of non-POD type 'struct std::string' through '...'; call will abort at runtime
Time taken: 219 ms 

C:\Logiciels\Xtensa\XtDevTools\install\tools\RF-2015.2-win32\XtensaTools\bin\xt-xcc -c -g -O0 -fmessage-length=0 -DPROC_tie_dev1 -DCONFIG_tie_dev1 --xtensa-system=C:/Logiciels/Xtensa/XtDevTools/install/builds/RF-2015.2-win32/tie_dev1/config --xtensa-core=tie_dev1 --xtensa-params= "C:/TEMP/THOG-life/src/detection.cpp" -o "C:/TEMP/THOG-xtensa/test/bin/tie_dev1/Debug/detection.o" 
Time taken: 7345 ms 

C:\Logiciels\Xtensa\XtDevTools\install\tools\RF-2015.2-win32\XtensaTools\bin\xt-xcc -c -g -O0 -fmessage-length=0 -DPROC_tie_dev1 -DCONFIG_tie_dev1 --xtensa-system=C:/Logiciels/Xtensa/XtDevTools/install/builds/RF-2015.2-win32/tie_dev1/config --xtensa-core=tie_dev1 --xtensa-params= "C:/TEMP/THOG-life/src/image.cpp" -o "C:/TEMP/THOG-xtensa/test/bin/tie_dev1/Debug/image.o" 
Time taken: 7345 ms 

Build error encountered... cannot continue further.
Total time taken: 7.719 secs
**** Build Finished [mar., 28 mars 2017 13:36:39] ****
**** Incremental Build [mar., 28 mars 2017 13:42:27] ****
 Project: test
 Configuration: tie_dev1
 Build Target: Debug
********************************

C:\Logiciels\Xtensa\XtDevTools\install\tools\RF-2015.2-win32\XtensaTools\bin\xt-xcc -c -g -O0 -fmessage-length=0 -I "C:/TEMP/THOG-xtensa/test" -DPROC_tie_dev1 -DCONFIG_tie_dev1 --xtensa-system=C:/Logiciels/Xtensa/XtDevTools/install/builds/RF-2015.2-win32/tie_dev1/config --xtensa-core=tie_dev1 --xtensa-params= "C:/TEMP/THOG-life/src/detection.cpp" -o "C:/TEMP/THOG-xtensa/test/bin/tie_dev1/Debug/detection.o" 
Time taken: 7719 ms 

C:\Logiciels\Xtensa\XtDevTools\install\tools\RF-2015.2-win32\XtensaTools\bin\xt-xcc -c -g -O0 -fmessage-length=0 -I "C:/TEMP/THOG-xtensa/test" -DPROC_tie_dev1 -DCONFIG_tie_dev1 --xtensa-system=C:/Logiciels/Xtensa/XtDevTools/install/builds/RF-2015.2-win32/tie_dev1/config --xtensa-core=tie_dev1 --xtensa-params= "C:/TEMP/THOG-life/src/image.cpp" -o "C:/TEMP/THOG-xtensa/test/bin/tie_dev1/Debug/image.o" 
Time taken: 7719 ms 

C:\Logiciels\Xtensa\XtDevTools\install\tools\RF-2015.2-win32\XtensaTools\bin\xt-xcc -c -g -O0 -fmessage-length=0 -I "C:/TEMP/THOG-xtensa/test" -DPROC_tie_dev1 -DCONFIG_tie_dev1 --xtensa-system=C:/Logiciels/Xtensa/XtDevTools/install/builds/RF-2015.2-win32/tie_dev1/config --xtensa-core=tie_dev1 --xtensa-params= "C:/TEMP/THOG-life/src/hog.cpp" -o "C:/TEMP/THOG-xtensa/test/bin/tie_dev1/Debug/hog.o" 
C:/TEMP/THOG-life/src/hog.cpp: In constructor 'SVM::SVM(std::string)':
C:/TEMP/THOG-life/src/hog.cpp:446: warning: cannot pass objects of non-POD type 'struct std::string' through '...'; call will abort at runtime
Time taken: 7844 ms 

C:\Logiciels\Xtensa\XtDevTools\install\tools\RF-2015.2-win32\XtensaTools\bin\xt-xc++ -Wl,@C:/TEMP/THOG-xtensa/test/bin/tie_dev1/Debug/objfiles.list -o C:/TEMP/THOG-xtensa/test/bin/tie_dev1/Debug/test.minsize -mlsp=sim -Wl,-r -nostdlib --xtensa-system=C:/Logiciels/Xtensa/XtDevTools/install/builds/RF-2015.2-win32/tie_dev1/config --xtensa-core=tie_dev1 --xtensa-params= 
Time taken: 204 ms 

C:\Logiciels\Xtensa\XtDevTools\install\tools\RF-2015.2-win32\XtensaTools\bin\xt-xc++ -Wl,@C:/TEMP/THOG-xtensa/test/bin/tie_dev1/Debug/objfiles.list -o C:/TEMP/THOG-xtensa/test/bin/tie_dev1/Debug/test -mlsp=sim --xtensa-system=C:/Logiciels/Xtensa/XtDevTools/install/builds/RF-2015.2-win32/tie_dev1/config --xtensa-core=tie_dev1 --xtensa-params= 
Time taken: 579 ms 

******* Code size summary *****

C:\Logiciels\Xtensa\XtDevTools\install\tools\RF-2015.2-win32\XtensaTools\bin\xt-size -C C:/TEMP/THOG-xtensa/test/bin/tie_dev1/Debug/test 
TYPE   	   text	 rodata	   data	    bss	    dec    hex	filename
code   	  90677	      0	     39	      0	  90716	  1625c	C:/TEMP/THOG-xtensa/test/bin/tie_dev1/Debug/test
literal	   2104	      0	      0	      0	   2104	    838	C:/TEMP/THOG-xtensa/test/bin/tie_dev1/Debug/test
other  	   3267	      0	  29773	   3600	  36640	   8f20	C:/TEMP/THOG-xtensa/test/bin/tie_dev1/Debug/test
Total  	  96048	      0	  29812	   3600	 129460	  1f9b4	C:/TEMP/THOG-xtensa/test/bin/tie_dev1/Debug/test

Time taken: 125 ms 

******* ************** *****

Build successful !!
Total time taken: 9.065 secs
**** Build Finished [mar., 28 mars 2017 13:42:36] ****
**** Incremental Build [mar., 28 mars 2017 13:48:05] ****
 Project: test
 Configuration: tie_dev1
 Build Target: Debug
********************************

C:\Logiciels\Xtensa\XtDevTools\install\tools\RF-2015.2-win32\XtensaTools\bin\xt-xcc -c -g -O0 -fmessage-length=0 -I "C:/TEMP/THOG-xtensa/test" -DPROC_tie_dev1 -DCONFIG_tie_dev1 --xtensa-system=C:/Logiciels/Xtensa/XtDevTools/install/builds/RF-2015.2-win32/tie_dev1/config --xtensa-core=tie_dev1 --xtensa-params= "C:/TEMP/THOG-life/src/detection.cpp" -o "C:/TEMP/THOG-xtensa/test/bin/tie_dev1/Debug/detection.o" 
C:/TEMP/THOG-life/src/detection.cpp: In function 'int main(int, char**)':
C:/TEMP/THOG-life/src/detection.cpp:22: error: invalid operands of types 'char*' and 'const char [11]' to binary 'operator+'
C:/TEMP/THOG-life/src/detection.cpp:23: error: invalid operands of types 'char*' and 'const char [16]' to binary 'operator+'
C:/TEMP/THOG-life/src/detection.cpp:24: error: invalid operands of types 'char*' and 'const char [17]' to binary 'operator+'
Time taken: 203 ms 

Build error encountered... cannot continue further.
Total time taken: 0.531 secs
**** Build Finished [mar., 28 mars 2017 13:48:06] ****
**** Incremental Build [mar., 28 mars 2017 13:48:31] ****
 Project: test
 Configuration: tie_dev1
 Build Target: Debug
********************************

C:\Logiciels\Xtensa\XtDevTools\install\tools\RF-2015.2-win32\XtensaTools\bin\xt-xcc -c -g -O0 -fmessage-length=0 -I "C:/TEMP/THOG-xtensa/test" -DPROC_tie_dev1 -DCONFIG_tie_dev1 --xtensa-system=C:/Logiciels/Xtensa/XtDevTools/install/builds/RF-2015.2-win32/tie_dev1/config --xtensa-core=tie_dev1 --xtensa-params= "C:/TEMP/THOG-life/src/detection.cpp" -o "C:/TEMP/THOG-xtensa/test/bin/tie_dev1/Debug/detection.o" 
Time taken: 7318 ms 

C:\Logiciels\Xtensa\XtDevTools\install\tools\RF-2015.2-win32\XtensaTools\bin\xt-xc++ -Wl,@C:/TEMP/THOG-xtensa/test/bin/tie_dev1/Debug/objfiles.list -o C:/TEMP/THOG-xtensa/test/bin/tie_dev1/Debug/test.minsize -mlsp=sim -Wl,-r -nostdlib --xtensa-system=C:/Logiciels/Xtensa/XtDevTools/install/builds/RF-2015.2-win32/tie_dev1/config --xtensa-core=tie_dev1 --xtensa-params= 
Time taken: 78 ms 

C:\Logiciels\Xtensa\XtDevTools\install\tools\RF-2015.2-win32\XtensaTools\bin\xt-xc++ -Wl,@C:/TEMP/THOG-xtensa/test/bin/tie_dev1/Debug/objfiles.list -o C:/TEMP/THOG-xtensa/test/bin/tie_dev1/Debug/test -mlsp=sim --xtensa-system=C:/Logiciels/Xtensa/XtDevTools/install/builds/RF-2015.2-win32/tie_dev1/config --xtensa-core=tie_dev1 --xtensa-params= 
Time taken: 318 ms 

******* Code size summary *****

C:\Logiciels\Xtensa\XtDevTools\install\tools\RF-2015.2-win32\XtensaTools\bin\xt-size -C C:/TEMP/THOG-xtensa/test/bin/tie_dev1/Debug/test 
TYPE   	   text	 rodata	   data	    bss	    dec    hex	filename
code   	  90734	      0	     39	      0	  90773	  16295	C:/TEMP/THOG-xtensa/test/bin/tie_dev1/Debug/test
literal	   2108	      0	      0	      0	   2108	    83c	C:/TEMP/THOG-xtensa/test/bin/tie_dev1/Debug/test
other  	   3262	      0	  29661	   3600	  36523	   8eab	C:/TEMP/THOG-xtensa/test/bin/tie_dev1/Debug/test
Total  	  96104	      0	  29700	   3600	 129404	  1f97c	C:/TEMP/THOG-xtensa/test/bin/tie_dev1/Debug/test

Time taken: 94 ms 

******* ************** *****

Build successful !!
Total time taken: 8.136 secs
**** Build Finished [mar., 28 mars 2017 13:48:39] ****
**** Incremental Build [mar., 28 mars 2017 13:48:58] ****
 Project: test
 Configuration: tie_dev1
 Build Target: Debug
********************************

Nothing to build.
Total time taken: 0.016 secs
**** Build Finished [mar., 28 mars 2017 13:48:58] ****
**** Incremental Build [mar., 28 mars 2017 13:49:27] ****
 Project: test
 Configuration: tie_dev1
 Build Target: Debug
********************************

Nothing to build.
Total time taken: 0.0 secs
**** Build Finished [mar., 28 mars 2017 13:49:27] ****
**** Incremental Build [mar., 28 mars 2017 13:51:19] ****
 Project: test
 Configuration: tie_dev1
 Build Target: Debug
********************************

Nothing to build.
Total time taken: 0.016 secs
**** Build Finished [mar., 28 mars 2017 13:51:19] ****
**** Incremental Build [mar., 28 mars 2017 13:51:58] ****
 Project: test
 Configuration: tie_dev1
 Build Target: Debug
********************************

Nothing to build.
Total time taken: 0.015 secs
**** Build Finished [mar., 28 mars 2017 13:51:58] ****
**** Incremental Build [mar., 28 mars 2017 13:54:26] ****
 Project: test
 Configuration: tie_dev1
 Build Target: Debug
********************************

Nothing to build.
Total time taken: 0.0 secs
**** Build Finished [mar., 28 mars 2017 13:54:26] ****
**** Incremental Build [mar., 28 mars 2017 13:55:44] ****
 Project: test
 Configuration: tie_dev1
 Build Target: Debug
********************************

Nothing to build.
Total time taken: 0.016 secs
**** Build Finished [mar., 28 mars 2017 13:55:44] ****
**** Incremental Build [mar., 28 mars 2017 13:59:16] ****
 Project: test
 Configuration: tie_dev1
 Build Target: Debug
********************************

Nothing to build.
Total time taken: 0.0 secs
**** Build Finished [mar., 28 mars 2017 13:59:16] ****
**** Incremental Build [mar., 28 mars 2017 14:06:40] ****
 Project: test
 Configuration: tie_dev1
 Build Target: Debug
********************************

Nothing to build.
Total time taken: 0.0 secs
**** Build Finished [mar., 28 mars 2017 14:06:40] ****
**** Incremental Build [mar., 28 mars 2017 14:11:05] ****
 Project: test
 Configuration: tie_dev1
 Build Target: Debug
********************************

Nothing to build.
Total time taken: 0.0 secs
**** Build Finished [mar., 28 mars 2017 14:11:05] ****
**** Incremental Build [mar., 28 mars 2017 14:12:13] ****
 Project: test
 Configuration: tie_dev1
 Build Target: Debug
********************************

C:\Logiciels\Xtensa\XtDevTools\install\tools\RF-2015.2-win32\XtensaTools\bin\xt-xcc -c -g -O0 -fmessage-length=0 -I "C:/TEMP/THOG-xtensa/test" -DPROC_tie_dev1 -DCONFIG_tie_dev1 --xtensa-system=C:/Logiciels/Xtensa/XtDevTools/install/builds/RF-2015.2-win32/tie_dev1/config --xtensa-core=tie_dev1 --xtensa-params= "C:/TEMP/THOG-life/src/detection.cpp" -o "C:/TEMP/THOG-xtensa/test/bin/tie_dev1/Debug/detection.o" 
Time taken: 7382 ms 

C:\Logiciels\Xtensa\XtDevTools\install\tools\RF-2015.2-win32\XtensaTools\bin\xt-xc++ -Wl,@C:/TEMP/THOG-xtensa/test/bin/tie_dev1/Debug/objfiles.list -o C:/TEMP/THOG-xtensa/test/bin/tie_dev1/Debug/test.minsize -mlsp=sim -Wl,-r -nostdlib --xtensa-system=C:/Logiciels/Xtensa/XtDevTools/install/builds/RF-2015.2-win32/tie_dev1/config --xtensa-core=tie_dev1 --xtensa-params= 
Time taken: 94 ms 

C:\Logiciels\Xtensa\XtDevTools\install\tools\RF-2015.2-win32\XtensaTools\bin\xt-xc++ -Wl,@C:/TEMP/THOG-xtensa/test/bin/tie_dev1/Debug/objfiles.list -o C:/TEMP/THOG-xtensa/test/bin/tie_dev1/Debug/test -mlsp=sim --xtensa-system=C:/Logiciels/Xtensa/XtDevTools/install/builds/RF-2015.2-win32/tie_dev1/config --xtensa-core=tie_dev1 --xtensa-params= 
Time taken: 407 ms 

******* Code size summary *****

C:\Logiciels\Xtensa\XtDevTools\install\tools\RF-2015.2-win32\XtensaTools\bin\xt-size -C C:/TEMP/THOG-xtensa/test/bin/tie_dev1/Debug/test 
TYPE   	   text	 rodata	   data	    bss	    dec    hex	filename
code   	  90725	      0	     39	      0	  90764	  1628c	C:/TEMP/THOG-xtensa/test/bin/tie_dev1/Debug/test
literal	   2108	      0	      0	      0	   2108	    83c	C:/TEMP/THOG-xtensa/test/bin/tie_dev1/Debug/test
other  	   3263	      0	  29661	   3600	  36524	   8eac	C:/TEMP/THOG-xtensa/test/bin/tie_dev1/Debug/test
Total  	  96096	      0	  29700	   3600	 129396	  1f974	C:/TEMP/THOG-xtensa/test/bin/tie_dev1/Debug/test

Time taken: 110 ms 

******* ************** *****

Build successful !!
Total time taken: 8.679 secs
**** Build Finished [mar., 28 mars 2017 14:12:22] ****
**** Incremental Build [mar., 28 mars 2017 14:12:26] ****
 Project: test
 Configuration: tie_dev1
 Build Target: Debug
********************************

Nothing to build.
Total time taken: 0.016 secs
**** Build Finished [mar., 28 mars 2017 14:12:26] ****
**** Incremental Build [mar., 28 mars 2017 14:16:36] ****
 Project: test
 Configuration: tie_dev1
 Build Target: Debug
********************************

C:\Logiciels\Xtensa\XtDevTools\install\tools\RF-2015.2-win32\XtensaTools\bin\xt-xcc -c -g -O0 -fmessage-length=0 -I "C:/TEMP/THOG-xtensa/test" -DPROC_tie_dev1 -DCONFIG_tie_dev1 --xtensa-system=C:/Logiciels/Xtensa/XtDevTools/install/builds/RF-2015.2-win32/tie_dev1/config --xtensa-core=tie_dev1 --xtensa-params= "C:/TEMP/THOG-life/src/detection.cpp" -o "C:/TEMP/THOG-xtensa/test/bin/tie_dev1/Debug/detection.o" 
Time taken: 7266 ms 

C:\Logiciels\Xtensa\XtDevTools\install\tools\RF-2015.2-win32\XtensaTools\bin\xt-xc++ -Wl,@C:/TEMP/THOG-xtensa/test/bin/tie_dev1/Debug/objfiles.list -o C:/TEMP/THOG-xtensa/test/bin/tie_dev1/Debug/test.minsize -mlsp=sim -Wl,-r -nostdlib --xtensa-system=C:/Logiciels/Xtensa/XtDevTools/install/builds/RF-2015.2-win32/tie_dev1/config --xtensa-core=tie_dev1 --xtensa-params= 
Time taken: 94 ms 

C:\Logiciels\Xtensa\XtDevTools\install\tools\RF-2015.2-win32\XtensaTools\bin\xt-xc++ -Wl,@C:/TEMP/THOG-xtensa/test/bin/tie_dev1/Debug/objfiles.list -o C:/TEMP/THOG-xtensa/test/bin/tie_dev1/Debug/test -mlsp=sim --xtensa-system=C:/Logiciels/Xtensa/XtDevTools/install/builds/RF-2015.2-win32/tie_dev1/config --xtensa-core=tie_dev1 --xtensa-params= 
Time taken: 344 ms 

******* Code size summary *****

C:\Logiciels\Xtensa\XtDevTools\install\tools\RF-2015.2-win32\XtensaTools\bin\xt-size -C C:/TEMP/THOG-xtensa/test/bin/tie_dev1/Debug/test 
TYPE   	   text	 rodata	   data	    bss	    dec    hex	filename
code   	  90713	      0	     39	      0	  90752	  16280	C:/TEMP/THOG-xtensa/test/bin/tie_dev1/Debug/test
literal	   2108	      0	      0	      0	   2108	    83c	C:/TEMP/THOG-xtensa/test/bin/tie_dev1/Debug/test
other  	   3267	      0	  29661	   3600	  36528	   8eb0	C:/TEMP/THOG-xtensa/test/bin/tie_dev1/Debug/test
Total  	  96088	      0	  29700	   3600	 129388	  1f96c	C:/TEMP/THOG-xtensa/test/bin/tie_dev1/Debug/test

Time taken: 94 ms 

******* ************** *****

Build successful !!
Total time taken: 8.095 secs
**** Build Finished [mar., 28 mars 2017 14:16:44] ****
**** Incremental Build [mar., 28 mars 2017 14:16:55] ****
 Project: test
 Configuration: tie_dev1
 Build Target: Debug
********************************

Nothing to build.
Total time taken: 0.016 secs
**** Build Finished [mar., 28 mars 2017 14:16:55] ****
**** Incremental Build [mar., 28 mars 2017 14:22:41] ****
 Project: test
 Configuration: tie_dev1
 Build Target: Debug
********************************

C:\Logiciels\Xtensa\XtDevTools\install\tools\RF-2015.2-win32\XtensaTools\bin\xt-xcc -c -g -O0 -fmessage-length=0 -I "C:/TEMP/THOG-xtensa/test" -DPROC_tie_dev1 -DCONFIG_tie_dev1 --xtensa-system=C:/Logiciels/Xtensa/XtDevTools/install/builds/RF-2015.2-win32/tie_dev1/config --xtensa-core=tie_dev1 --xtensa-params= "C:/TEMP/THOG-life/src/detection.cpp" -o "C:/TEMP/THOG-xtensa/test/bin/tie_dev1/Debug/detection.o" 
Time taken: 7266 ms 

C:\Logiciels\Xtensa\XtDevTools\install\tools\RF-2015.2-win32\XtensaTools\bin\xt-xc++ -Wl,@C:/TEMP/THOG-xtensa/test/bin/tie_dev1/Debug/objfiles.list -o C:/TEMP/THOG-xtensa/test/bin/tie_dev1/Debug/test.minsize -mlsp=sim -Wl,-r -nostdlib --xtensa-system=C:/Logiciels/Xtensa/XtDevTools/install/builds/RF-2015.2-win32/tie_dev1/config --xtensa-core=tie_dev1 --xtensa-params= 
Time taken: 94 ms 

C:\Logiciels\Xtensa\XtDevTools\install\tools\RF-2015.2-win32\XtensaTools\bin\xt-xc++ -Wl,@C:/TEMP/THOG-xtensa/test/bin/tie_dev1/Debug/objfiles.list -o C:/TEMP/THOG-xtensa/test/bin/tie_dev1/Debug/test -mlsp=sim --xtensa-system=C:/Logiciels/Xtensa/XtDevTools/install/builds/RF-2015.2-win32/tie_dev1/config --xtensa-core=tie_dev1 --xtensa-params= 
Time taken: 344 ms 

******* Code size summary *****

C:\Logiciels\Xtensa\XtDevTools\install\tools\RF-2015.2-win32\XtensaTools\bin\xt-size -C C:/TEMP/THOG-xtensa/test/bin/tie_dev1/Debug/test 
TYPE   	   text	 rodata	   data	    bss	    dec    hex	filename
code   	  90737	      0	     39	      0	  90776	  16298	C:/TEMP/THOG-xtensa/test/bin/tie_dev1/Debug/test
literal	   2124	      0	      0	      0	   2124	    84c	C:/TEMP/THOG-xtensa/test/bin/tie_dev1/Debug/test
other  	   3267	      0	  29821	   3600	  36688	   8f50	C:/TEMP/THOG-xtensa/test/bin/tie_dev1/Debug/test
Total  	  96128	      0	  29860	   3600	 129588	  1fa34	C:/TEMP/THOG-xtensa/test/bin/tie_dev1/Debug/test

Time taken: 94 ms 

******* ************** *****

Build successful !!
Total time taken: 8.11 secs
**** Build Finished [mar., 28 mars 2017 14:22:49] ****
**** Incremental Build [mar., 28 mars 2017 14:22:55] ****
 Project: test
 Configuration: tie_dev1
 Build Target: Debug
********************************

Nothing to build.
Total time taken: 0.0 secs
**** Build Finished [mar., 28 mars 2017 14:22:55] ****
**** Incremental Build [mar., 28 mars 2017 14:23:54] ****
 Project: test
 Configuration: tie_dev1
 Build Target: Debug
********************************

Nothing to build.
Total time taken: 0.0 secs
**** Build Finished [mar., 28 mars 2017 14:23:54] ****
**** Incremental Build [mar., 28 mars 2017 14:23:56] ****
 Project: test
 Configuration: tie_dev1
 Build Target: Debug
********************************

Nothing to build.
Total time taken: 0.016 secs
**** Build Finished [mar., 28 mars 2017 14:23:56] ****
**** Incremental Build [mar., 28 mars 2017 14:31:26] ****
 Project: test
 Configuration: tie_dev1
 Build Target: Debug
********************************

Nothing to build.
Total time taken: 0.0 secs
**** Build Finished [mar., 28 mars 2017 14:31:26] ****
**** Incremental Build [mar., 28 mars 2017 14:38:55] ****
 Project: test
 Configuration: tie_dev1
 Build Target: Debug
********************************

Nothing to build.
Total time taken: 0.0 secs
**** Build Finished [mar., 28 mars 2017 14:38:55] ****
**** Incremental Build [mar., 28 mars 2017 14:39:45] ****
 Project: test
 Configuration: tie_dev1
 Build Target: Debug
********************************

C:\Logiciels\Xtensa\XtDevTools\install\tools\RF-2015.2-win32\XtensaTools\bin\xt-xcc -c -g -O0 -fmessage-length=0 -I "C:/TEMP/THOG-xtensa/test" -DPROC_tie_dev1 -DCONFIG_tie_dev1 --xtensa-system=C:/Logiciels/Xtensa/XtDevTools/install/builds/RF-2015.2-win32/tie_dev1/config --xtensa-core=tie_dev1 --xtensa-params= "C:/TEMP/THOG-life/src/detection.cpp" -o "C:/TEMP/THOG-xtensa/test/bin/tie_dev1/Debug/detection.o" 
Time taken: 7281 ms 

C:\Logiciels\Xtensa\XtDevTools\install\tools\RF-2015.2-win32\XtensaTools\bin\xt-xcc -c -g -O0 -fmessage-length=0 -I "C:/TEMP/THOG-xtensa/test" -DPROC_tie_dev1 -DCONFIG_tie_dev1 --xtensa-system=C:/Logiciels/Xtensa/XtDevTools/install/builds/RF-2015.2-win32/tie_dev1/config --xtensa-core=tie_dev1 --xtensa-params= "C:/TEMP/THOG-life/src/hog.cpp" -o "C:/TEMP/THOG-xtensa/test/bin/tie_dev1/Debug/hog.o" 
C:/TEMP/THOG-life/src/hog.cpp: In constructor 'SVM::SVM(std::string)':
C:/TEMP/THOG-life/src/hog.cpp:446: warning: cannot pass objects of non-POD type 'struct std::string' through '...'; call will abort at runtime
Time taken: 7344 ms 

C:\Logiciels\Xtensa\XtDevTools\install\tools\RF-2015.2-win32\XtensaTools\bin\xt-xc++ -Wl,@C:/TEMP/THOG-xtensa/test/bin/tie_dev1/Debug/objfiles.list -o C:/TEMP/THOG-xtensa/test/bin/tie_dev1/Debug/test.minsize -mlsp=sim -Wl,-r -nostdlib --xtensa-system=C:/Logiciels/Xtensa/XtDevTools/install/builds/RF-2015.2-win32/tie_dev1/config --xtensa-core=tie_dev1 --xtensa-params= 
Time taken: 94 ms 

C:\Logiciels\Xtensa\XtDevTools\install\tools\RF-2015.2-win32\XtensaTools\bin\xt-xc++ -Wl,@C:/TEMP/THOG-xtensa/test/bin/tie_dev1/Debug/objfiles.list -o C:/TEMP/THOG-xtensa/test/bin/tie_dev1/Debug/test -mlsp=sim --xtensa-system=C:/Logiciels/Xtensa/XtDevTools/install/builds/RF-2015.2-win32/tie_dev1/config --xtensa-core=tie_dev1 --xtensa-params= 
Time taken: 344 ms 

******* Code size summary *****

C:\Logiciels\Xtensa\XtDevTools\install\tools\RF-2015.2-win32\XtensaTools\bin\xt-size -C C:/TEMP/THOG-xtensa/test/bin/tie_dev1/Debug/test 
TYPE   	   text	 rodata	   data	    bss	    dec    hex	filename
code   	  90773	      0	     39	      0	  90812	  162bc	C:/TEMP/THOG-xtensa/test/bin/tie_dev1/Debug/test
literal	   2124	      0	      0	      0	   2124	    84c	C:/TEMP/THOG-xtensa/test/bin/tie_dev1/Debug/test
other  	   3263	      0	  29821	   3600	  36684	   8f4c	C:/TEMP/THOG-xtensa/test/bin/tie_dev1/Debug/test
Total  	  96160	      0	  29860	   3600	 129620	  1fa54	C:/TEMP/THOG-xtensa/test/bin/tie_dev1/Debug/test

Time taken: 93 ms 

******* ************** *****

Build successful !!
Total time taken: 8.241 secs
**** Build Finished [mar., 28 mars 2017 14:39:53] ****
**** Incremental Build [mar., 28 mars 2017 14:40:20] ****
 Project: test
 Configuration: tie_dev1
 Build Target: Debug
********************************

Nothing to build.
Total time taken: 0.016 secs
**** Build Finished [mar., 28 mars 2017 14:40:20] ****
**** Incremental Build [mar., 28 mars 2017 14:46:41] ****
 Project: test
 Configuration: tie_dev1
 Build Target: Debug
********************************

Nothing to build.
Total time taken: 0.0 secs
**** Build Finished [mar., 28 mars 2017 14:46:41] ****
**** Incremental Build [mar., 28 mars 2017 17:36:21] ****
 Project: test
 Configuration: tie_dev1
 Build Target: Debug
********************************

C:\Logiciels\Xtensa\XtDevTools\install\tools\RF-2015.2-win32\XtensaTools\bin\xt-xcc -c -g -O0 -fmessage-length=0 -I "C:/TEMP/THOG-xtensa/test" -DPROC_tie_dev1 -DCONFIG_tie_dev1 --xtensa-system=C:/Logiciels/Xtensa/XtDevTools/install/builds/RF-2015.2-win32/tie_dev1/config --xtensa-core=tie_dev1 --xtensa-params= "C:/TEMP/THOG-life/src/detection.cpp" -o "C:/TEMP/THOG-xtensa/test/bin/tie_dev1/Debug/detection.o" 
Time taken: 7346 ms 

C:\Logiciels\Xtensa\XtDevTools\install\tools\RF-2015.2-win32\XtensaTools\bin\xt-xc++ -Wl,@C:/TEMP/THOG-xtensa/test/bin/tie_dev1/Debug/objfiles.list -o C:/TEMP/THOG-xtensa/test/bin/tie_dev1/Debug/test.minsize -mlsp=sim -Wl,-r -nostdlib --xtensa-system=C:/Logiciels/Xtensa/XtDevTools/install/builds/RF-2015.2-win32/tie_dev1/config --xtensa-core=tie_dev1 --xtensa-params= 
Time taken: 87 ms 

C:\Logiciels\Xtensa\XtDevTools\install\tools\RF-2015.2-win32\XtensaTools\bin\xt-xc++ -Wl,@C:/TEMP/THOG-xtensa/test/bin/tie_dev1/Debug/objfiles.list -o C:/TEMP/THOG-xtensa/test/bin/tie_dev1/Debug/test -mlsp=sim --xtensa-system=C:/Logiciels/Xtensa/XtDevTools/install/builds/RF-2015.2-win32/tie_dev1/config --xtensa-core=tie_dev1 --xtensa-params= 
Time taken: 375 ms 

******* Code size summary *****

C:\Logiciels\Xtensa\XtDevTools\install\tools\RF-2015.2-win32\XtensaTools\bin\xt-size -C C:/TEMP/THOG-xtensa/test/bin/tie_dev1/Debug/test 
TYPE   	   text	 rodata	   data	    bss	    dec    hex	filename
code   	  90742	      0	     39	      0	  90781	  1629d	C:/TEMP/THOG-xtensa/test/bin/tie_dev1/Debug/test
literal	   2124	      0	      0	      0	   2124	    84c	C:/TEMP/THOG-xtensa/test/bin/tie_dev1/Debug/test
other  	   3262	      0	  29821	   3600	  36683	   8f4b	C:/TEMP/THOG-xtensa/test/bin/tie_dev1/Debug/test
Total  	  96128	      0	  29860	   3600	 129588	  1fa34	C:/TEMP/THOG-xtensa/test/bin/tie_dev1/Debug/test

Time taken: 75 ms 

******* ************** *****

Build successful !!
Total time taken: 8.274 secs
**** Build Finished [mar., 28 mars 2017 17:36:30] ****
**** Incremental Build [dim., 2 avr. 2017 13:46:33] ****
 Project: test
 Configuration: tie_dev1
 Build Target: Debug
********************************

C:\Logiciels\Xtensa\XtDevTools\install\tools\RF-2015.2-win32\XtensaTools\bin\xt-xcc -c -g -O0 -fmessage-length=0 -I "C:/TEMP/THOG-xtensa/test" -DPROC_tie_dev1 -DCONFIG_tie_dev1 --xtensa-system=C:/Logiciels/Xtensa/XtDevTools/install/builds/RF-2015.2-win32/tie_dev1/config --xtensa-core=tie_dev1 --xtensa-params= "C:/TEMP/THOG-life/src/hog.cpp" -o "C:/TEMP/THOG-xtensa/test/bin/tie_dev1/Debug/hog.o" 
C:/TEMP/THOG-life/src/hog.cpp: In member function 'void HOG::calculate_cells()':
C:/TEMP/THOG-life/src/hog.cpp:150: error: no matching function for call to 'Histogram::calculate_hist(long unsigned int*, unsigned char*, unsigned int&)'
C:/TEMP/THOG-life/src/hog.hpp:25: note: candidates are: void Histogram::calculate_hist(const float*, const float*, int)
C:/TEMP/THOG-life/src/hog.cpp: At global scope:
C:/TEMP/THOG-life/src/hog.cpp:271: error: prototype for 'void Histogram::calculate_hist(const long unsigned int*, const unsigned char*, int)' does not match any in class 'Histogram'
C:/TEMP/THOG-life/src/hog.hpp:25: error: candidate is: void Histogram::calculate_hist(const float*, const float*, int)
C:/TEMP/THOG-life/src/hog.cpp: In constructor 'SVM::SVM(std::string)':
C:/TEMP/THOG-life/src/hog.cpp:447: warning: cannot pass objects of non-POD type 'struct std::string' through '...'; call will abort at runtime
Time taken: 406 ms 

C:\Logiciels\Xtensa\XtDevTools\install\tools\RF-2015.2-win32\XtensaTools\bin\xt-xcc -c -g -O0 -fmessage-length=0 -I "C:/TEMP/THOG-xtensa/test" -DPROC_tie_dev1 -DCONFIG_tie_dev1 --xtensa-system=C:/Logiciels/Xtensa/XtDevTools/install/builds/RF-2015.2-win32/tie_dev1/config --xtensa-core=tie_dev1 --xtensa-params= "C:/TEMP/THOG-life/src/detection.cpp" -o "C:/TEMP/THOG-xtensa/test/bin/tie_dev1/Debug/detection.o" 
Time taken: 8957 ms 

C:\Logiciels\Xtensa\XtDevTools\install\tools\RF-2015.2-win32\XtensaTools\bin\xt-xcc -c -g -O0 -fmessage-length=0 -I "C:/TEMP/THOG-xtensa/test" -DPROC_tie_dev1 -DCONFIG_tie_dev1 --xtensa-system=C:/Logiciels/Xtensa/XtDevTools/install/builds/RF-2015.2-win32/tie_dev1/config --xtensa-core=tie_dev1 --xtensa-params= "C:/TEMP/THOG-life/src/image.cpp" -o "C:/TEMP/THOG-xtensa/test/bin/tie_dev1/Debug/image.o" 
Time taken: 8957 ms 

Build error encountered... cannot continue further.
Total time taken: 9.774 secs
**** Build Finished [dim., 2 avr. 2017 13:46:42] ****
**** Incremental Build [dim., 2 avr. 2017 13:48:46] ****
 Project: test
 Configuration: tie_dev1
 Build Target: Debug
********************************

C:\Logiciels\Xtensa\XtDevTools\install\tools\RF-2015.2-win32\XtensaTools\bin\xt-xcc -c -g -O0 -fmessage-length=0 -I "C:/TEMP/THOG-xtensa/test" -DPROC_tie_dev1 -DCONFIG_tie_dev1 --xtensa-system=C:/Logiciels/Xtensa/XtDevTools/install/builds/RF-2015.2-win32/tie_dev1/config --xtensa-core=tie_dev1 --xtensa-params= "C:/TEMP/THOG-life/src/hog.cpp" -o "C:/TEMP/THOG-xtensa/test/bin/tie_dev1/Debug/hog.o" 
C:/TEMP/THOG-life/src/hog.cpp: In member function 'void HOG::calculate_cells()':
C:/TEMP/THOG-life/src/hog.cpp:150: error: no matching function for call to 'Histogram::calculate_hist(long unsigned int*, unsigned char*, unsigned int&)'
C:/TEMP/THOG-life/src/hog.hpp:25: note: candidates are: void Histogram::calculate_hist(const float*, const float*, int)
C:/TEMP/THOG-life/src/hog.cpp: At global scope:
C:/TEMP/THOG-life/src/hog.cpp:271: error: prototype for 'void Histogram::calculate_hist(const long unsigned int*, const unsigned char*, int)' does not match any in class 'Histogram'
C:/TEMP/THOG-life/src/hog.hpp:25: error: candidate is: void Histogram::calculate_hist(const float*, const float*, int)
C:/TEMP/THOG-life/src/hog.cpp: In constructor 'SVM::SVM(std::string)':
C:/TEMP/THOG-life/src/hog.cpp:447: warning: cannot pass objects of non-POD type 'struct std::string' through '...'; call will abort at runtime
Time taken: 266 ms 

C:\Logiciels\Xtensa\XtDevTools\install\tools\RF-2015.2-win32\XtensaTools\bin\xt-xcc -c -g -O0 -fmessage-length=0 -I "C:/TEMP/THOG-xtensa/test" -DPROC_tie_dev1 -DCONFIG_tie_dev1 --xtensa-system=C:/Logiciels/Xtensa/XtDevTools/install/builds/RF-2015.2-win32/tie_dev1/config --xtensa-core=tie_dev1 --xtensa-params= "C:/TEMP/THOG-life/src/image.cpp" -o "C:/TEMP/THOG-xtensa/test/bin/tie_dev1/Debug/image.o" 
Time taken: 7361 ms 

C:\Logiciels\Xtensa\XtDevTools\install\tools\RF-2015.2-win32\XtensaTools\bin\xt-xcc -c -g -O0 -fmessage-length=0 -I "C:/TEMP/THOG-xtensa/test" -DPROC_tie_dev1 -DCONFIG_tie_dev1 --xtensa-system=C:/Logiciels/Xtensa/XtDevTools/install/builds/RF-2015.2-win32/tie_dev1/config --xtensa-core=tie_dev1 --xtensa-params= "C:/TEMP/THOG-life/src/detection.cpp" -o "C:/TEMP/THOG-xtensa/test/bin/tie_dev1/Debug/detection.o" 
Time taken: 7361 ms 

Build error encountered... cannot continue further.
Total time taken: 7.877 secs
**** Build Finished [dim., 2 avr. 2017 13:48:54] ****
**** Incremental Build [dim., 2 avr. 2017 13:51:44] ****
 Project: test
 Configuration: tie_dev1
 Build Target: Debug
********************************

C:\Logiciels\Xtensa\XtDevTools\install\tools\RF-2015.2-win32\XtensaTools\bin\xt-xcc -c -g -O0 -fmessage-length=0 -I "C:/TEMP/THOG-xtensa/test" -DPROC_tie_dev1 -DCONFIG_tie_dev1 --xtensa-system=C:/Logiciels/Xtensa/XtDevTools/install/builds/RF-2015.2-win32/tie_dev1/config --xtensa-core=tie_dev1 --xtensa-params= "C:/TEMP/THOG-life/src/hog.cpp" -o "C:/TEMP/THOG-xtensa/test/bin/tie_dev1/Debug/hog.o" 
C:/TEMP/THOG-life/src/hog.cpp: In constructor 'SVM::SVM(std::string)':
C:/TEMP/THOG-life/src/hog.cpp:446: warning: cannot pass objects of non-POD type 'struct std::string' through '...'; call will abort at runtime
Time taken: 7532 ms 

C:\Logiciels\Xtensa\XtDevTools\install\tools\RF-2015.2-win32\XtensaTools\bin\xt-xc++ -Wl,@C:/TEMP/THOG-xtensa/test/bin/tie_dev1/Debug/objfiles.list -o C:/TEMP/THOG-xtensa/test/bin/tie_dev1/Debug/test.minsize -mlsp=sim -Wl,-r -nostdlib --xtensa-system=C:/Logiciels/Xtensa/XtDevTools/install/builds/RF-2015.2-win32/tie_dev1/config --xtensa-core=tie_dev1 --xtensa-params= 
Time taken: 266 ms 

C:\Logiciels\Xtensa\XtDevTools\install\tools\RF-2015.2-win32\XtensaTools\bin\xt-xc++ -Wl,@C:/TEMP/THOG-xtensa/test/bin/tie_dev1/Debug/objfiles.list -o C:/TEMP/THOG-xtensa/test/bin/tie_dev1/Debug/test -mlsp=sim --xtensa-system=C:/Logiciels/Xtensa/XtDevTools/install/builds/RF-2015.2-win32/tie_dev1/config --xtensa-core=tie_dev1 --xtensa-params= 
Time taken: 936 ms 

******* Code size summary *****

C:\Logiciels\Xtensa\XtDevTools\install\tools\RF-2015.2-win32\XtensaTools\bin\xt-size -C C:/TEMP/THOG-xtensa/test/bin/tie_dev1/Debug/test 
TYPE   	   text	 rodata	   data	    bss	    dec    hex	filename
code   	  90742	      0	     39	      0	  90781	  1629d	C:/TEMP/THOG-xtensa/test/bin/tie_dev1/Debug/test
literal	   2124	      0	      0	      0	   2124	    84c	C:/TEMP/THOG-xtensa/test/bin/tie_dev1/Debug/test
other  	   3262	      0	  29821	   3600	  36683	   8f4b	C:/TEMP/THOG-xtensa/test/bin/tie_dev1/Debug/test
Total  	  96128	      0	  29860	   3600	 129588	  1fa34	C:/TEMP/THOG-xtensa/test/bin/tie_dev1/Debug/test

Time taken: 125 ms 

******* ************** *****

Build successful !!
Total time taken: 9.186 secs
**** Build Finished [dim., 2 avr. 2017 13:51:53] ****
**** Incremental Build [dim., 2 avr. 2017 14:43:32] ****
 Project: test
 Configuration: tie_dev1
 Build Target: Debug
********************************
Compiling TIE source(s) attached to configuration "tie_dev1" ...

C:/Logiciels/Xtensa/XtDevTools/install/tools/RF-2015.2-win32/XtensaTools/bin/tc --xtensa-system=C:/Logiciels/Xtensa/XtDevTools/install/builds/RF-2015.2-win32/tie_dev1/config --xtensa-core=tie_dev1 -d C:/TEMP/THOG-xtensa/XtensaInfo/Models/tie_dev1.tdk  -libdebug -Y -noerrformat  -name first_tie C:\TEMP\THOG-xtensa\XtensaInfo\TIEFiles\first_tie.tie

0 error(s), 0 warning(s) 0 message(s)
Time taken: 97209 ms 

C:\Logiciels\Xtensa\XtDevTools\install\tools\RF-2015.2-win32\XtensaTools\bin\xt-xcc -c -g -O0 -fmessage-length=0 -I "C:/TEMP/THOG-xtensa/XtensaInfo/Models/tie_dev1.tdk" -I "C:/TEMP/THOG-xtensa/test" -DPROC_tie_dev1 -DCONFIG_tie_dev1 --xtensa-system=C:/Logiciels/Xtensa/XtDevTools/install/builds/RF-2015.2-win32/tie_dev1/config --xtensa-core=tie_dev1 --xtensa-params=C:/TEMP/THOG-xtensa/XtensaInfo/Models/tie_dev1.tdk "C:/TEMP/THOG-life/src/hog.cpp" -o "C:/TEMP/THOG-xtensa/test/bin/tie_dev1/Debug/hog.o" 
C:/TEMP/THOG-life/src/hog.cpp: In member function 'bool HogWindow::detect(const SVM*)':
C:/TEMP/THOG-life/src/hog.cpp:427: error: 'tie_add' was not declared in this scope
C:/TEMP/THOG-life/src/hog.cpp: In constructor 'SVM::SVM(std::string)':
C:/TEMP/THOG-life/src/hog.cpp:447: warning: cannot pass objects of non-POD type 'struct std::string' through '...'; call will abort at runtime
Time taken: 282 ms 

C:\Logiciels\Xtensa\XtDevTools\install\tools\RF-2015.2-win32\XtensaTools\bin\xt-xcc -c -g -O0 -fmessage-length=0 -I "C:/TEMP/THOG-xtensa/XtensaInfo/Models/tie_dev1.tdk" -I "C:/TEMP/THOG-xtensa/test" -DPROC_tie_dev1 -DCONFIG_tie_dev1 --xtensa-system=C:/Logiciels/Xtensa/XtDevTools/install/builds/RF-2015.2-win32/tie_dev1/config --xtensa-core=tie_dev1 --xtensa-params=C:/TEMP/THOG-xtensa/XtensaInfo/Models/tie_dev1.tdk "C:/TEMP/THOG-life/src/image.cpp" -o "C:/TEMP/THOG-xtensa/test/bin/tie_dev1/Debug/image.o" 
Time taken: 2844 ms 

C:\Logiciels\Xtensa\XtDevTools\install\tools\RF-2015.2-win32\XtensaTools\bin\xt-xcc -c -g -O0 -fmessage-length=0 -I "C:/TEMP/THOG-xtensa/XtensaInfo/Models/tie_dev1.tdk" -I "C:/TEMP/THOG-xtensa/test" -DPROC_tie_dev1 -DCONFIG_tie_dev1 --xtensa-system=C:/Logiciels/Xtensa/XtDevTools/install/builds/RF-2015.2-win32/tie_dev1/config --xtensa-core=tie_dev1 --xtensa-params=C:/TEMP/THOG-xtensa/XtensaInfo/Models/tie_dev1.tdk "C:/TEMP/THOG-life/src/detection.cpp" -o "C:/TEMP/THOG-xtensa/test/bin/tie_dev1/Debug/detection.o" 
Time taken: 2969 ms 

Build error encountered... cannot continue further.
Total time taken: 100.814 secs
**** Build Finished [dim., 2 avr. 2017 14:45:12] ****
**** Incremental Build [dim., 2 avr. 2017 14:51:03] ****
 Project: test
 Configuration: tie_dev1
 Build Target: Debug
********************************

C:\Logiciels\Xtensa\XtDevTools\install\tools\RF-2015.2-win32\XtensaTools\bin\xt-xcc -c -g -O0 -fmessage-length=0 -I "C:/TEMP/THOG-xtensa/XtensaInfo/Models/tie_dev1.tdk" -I "C:/TEMP/THOG-xtensa/test" -DPROC_tie_dev1 -DCONFIG_tie_dev1 --xtensa-system=C:/Logiciels/Xtensa/XtDevTools/install/builds/RF-2015.2-win32/tie_dev1/config --xtensa-core=tie_dev1 --xtensa-params=C:/TEMP/THOG-xtensa/XtensaInfo/Models/tie_dev1.tdk "C:/TEMP/THOG-life/src/hog.cpp" -o "C:/TEMP/THOG-xtensa/test/bin/tie_dev1/Debug/hog.o" 
C:/TEMP/THOG-life/src/hog.cpp: In member function 'bool HogWindow::detect(const SVM*)':
C:/TEMP/THOG-life/src/hog.cpp:427: error: 'tie_add' was not declared in this scope
C:/TEMP/THOG-life/src/hog.cpp: In constructor 'SVM::SVM(std::string)':
C:/TEMP/THOG-life/src/hog.cpp:447: warning: cannot pass objects of non-POD type 'struct std::string' through '...'; call will abort at runtime
Time taken: 282 ms 

C:\Logiciels\Xtensa\XtDevTools\install\tools\RF-2015.2-win32\XtensaTools\bin\xt-xcc -c -g -O0 -fmessage-length=0 -I "C:/TEMP/THOG-xtensa/XtensaInfo/Models/tie_dev1.tdk" -I "C:/TEMP/THOG-xtensa/test" -DPROC_tie_dev1 -DCONFIG_tie_dev1 --xtensa-system=C:/Logiciels/Xtensa/XtDevTools/install/builds/RF-2015.2-win32/tie_dev1/config --xtensa-core=tie_dev1 --xtensa-params=C:/TEMP/THOG-xtensa/XtensaInfo/Models/tie_dev1.tdk "C:/TEMP/THOG-life/src/image.cpp" -o "C:/TEMP/THOG-xtensa/test/bin/tie_dev1/Debug/image.o" 
Time taken: 7449 ms 

C:\Logiciels\Xtensa\XtDevTools\install\tools\RF-2015.2-win32\XtensaTools\bin\xt-xcc -c -g -O0 -fmessage-length=0 -I "C:/TEMP/THOG-xtensa/XtensaInfo/Models/tie_dev1.tdk" -I "C:/TEMP/THOG-xtensa/test" -DPROC_tie_dev1 -DCONFIG_tie_dev1 --xtensa-system=C:/Logiciels/Xtensa/XtDevTools/install/builds/RF-2015.2-win32/tie_dev1/config --xtensa-core=tie_dev1 --xtensa-params=C:/TEMP/THOG-xtensa/XtensaInfo/Models/tie_dev1.tdk "C:/TEMP/THOG-life/src/detection.cpp" -o "C:/TEMP/THOG-xtensa/test/bin/tie_dev1/Debug/detection.o" 
Time taken: 7449 ms 

Build error encountered... cannot continue further.
Total time taken: 8.198 secs
**** Build Finished [dim., 2 avr. 2017 14:51:11] ****
**** Incremental Build [dim., 2 avr. 2017 14:55:10] ****
 Project: test
 Configuration: tie_dev1
 Build Target: Debug
********************************

C:\Logiciels\Xtensa\XtDevTools\install\tools\RF-2015.2-win32\XtensaTools\bin\xt-xcc -c -g -O0 -fmessage-length=0 -I "C:/TEMP/THOG-xtensa/XtensaInfo/Models/tie_dev1.tdk" -I "C:/TEMP/THOG-xtensa/test" -DPROC_tie_dev1 -DCONFIG_tie_dev1 --xtensa-system=C:/Logiciels/Xtensa/XtDevTools/install/builds/RF-2015.2-win32/tie_dev1/config --xtensa-core=tie_dev1 --xtensa-params=C:/TEMP/THOG-xtensa/XtensaInfo/Models/tie_dev1.tdk "C:/TEMP/THOG-life/src/hog.cpp" -o "C:/TEMP/THOG-xtensa/test/bin/tie_dev1/Debug/hog.o" 
C:/TEMP/THOG-life/src/hog.cpp: In constructor 'SVM::SVM(std::string)':
C:/TEMP/THOG-life/src/hog.cpp:447: warning: cannot pass objects of non-POD type 'struct std::string' through '...'; call will abort at runtime
Time taken: 7571 ms 

C:\Logiciels\Xtensa\XtDevTools\install\tools\RF-2015.2-win32\XtensaTools\bin\xt-xc++ -Wl,@C:/TEMP/THOG-xtensa/test/bin/tie_dev1/Debug/objfiles.list -o C:/TEMP/THOG-xtensa/test/bin/tie_dev1/Debug/test.minsize -mlsp=sim -Wl,-r -nostdlib --xtensa-system=C:/Logiciels/Xtensa/XtDevTools/install/builds/RF-2015.2-win32/tie_dev1/config --xtensa-core=tie_dev1 --xtensa-params=C:/TEMP/THOG-xtensa/XtensaInfo/Models/tie_dev1.tdk 
Time taken: 94 ms 

C:\Logiciels\Xtensa\XtDevTools\install\tools\RF-2015.2-win32\XtensaTools\bin\xt-xc++ -Wl,@C:/TEMP/THOG-xtensa/test/bin/tie_dev1/Debug/objfiles.list -o C:/TEMP/THOG-xtensa/test/bin/tie_dev1/Debug/test -mlsp=sim --xtensa-system=C:/Logiciels/Xtensa/XtDevTools/install/builds/RF-2015.2-win32/tie_dev1/config --xtensa-core=tie_dev1 --xtensa-params=C:/TEMP/THOG-xtensa/XtensaInfo/Models/tie_dev1.tdk 
Time taken: 469 ms 

******* Code size summary *****

C:\Logiciels\Xtensa\XtDevTools\install\tools\RF-2015.2-win32\XtensaTools\bin\xt-size -C C:/TEMP/THOG-xtensa/test/bin/tie_dev1/Debug/test 
TYPE   	   text	 rodata	   data	    bss	    dec    hex	filename
code   	  90872	      0	     39	      0	  90911	  1631f	C:/TEMP/THOG-xtensa/test/bin/tie_dev1/Debug/test
literal	   2124	      0	      0	      0	   2124	    84c	C:/TEMP/THOG-xtensa/test/bin/tie_dev1/Debug/test
other  	   3268	      0	  29821	   3600	  36689	   8f51	C:/TEMP/THOG-xtensa/test/bin/tie_dev1/Debug/test
Total  	  96264	      0	  29860	   3600	 129724	  1fabc	C:/TEMP/THOG-xtensa/test/bin/tie_dev1/Debug/test

Time taken: 93 ms 

******* ************** *****

Build successful !!
Total time taken: 8.839 secs
**** Build Finished [dim., 2 avr. 2017 14:55:19] ****
**** Incremental Build [dim., 2 avr. 2017 15:01:29] ****
 Project: test
 Configuration: tie_dev1
 Build Target: Debug
********************************

C:\Logiciels\Xtensa\XtDevTools\install\tools\RF-2015.2-win32\XtensaTools\bin\xt-xcc -c -g -O0 -fmessage-length=0 -I "C:/TEMP/THOG-xtensa/XtensaInfo/Models/tie_dev1.tdk" -I "C:/TEMP/THOG-xtensa/test" -DPROC_tie_dev1 -DCONFIG_tie_dev1 --xtensa-system=C:/Logiciels/Xtensa/XtDevTools/install/builds/RF-2015.2-win32/tie_dev1/config --xtensa-core=tie_dev1 --xtensa-params=C:/TEMP/THOG-xtensa/XtensaInfo/Models/tie_dev1.tdk "C:/TEMP/THOG-life/src/detection.cpp" -o "C:/TEMP/THOG-xtensa/test/bin/tie_dev1/Debug/detection.o" 
Time taken: 7418 ms 

C:\Logiciels\Xtensa\XtDevTools\install\tools\RF-2015.2-win32\XtensaTools\bin\xt-xc++ -Wl,@C:/TEMP/THOG-xtensa/test/bin/tie_dev1/Debug/objfiles.list -o C:/TEMP/THOG-xtensa/test/bin/tie_dev1/Debug/test.minsize -mlsp=sim -Wl,-r -nostdlib --xtensa-system=C:/Logiciels/Xtensa/XtDevTools/install/builds/RF-2015.2-win32/tie_dev1/config --xtensa-core=tie_dev1 --xtensa-params=C:/TEMP/THOG-xtensa/XtensaInfo/Models/tie_dev1.tdk 
Time taken: 110 ms 

C:\Logiciels\Xtensa\XtDevTools\install\tools\RF-2015.2-win32\XtensaTools\bin\xt-xc++ -Wl,@C:/TEMP/THOG-xtensa/test/bin/tie_dev1/Debug/objfiles.list -o C:/TEMP/THOG-xtensa/test/bin/tie_dev1/Debug/test -mlsp=sim --xtensa-system=C:/Logiciels/Xtensa/XtDevTools/install/builds/RF-2015.2-win32/tie_dev1/config --xtensa-core=tie_dev1 --xtensa-params=C:/TEMP/THOG-xtensa/XtensaInfo/Models/tie_dev1.tdk 
Time taken: 547 ms 

******* Code size summary *****

C:\Logiciels\Xtensa\XtDevTools\install\tools\RF-2015.2-win32\XtensaTools\bin\xt-size -C C:/TEMP/THOG-xtensa/test/bin/tie_dev1/Debug/test 
TYPE   	   text	 rodata	   data	    bss	    dec    hex	filename
code   	  90872	      0	     39	      0	  90911	  1631f	C:/TEMP/THOG-xtensa/test/bin/tie_dev1/Debug/test
literal	   2124	      0	      0	      0	   2124	    84c	C:/TEMP/THOG-xtensa/test/bin/tie_dev1/Debug/test
other  	   3268	      0	  29821	   3600	  36689	   8f51	C:/TEMP/THOG-xtensa/test/bin/tie_dev1/Debug/test
Total  	  96264	      0	  29860	   3600	 129724	  1fabc	C:/TEMP/THOG-xtensa/test/bin/tie_dev1/Debug/test

Time taken: 93 ms 

******* ************** *****

Build successful !!
Total time taken: 8.793 secs
**** Build Finished [dim., 2 avr. 2017 15:01:38] ****
**** Incremental Build [dim., 2 avr. 2017 15:11:58] ****
 Project: test
 Configuration: tie_dev1
 Build Target: Debug
********************************

C:\Logiciels\Xtensa\XtDevTools\install\tools\RF-2015.2-win32\XtensaTools\bin\xt-xcc -c -g -O0 -fmessage-length=0 -I "C:/TEMP/THOG-xtensa/XtensaInfo/Models/tie_dev1.tdk" -I "C:/TEMP/THOG-xtensa/test" -DPROC_tie_dev1 -DCONFIG_tie_dev1 --xtensa-system=C:/Logiciels/Xtensa/XtDevTools/install/builds/RF-2015.2-win32/tie_dev1/config --xtensa-core=tie_dev1 --xtensa-params=C:/TEMP/THOG-xtensa/XtensaInfo/Models/tie_dev1.tdk "C:/TEMP/THOG-life/src/hog.cpp" -o "C:/TEMP/THOG-xtensa/test/bin/tie_dev1/Debug/hog.o" 
C:/TEMP/THOG-life/src/hog.cpp: In constructor 'SVM::SVM(std::string)':
C:/TEMP/THOG-life/src/hog.cpp:449: warning: cannot pass objects of non-POD type 'struct std::string' through '...'; call will abort at runtime
Time taken: 7549 ms 

C:\Logiciels\Xtensa\XtDevTools\install\tools\RF-2015.2-win32\XtensaTools\bin\xt-xc++ -Wl,@C:/TEMP/THOG-xtensa/test/bin/tie_dev1/Debug/objfiles.list -o C:/TEMP/THOG-xtensa/test/bin/tie_dev1/Debug/test.minsize -mlsp=sim -Wl,-r -nostdlib --xtensa-system=C:/Logiciels/Xtensa/XtDevTools/install/builds/RF-2015.2-win32/tie_dev1/config --xtensa-core=tie_dev1 --xtensa-params=C:/TEMP/THOG-xtensa/XtensaInfo/Models/tie_dev1.tdk 
Time taken: 110 ms 

C:\Logiciels\Xtensa\XtDevTools\install\tools\RF-2015.2-win32\XtensaTools\bin\xt-xc++ -Wl,@C:/TEMP/THOG-xtensa/test/bin/tie_dev1/Debug/objfiles.list -o C:/TEMP/THOG-xtensa/test/bin/tie_dev1/Debug/test -mlsp=sim --xtensa-system=C:/Logiciels/Xtensa/XtDevTools/install/builds/RF-2015.2-win32/tie_dev1/config --xtensa-core=tie_dev1 --xtensa-params=C:/TEMP/THOG-xtensa/XtensaInfo/Models/tie_dev1.tdk 
Time taken: 422 ms 

******* Code size summary *****

C:\Logiciels\Xtensa\XtDevTools\install\tools\RF-2015.2-win32\XtensaTools\bin\xt-size -C C:/TEMP/THOG-xtensa/test/bin/tie_dev1/Debug/test 
TYPE   	   text	 rodata	   data	    bss	    dec    hex	filename
code   	  90874	      0	     39	      0	  90913	  16321	C:/TEMP/THOG-xtensa/test/bin/tie_dev1/Debug/test
literal	   2124	      0	      0	      0	   2124	    84c	C:/TEMP/THOG-xtensa/test/bin/tie_dev1/Debug/test
other  	   3266	      0	  29821	   3600	  36687	   8f4f	C:/TEMP/THOG-xtensa/test/bin/tie_dev1/Debug/test
Total  	  96264	      0	  29860	   3600	 129724	  1fabc	C:/TEMP/THOG-xtensa/test/bin/tie_dev1/Debug/test

Time taken: 94 ms 

******* ************** *****

Build successful !!
Total time taken: 8.799 secs
**** Build Finished [dim., 2 avr. 2017 15:12:07] ****
**** Incremental Build [dim., 2 avr. 2017 15:14:59] ****
 Project: test
 Configuration: tie_dev1
 Build Target: Debug
********************************

C:\Logiciels\Xtensa\XtDevTools\install\tools\RF-2015.2-win32\XtensaTools\bin\xt-xcc -c -g -O0 -fmessage-length=0 -I "C:/TEMP/THOG-xtensa/XtensaInfo/Models/tie_dev1.tdk" -I "C:/TEMP/THOG-xtensa/test" -DPROC_tie_dev1 -DCONFIG_tie_dev1 --xtensa-system=C:/Logiciels/Xtensa/XtDevTools/install/builds/RF-2015.2-win32/tie_dev1/config --xtensa-core=tie_dev1 --xtensa-params=C:/TEMP/THOG-xtensa/XtensaInfo/Models/tie_dev1.tdk "C:/TEMP/THOG-life/src/hog.cpp" -o "C:/TEMP/THOG-xtensa/test/bin/tie_dev1/Debug/hog.o" 
C:/TEMP/THOG-life/src/hog.cpp: In constructor 'SVM::SVM(std::string)':
C:/TEMP/THOG-life/src/hog.cpp:449: warning: cannot pass objects of non-POD type 'struct std::string' through '...'; call will abort at runtime
Time taken: 7608 ms 

C:\Logiciels\Xtensa\XtDevTools\install\tools\RF-2015.2-win32\XtensaTools\bin\xt-xc++ -Wl,@C:/TEMP/THOG-xtensa/test/bin/tie_dev1/Debug/objfiles.list -o C:/TEMP/THOG-xtensa/test/bin/tie_dev1/Debug/test.minsize -mlsp=sim -Wl,-r -nostdlib --xtensa-system=C:/Logiciels/Xtensa/XtDevTools/install/builds/RF-2015.2-win32/tie_dev1/config --xtensa-core=tie_dev1 --xtensa-params=C:/TEMP/THOG-xtensa/XtensaInfo/Models/tie_dev1.tdk 
Time taken: 109 ms 

C:\Logiciels\Xtensa\XtDevTools\install\tools\RF-2015.2-win32\XtensaTools\bin\xt-xc++ -Wl,@C:/TEMP/THOG-xtensa/test/bin/tie_dev1/Debug/objfiles.list -o C:/TEMP/THOG-xtensa/test/bin/tie_dev1/Debug/test -mlsp=sim --xtensa-system=C:/Logiciels/Xtensa/XtDevTools/install/builds/RF-2015.2-win32/tie_dev1/config --xtensa-core=tie_dev1 --xtensa-params=C:/TEMP/THOG-xtensa/XtensaInfo/Models/tie_dev1.tdk 
Time taken: 422 ms 

******* Code size summary *****

C:\Logiciels\Xtensa\XtDevTools\install\tools\RF-2015.2-win32\XtensaTools\bin\xt-size -C C:/TEMP/THOG-xtensa/test/bin/tie_dev1/Debug/test 
TYPE   	   text	 rodata	   data	    bss	    dec    hex	filename
code   	  90773	      0	     39	      0	  90812	  162bc	C:/TEMP/THOG-xtensa/test/bin/tie_dev1/Debug/test
literal	   2124	      0	      0	      0	   2124	    84c	C:/TEMP/THOG-xtensa/test/bin/tie_dev1/Debug/test
other  	   3263	      0	  29821	   3600	  36684	   8f4c	C:/TEMP/THOG-xtensa/test/bin/tie_dev1/Debug/test
Total  	  96160	      0	  29860	   3600	 129620	  1fa54	C:/TEMP/THOG-xtensa/test/bin/tie_dev1/Debug/test

Time taken: 109 ms 

******* ************** *****

Build successful !!
Total time taken: 8.842 secs
**** Build Finished [dim., 2 avr. 2017 15:15:07] ****
**** Incremental Build [dim., 2 avr. 2017 15:27:35] ****
 Project: test
 Configuration: tie_dev1
 Build Target: Debug
********************************
Compiling TIE source(s) attached to configuration "tie_dev1" ...

C:/Logiciels/Xtensa/XtDevTools/install/tools/RF-2015.2-win32/XtensaTools/bin/tc --xtensa-system=C:/Logiciels/Xtensa/XtDevTools/install/builds/RF-2015.2-win32/tie_dev1/config --xtensa-core=tie_dev1 -d C:/TEMP/THOG-xtensa/XtensaInfo/Models/tie_dev1.tdk  -libdebug -Y -noerrformat  -name first_tie C:\TEMP\THOG-xtensa\XtensaInfo\TIEFiles\first_tie.tie
Command canceled

Operation canceled by user...
Total time taken: 3.37 secs
**** Build Finished [dim., 2 avr. 2017 15:27:38] ****
**** Incremental Build [dim., 2 avr. 2017 15:28:03] ****
 Project: test
 Configuration: tie_dev1
 Build Target: Debug
********************************
Compiling TIE source(s) attached to configuration "tie_dev1" ...

Build error encountered... cannot continue further.
Total time taken: 0.016 secs
**** Build Finished [dim., 2 avr. 2017 15:28:03] ****
**** Incremental Build [dim., 2 avr. 2017 15:28:10] ****
 Project: test
 Configuration: tie_dev1
 Build Target: Debug
********************************
Compiling TIE source(s) attached to configuration "tie_dev1" ...

C:/Logiciels/Xtensa/XtDevTools/install/tools/RF-2015.2-win32/XtensaTools/bin/tc --xtensa-system=C:/Logiciels/Xtensa/XtDevTools/install/builds/RF-2015.2-win32/tie_dev1/config --xtensa-core=tie_dev1 -d C:/TEMP/THOG-xtensa/XtensaInfo/Models/tie_dev1.tdk  -libdebug -Y -noerrformat  -name first_tie C:\TEMP\THOG-xtensa\XtensaInfo\TIEFiles\first_tie.tie
Command canceled

Operation canceled by user...
Total time taken: 29.548 secs
**** Build Finished [dim., 2 avr. 2017 15:28:40] ****
**** Incremental Build [dim., 2 avr. 2017 15:31:50] ****
 Project: test
 Configuration: tie_dev1
 Build Target: Debug
********************************

C:\Logiciels\Xtensa\XtDevTools\install\tools\RF-2015.2-win32\XtensaTools\bin\xt-xcc -c -g -O0 -fmessage-length=0 -I "C:/TEMP/THOG-xtensa/XtensaInfo/Models/tie_dev1.tdk" -I "C:/TEMP/THOG-xtensa/test" -DPROC_tie_dev1 -DCONFIG_tie_dev1 --xtensa-system=C:/Logiciels/Xtensa/XtDevTools/install/builds/RF-2015.2-win32/tie_dev1/config --xtensa-core=tie_dev1 --xtensa-params=C:/TEMP/THOG-xtensa/XtensaInfo/Models/tie_dev1.tdk "C:/TEMP/THOG-life/src/detection.cpp" -o "C:/TEMP/THOG-xtensa/test/bin/tie_dev1/Debug/detection.o" 
Command canceled

Operation canceled by user...
Total time taken: 4.047 secs
**** Build Finished [dim., 2 avr. 2017 15:31:54] ****
**** Incremental Build [dim., 2 avr. 2017 15:32:58] ****
 Project: test
 Configuration: tie_dev1
 Build Target: Debug
********************************

C:\Logiciels\Xtensa\XtDevTools\install\tools\RF-2015.2-win32\XtensaTools\bin\xt-xcc -c -g -O0 -fmessage-length=0 -I "C:/TEMP/THOG-xtensa/XtensaInfo/Models/tie_dev1.tdk" -I "C:/TEMP/THOG-xtensa/test" -DPROC_tie_dev1 -DCONFIG_tie_dev1 --xtensa-system=C:/Logiciels/Xtensa/XtDevTools/install/builds/RF-2015.2-win32/tie_dev1/config --xtensa-core=tie_dev1 --xtensa-params=C:/TEMP/THOG-xtensa/XtensaInfo/Models/tie_dev1.tdk "C:/TEMP/THOG-life/src/image.cpp" -o "C:/TEMP/THOG-xtensa/test/bin/tie_dev1/Debug/image.o" 
Time taken: 7429 ms 

C:\Logiciels\Xtensa\XtDevTools\install\tools\RF-2015.2-win32\XtensaTools\bin\xt-xcc -c -g -O0 -fmessage-length=0 -I "C:/TEMP/THOG-xtensa/XtensaInfo/Models/tie_dev1.tdk" -I "C:/TEMP/THOG-xtensa/test" -DPROC_tie_dev1 -DCONFIG_tie_dev1 --xtensa-system=C:/Logiciels/Xtensa/XtDevTools/install/builds/RF-2015.2-win32/tie_dev1/config --xtensa-core=tie_dev1 --xtensa-params=C:/TEMP/THOG-xtensa/XtensaInfo/Models/tie_dev1.tdk "C:/TEMP/THOG-life/src/detection.cpp" -o "C:/TEMP/THOG-xtensa/test/bin/tie_dev1/Debug/detection.o" 
Time taken: 7491 ms 

C:\Logiciels\Xtensa\XtDevTools\install\tools\RF-2015.2-win32\XtensaTools\bin\xt-xcc -c -g -O0 -fmessage-length=0 -I "C:/TEMP/THOG-xtensa/XtensaInfo/Models/tie_dev1.tdk" -I "C:/TEMP/THOG-xtensa/test" -DPROC_tie_dev1 -DCONFIG_tie_dev1 --xtensa-system=C:/Logiciels/Xtensa/XtDevTools/install/builds/RF-2015.2-win32/tie_dev1/config --xtensa-core=tie_dev1 --xtensa-params=C:/TEMP/THOG-xtensa/XtensaInfo/Models/tie_dev1.tdk "C:/TEMP/THOG-life/src/hog.cpp" -o "C:/TEMP/THOG-xtensa/test/bin/tie_dev1/Debug/hog.o" 
C:/TEMP/THOG-life/src/hog.cpp: In constructor 'SVM::SVM(std::string)':
C:/TEMP/THOG-life/src/hog.cpp:449: warning: cannot pass objects of non-POD type 'struct std::string' through '...'; call will abort at runtime
Time taken: 7580 ms 

C:\Logiciels\Xtensa\XtDevTools\install\tools\RF-2015.2-win32\XtensaTools\bin\xt-xc++ -Wl,@C:/TEMP/THOG-xtensa/test/bin/tie_dev1/Debug/objfiles.list -o C:/TEMP/THOG-xtensa/test/bin/tie_dev1/Debug/test.minsize -mlsp=sim -Wl,-r -nostdlib --xtensa-system=C:/Logiciels/Xtensa/XtDevTools/install/builds/RF-2015.2-win32/tie_dev1/config --xtensa-core=tie_dev1 --xtensa-params=C:/TEMP/THOG-xtensa/XtensaInfo/Models/tie_dev1.tdk 
Time taken: 110 ms 

C:\Logiciels\Xtensa\XtDevTools\install\tools\RF-2015.2-win32\XtensaTools\bin\xt-xc++ -Wl,@C:/TEMP/THOG-xtensa/test/bin/tie_dev1/Debug/objfiles.list -o C:/TEMP/THOG-xtensa/test/bin/tie_dev1/Debug/test -mlsp=sim --xtensa-system=C:/Logiciels/Xtensa/XtDevTools/install/builds/RF-2015.2-win32/tie_dev1/config --xtensa-core=tie_dev1 --xtensa-params=C:/TEMP/THOG-xtensa/XtensaInfo/Models/tie_dev1.tdk 
Time taken: 485 ms 

******* Code size summary *****

C:\Logiciels\Xtensa\XtDevTools\install\tools\RF-2015.2-win32\XtensaTools\bin\xt-size -C C:/TEMP/THOG-xtensa/test/bin/tie_dev1/Debug/test 
TYPE   	   text	 rodata	   data	    bss	    dec    hex	filename
code   	  90773	      0	     39	      0	  90812	  162bc	C:/TEMP/THOG-xtensa/test/bin/tie_dev1/Debug/test
literal	   2124	      0	      0	      0	   2124	    84c	C:/TEMP/THOG-xtensa/test/bin/tie_dev1/Debug/test
other  	   3263	      0	  29821	   3600	  36684	   8f4c	C:/TEMP/THOG-xtensa/test/bin/tie_dev1/Debug/test
Total  	  96160	      0	  29860	   3600	 129620	  1fa54	C:/TEMP/THOG-xtensa/test/bin/tie_dev1/Debug/test

Time taken: 94 ms 

******* ************** *****

Build successful !!
Total time taken: 9.335 secs
**** Build Finished [dim., 2 avr. 2017 15:33:07] ****
**** Incremental Build [dim., 2 avr. 2017 15:33:48] ****
 Project: test
 Configuration: tie_dev1
 Build Target: Debug
********************************

C:\Logiciels\Xtensa\XtDevTools\install\tools\RF-2015.2-win32\XtensaTools\bin\xt-xcc -c -g -O0 -fmessage-length=0 -I "C:/TEMP/THOG-xtensa/XtensaInfo/Models/tie_dev1.tdk" -I "C:/TEMP/THOG-xtensa/test" -DPROC_tie_dev1 -DCONFIG_tie_dev1 --xtensa-system=C:/Logiciels/Xtensa/XtDevTools/install/builds/RF-2015.2-win32/tie_dev1/config --xtensa-core=tie_dev1 --xtensa-params=C:/TEMP/THOG-xtensa/XtensaInfo/Models/tie_dev1.tdk "C:/TEMP/THOG-life/src/hog.cpp" -o "C:/TEMP/THOG-xtensa/test/bin/tie_dev1/Debug/hog.o" 
C:/TEMP/THOG-life/src/hog.cpp: In constructor 'SVM::SVM(std::string)':
C:/TEMP/THOG-life/src/hog.cpp:449: warning: cannot pass objects of non-POD type 'struct std::string' through '...'; call will abort at runtime
Time taken: 657 ms 

C:\Logiciels\Xtensa\XtDevTools\install\tools\RF-2015.2-win32\XtensaTools\bin\xt-xc++ -Wl,@C:/TEMP/THOG-xtensa/test/bin/tie_dev1/Debug/objfiles.list -o C:/TEMP/THOG-xtensa/test/bin/tie_dev1/Debug/test.minsize -mlsp=sim -Wl,-r -nostdlib --xtensa-system=C:/Logiciels/Xtensa/XtDevTools/install/builds/RF-2015.2-win32/tie_dev1/config --xtensa-core=tie_dev1 --xtensa-params=C:/TEMP/THOG-xtensa/XtensaInfo/Models/tie_dev1.tdk 
Time taken: 94 ms 

C:\Logiciels\Xtensa\XtDevTools\install\tools\RF-2015.2-win32\XtensaTools\bin\xt-xc++ -Wl,@C:/TEMP/THOG-xtensa/test/bin/tie_dev1/Debug/objfiles.list -o C:/TEMP/THOG-xtensa/test/bin/tie_dev1/Debug/test -mlsp=sim --xtensa-system=C:/Logiciels/Xtensa/XtDevTools/install/builds/RF-2015.2-win32/tie_dev1/config --xtensa-core=tie_dev1 --xtensa-params=C:/TEMP/THOG-xtensa/XtensaInfo/Models/tie_dev1.tdk 
Time taken: 469 ms 

******* Code size summary *****

C:\Logiciels\Xtensa\XtDevTools\install\tools\RF-2015.2-win32\XtensaTools\bin\xt-size -C C:/TEMP/THOG-xtensa/test/bin/tie_dev1/Debug/test 
TYPE   	   text	 rodata	   data	    bss	    dec    hex	filename
code   	  90874	      0	     39	      0	  90913	  16321	C:/TEMP/THOG-xtensa/test/bin/tie_dev1/Debug/test
literal	   2124	      0	      0	      0	   2124	    84c	C:/TEMP/THOG-xtensa/test/bin/tie_dev1/Debug/test
other  	   3266	      0	  29821	   3600	  36687	   8f4f	C:/TEMP/THOG-xtensa/test/bin/tie_dev1/Debug/test
Total  	  96264	      0	  29860	   3600	 129724	  1fabc	C:/TEMP/THOG-xtensa/test/bin/tie_dev1/Debug/test

Time taken: 82 ms 

******* ************** *****

Build successful !!
Total time taken: 1.91 secs
**** Build Finished [dim., 2 avr. 2017 15:33:50] ****
**** Incremental Build [dim., 2 avr. 2017 15:39:09] ****
 Project: test
 Configuration: tie_dev1
 Build Target: Debug
********************************

C:\Logiciels\Xtensa\XtDevTools\install\tools\RF-2015.2-win32\XtensaTools\bin\xt-xcc -c -g -O0 -fmessage-length=0 -I "C:/TEMP/THOG-xtensa/XtensaInfo/Models/tie_dev1.tdk" -I "C:/TEMP/THOG-xtensa/test" -DPROC_tie_dev1 -DCONFIG_tie_dev1 --xtensa-system=C:/Logiciels/Xtensa/XtDevTools/install/builds/RF-2015.2-win32/tie_dev1/config --xtensa-core=tie_dev1 --xtensa-params=C:/TEMP/THOG-xtensa/XtensaInfo/Models/tie_dev1.tdk "C:/TEMP/THOG-life/src/hog.cpp" -o "C:/TEMP/THOG-xtensa/test/bin/tie_dev1/Debug/hog.o" 
C:/TEMP/THOG-life/src/hog.cpp: In constructor 'SVM::SVM(std::string)':
C:/TEMP/THOG-life/src/hog.cpp:449: warning: cannot pass objects of non-POD type 'struct std::string' through '...'; call will abort at runtime
Time taken: 7532 ms 

C:\Logiciels\Xtensa\XtDevTools\install\tools\RF-2015.2-win32\XtensaTools\bin\xt-xc++ -Wl,@C:/TEMP/THOG-xtensa/test/bin/tie_dev1/Debug/objfiles.list -o C:/TEMP/THOG-xtensa/test/bin/tie_dev1/Debug/test.minsize -mlsp=sim -Wl,-r -nostdlib --xtensa-system=C:/Logiciels/Xtensa/XtDevTools/install/builds/RF-2015.2-win32/tie_dev1/config --xtensa-core=tie_dev1 --xtensa-params=C:/TEMP/THOG-xtensa/XtensaInfo/Models/tie_dev1.tdk 
Time taken: 109 ms 

C:\Logiciels\Xtensa\XtDevTools\install\tools\RF-2015.2-win32\XtensaTools\bin\xt-xc++ -Wl,@C:/TEMP/THOG-xtensa/test/bin/tie_dev1/Debug/objfiles.list -o C:/TEMP/THOG-xtensa/test/bin/tie_dev1/Debug/test -mlsp=sim --xtensa-system=C:/Logiciels/Xtensa/XtDevTools/install/builds/RF-2015.2-win32/tie_dev1/config --xtensa-core=tie_dev1 --xtensa-params=C:/TEMP/THOG-xtensa/XtensaInfo/Models/tie_dev1.tdk 
Time taken: 422 ms 

******* Code size summary *****

C:\Logiciels\Xtensa\XtDevTools\install\tools\RF-2015.2-win32\XtensaTools\bin\xt-size -C C:/TEMP/THOG-xtensa/test/bin/tie_dev1/Debug/test 
TYPE   	   text	 rodata	   data	    bss	    dec    hex	filename
code   	  90889	      0	     39	      0	  90928	  16330	C:/TEMP/THOG-xtensa/test/bin/tie_dev1/Debug/test
literal	   2128	      0	      0	      0	   2128	    850	C:/TEMP/THOG-xtensa/test/bin/tie_dev1/Debug/test
other  	   3271	      0	  29821	   3600	  36692	   8f54	C:/TEMP/THOG-xtensa/test/bin/tie_dev1/Debug/test
Total  	  96288	      0	  29860	   3600	 129748	  1fad4	C:/TEMP/THOG-xtensa/test/bin/tie_dev1/Debug/test

Time taken: 93 ms 

******* ************** *****

Build successful !!
Total time taken: 8.756 secs
**** Build Finished [dim., 2 avr. 2017 15:39:18] ****
**** Incremental Build [dim., 2 avr. 2017 15:43:33] ****
 Project: test
 Configuration: tie_dev1
 Build Target: Debug
********************************

C:\Logiciels\Xtensa\XtDevTools\install\tools\RF-2015.2-win32\XtensaTools\bin\xt-xcc -c -g -O0 -fmessage-length=0 -I "C:/TEMP/THOG-xtensa/XtensaInfo/Models/tie_dev1.tdk" -I "C:/TEMP/THOG-xtensa/test" -DPROC_tie_dev1 -DCONFIG_tie_dev1 --xtensa-system=C:/Logiciels/Xtensa/XtDevTools/install/builds/RF-2015.2-win32/tie_dev1/config --xtensa-core=tie_dev1 --xtensa-params=C:/TEMP/THOG-xtensa/XtensaInfo/Models/tie_dev1.tdk "C:/TEMP/THOG-life/src/hog.cpp" -o "C:/TEMP/THOG-xtensa/test/bin/tie_dev1/Debug/hog.o" 
C:/TEMP/THOG-life/src/hog.cpp: In constructor 'SVM::SVM(std::string)':
C:/TEMP/THOG-life/src/hog.cpp:449: warning: cannot pass objects of non-POD type 'struct std::string' through '...'; call will abort at runtime
Time taken: 7585 ms 

C:\Logiciels\Xtensa\XtDevTools\install\tools\RF-2015.2-win32\XtensaTools\bin\xt-xc++ -Wl,@C:/TEMP/THOG-xtensa/test/bin/tie_dev1/Debug/objfiles.list -o C:/TEMP/THOG-xtensa/test/bin/tie_dev1/Debug/test.minsize -mlsp=sim -Wl,-r -nostdlib --xtensa-system=C:/Logiciels/Xtensa/XtDevTools/install/builds/RF-2015.2-win32/tie_dev1/config --xtensa-core=tie_dev1 --xtensa-params=C:/TEMP/THOG-xtensa/XtensaInfo/Models/tie_dev1.tdk 
Time taken: 109 ms 

C:\Logiciels\Xtensa\XtDevTools\install\tools\RF-2015.2-win32\XtensaTools\bin\xt-xc++ -Wl,@C:/TEMP/THOG-xtensa/test/bin/tie_dev1/Debug/objfiles.list -o C:/TEMP/THOG-xtensa/test/bin/tie_dev1/Debug/test -mlsp=sim --xtensa-system=C:/Logiciels/Xtensa/XtDevTools/install/builds/RF-2015.2-win32/tie_dev1/config --xtensa-core=tie_dev1 --xtensa-params=C:/TEMP/THOG-xtensa/XtensaInfo/Models/tie_dev1.tdk 
Time taken: 484 ms 

Operation canceled by user...
Total time taken: 8.711 secs
**** Build Finished [dim., 2 avr. 2017 15:43:42] ****
**** Incremental Build [dim., 2 avr. 2017 15:43:46] ****
 Project: test
 Configuration: tie_dev1
 Build Target: Debug
********************************

C:\Logiciels\Xtensa\XtDevTools\install\tools\RF-2015.2-win32\XtensaTools\bin\xt-xcc -c -g -O0 -fmessage-length=0 -I "C:/TEMP/THOG-xtensa/XtensaInfo/Models/tie_dev1.tdk" -I "C:/TEMP/THOG-xtensa/test" -DPROC_tie_dev1 -DCONFIG_tie_dev1 --xtensa-system=C:/Logiciels/Xtensa/XtDevTools/install/builds/RF-2015.2-win32/tie_dev1/config --xtensa-core=tie_dev1 --xtensa-params=C:/TEMP/THOG-xtensa/XtensaInfo/Models/tie_dev1.tdk "C:/TEMP/THOG-life/src/hog.cpp" -o "C:/TEMP/THOG-xtensa/test/bin/tie_dev1/Debug/hog.o" 
C:/TEMP/THOG-life/src/hog.cpp: In constructor 'SVM::SVM(std::string)':
C:/TEMP/THOG-life/src/hog.cpp:449: warning: cannot pass objects of non-POD type 'struct std::string' through '...'; call will abort at runtime
Time taken: 593 ms 

C:\Logiciels\Xtensa\XtDevTools\install\tools\RF-2015.2-win32\XtensaTools\bin\xt-xc++ -Wl,@C:/TEMP/THOG-xtensa/test/bin/tie_dev1/Debug/objfiles.list -o C:/TEMP/THOG-xtensa/test/bin/tie_dev1/Debug/test.minsize -mlsp=sim -Wl,-r -nostdlib --xtensa-system=C:/Logiciels/Xtensa/XtDevTools/install/builds/RF-2015.2-win32/tie_dev1/config --xtensa-core=tie_dev1 --xtensa-params=C:/TEMP/THOG-xtensa/XtensaInfo/Models/tie_dev1.tdk 
Time taken: 109 ms 

C:\Logiciels\Xtensa\XtDevTools\install\tools\RF-2015.2-win32\XtensaTools\bin\xt-xc++ -Wl,@C:/TEMP/THOG-xtensa/test/bin/tie_dev1/Debug/objfiles.list -o C:/TEMP/THOG-xtensa/test/bin/tie_dev1/Debug/test -mlsp=sim --xtensa-system=C:/Logiciels/Xtensa/XtDevTools/install/builds/RF-2015.2-win32/tie_dev1/config --xtensa-core=tie_dev1 --xtensa-params=C:/TEMP/THOG-xtensa/XtensaInfo/Models/tie_dev1.tdk 
Time taken: 484 ms 

******* Code size summary *****

C:\Logiciels\Xtensa\XtDevTools\install\tools\RF-2015.2-win32\XtensaTools\bin\xt-size -C C:/TEMP/THOG-xtensa/test/bin/tie_dev1/Debug/test 
TYPE   	   text	 rodata	   data	    bss	    dec    hex	filename
code   	  90870	      0	     39	      0	  90909	  1631d	C:/TEMP/THOG-xtensa/test/bin/tie_dev1/Debug/test
literal	   2128	      0	      0	      0	   2128	    850	C:/TEMP/THOG-xtensa/test/bin/tie_dev1/Debug/test
other  	   3266	      0	  29821	   3600	  36687	   8f4f	C:/TEMP/THOG-xtensa/test/bin/tie_dev1/Debug/test
Total  	  96264	      0	  29860	   3600	 129724	  1fabc	C:/TEMP/THOG-xtensa/test/bin/tie_dev1/Debug/test

Time taken: 109 ms 

******* ************** *****

Build successful !!
Total time taken: 1.875 secs
**** Build Finished [dim., 2 avr. 2017 15:43:48] ****
**** Incremental Build [dim., 2 avr. 2017 15:51:43] ****
 Project: test
 Configuration: tie_dev1
 Build Target: Debug
********************************

C:\Logiciels\Xtensa\XtDevTools\install\tools\RF-2015.2-win32\XtensaTools\bin\xt-xcc -c -g -O0 -fmessage-length=0 -I "C:/TEMP/THOG-xtensa/XtensaInfo/Models/tie_dev1.tdk" -I "C:/TEMP/THOG-xtensa/test" -DPROC_tie_dev1 -DCONFIG_tie_dev1 --xtensa-system=C:/Logiciels/Xtensa/XtDevTools/install/builds/RF-2015.2-win32/tie_dev1/config --xtensa-core=tie_dev1 --xtensa-params=C:/TEMP/THOG-xtensa/XtensaInfo/Models/tie_dev1.tdk "C:/TEMP/THOG-life/src/hog.cpp" -o "C:/TEMP/THOG-xtensa/test/bin/tie_dev1/Debug/hog.o" 
C:/TEMP/THOG-life/src/hog.cpp: In constructor 'SVM::SVM(std::string)':
C:/TEMP/THOG-life/src/hog.cpp:450: warning: cannot pass objects of non-POD type 'struct std::string' through '...'; call will abort at runtime
Time taken: 7524 ms 

C:\Logiciels\Xtensa\XtDevTools\install\tools\RF-2015.2-win32\XtensaTools\bin\xt-xc++ -Wl,@C:/TEMP/THOG-xtensa/test/bin/tie_dev1/Debug/objfiles.list -o C:/TEMP/THOG-xtensa/test/bin/tie_dev1/Debug/test.minsize -mlsp=sim -Wl,-r -nostdlib --xtensa-system=C:/Logiciels/Xtensa/XtDevTools/install/builds/RF-2015.2-win32/tie_dev1/config --xtensa-core=tie_dev1 --xtensa-params=C:/TEMP/THOG-xtensa/XtensaInfo/Models/tie_dev1.tdk 
Time taken: 109 ms 

C:\Logiciels\Xtensa\XtDevTools\install\tools\RF-2015.2-win32\XtensaTools\bin\xt-xc++ -Wl,@C:/TEMP/THOG-xtensa/test/bin/tie_dev1/Debug/objfiles.list -o C:/TEMP/THOG-xtensa/test/bin/tie_dev1/Debug/test -mlsp=sim --xtensa-system=C:/Logiciels/Xtensa/XtDevTools/install/builds/RF-2015.2-win32/tie_dev1/config --xtensa-core=tie_dev1 --xtensa-params=C:/TEMP/THOG-xtensa/XtensaInfo/Models/tie_dev1.tdk 
Time taken: 484 ms 

******* Code size summary *****

C:\Logiciels\Xtensa\XtDevTools\install\tools\RF-2015.2-win32\XtensaTools\bin\xt-size -C C:/TEMP/THOG-xtensa/test/bin/tie_dev1/Debug/test 
TYPE   	   text	 rodata	   data	    bss	    dec    hex	filename
code   	  90874	      0	     39	      0	  90913	  16321	C:/TEMP/THOG-xtensa/test/bin/tie_dev1/Debug/test
literal	   2132	      0	      0	      0	   2132	    854	C:/TEMP/THOG-xtensa/test/bin/tie_dev1/Debug/test
other  	   3266	      0	  29821	   3600	  36687	   8f4f	C:/TEMP/THOG-xtensa/test/bin/tie_dev1/Debug/test
Total  	  96272	      0	  29860	   3600	 129732	  1fac4	C:/TEMP/THOG-xtensa/test/bin/tie_dev1/Debug/test

Time taken: 94 ms 

******* ************** *****

Build successful !!
Total time taken: 8.822 secs
**** Build Finished [dim., 2 avr. 2017 15:51:51] ****
**** Incremental Build [dim., 2 avr. 2017 15:58:40] ****
 Project: test
 Configuration: tie_dev1
 Build Target: Debug
********************************

C:\Logiciels\Xtensa\XtDevTools\install\tools\RF-2015.2-win32\XtensaTools\bin\xt-xcc -c -g -O0 -fmessage-length=0 -I "C:/TEMP/THOG-xtensa/XtensaInfo/Models/tie_dev1.tdk" -I "C:/TEMP/THOG-xtensa/test" -DPROC_tie_dev1 -DCONFIG_tie_dev1 --xtensa-system=C:/Logiciels/Xtensa/XtDevTools/install/builds/RF-2015.2-win32/tie_dev1/config --xtensa-core=tie_dev1 --xtensa-params=C:/TEMP/THOG-xtensa/XtensaInfo/Models/tie_dev1.tdk "C:/TEMP/THOG-life/src/hog.cpp" -o "C:/TEMP/THOG-xtensa/test/bin/tie_dev1/Debug/hog.o" 
C:/TEMP/THOG-life/src/hog.cpp: In member function 'bool HogWindow::detect(const SVM*)':
C:/TEMP/THOG-life/src/hog.cpp:430: error: 'dotProduct2' was not declared in this scope
C:/TEMP/THOG-life/src/hog.cpp: In constructor 'SVM::SVM(std::string)':
C:/TEMP/THOG-life/src/hog.cpp:451: warning: cannot pass objects of non-POD type 'struct std::string' through '...'; call will abort at runtime
Time taken: 235 ms 

Build error encountered... cannot continue further.
Total time taken: 0.739 secs
**** Build Finished [dim., 2 avr. 2017 15:58:41] ****
**** Incremental Build [dim., 2 avr. 2017 15:59:12] ****
 Project: test
 Configuration: tie_dev1
 Build Target: Debug
********************************

C:\Logiciels\Xtensa\XtDevTools\install\tools\RF-2015.2-win32\XtensaTools\bin\xt-xcc -c -g -O0 -fmessage-length=0 -I "C:/TEMP/THOG-xtensa/XtensaInfo/Models/tie_dev1.tdk" -I "C:/TEMP/THOG-xtensa/test" -DPROC_tie_dev1 -DCONFIG_tie_dev1 --xtensa-system=C:/Logiciels/Xtensa/XtDevTools/install/builds/RF-2015.2-win32/tie_dev1/config --xtensa-core=tie_dev1 --xtensa-params=C:/TEMP/THOG-xtensa/XtensaInfo/Models/tie_dev1.tdk "C:/TEMP/THOG-life/src/hog.cpp" -o "C:/TEMP/THOG-xtensa/test/bin/tie_dev1/Debug/hog.o" 
C:/TEMP/THOG-life/src/hog.cpp: In member function 'bool HogWindow::detect(const SVM*)':
C:/TEMP/THOG-life/src/hog.cpp:436: error: 'dotdroduct2' was not declared in this scope
C:/TEMP/THOG-life/src/hog.cpp: In constructor 'SVM::SVM(std::string)':
C:/TEMP/THOG-life/src/hog.cpp:451: warning: cannot pass objects of non-POD type 'struct std::string' through '...'; call will abort at runtime
Time taken: 232 ms 

Build error encountered... cannot continue further.
Total time taken: 0.732 secs
**** Build Finished [dim., 2 avr. 2017 15:59:12] ****
**** Incremental Build [dim., 2 avr. 2017 15:59:20] ****
 Project: test
 Configuration: tie_dev1
 Build Target: Debug
********************************

C:\Logiciels\Xtensa\XtDevTools\install\tools\RF-2015.2-win32\XtensaTools\bin\xt-xcc -c -g -O0 -fmessage-length=0 -I "C:/TEMP/THOG-xtensa/XtensaInfo/Models/tie_dev1.tdk" -I "C:/TEMP/THOG-xtensa/test" -DPROC_tie_dev1 -DCONFIG_tie_dev1 --xtensa-system=C:/Logiciels/Xtensa/XtDevTools/install/builds/RF-2015.2-win32/tie_dev1/config --xtensa-core=tie_dev1 --xtensa-params=C:/TEMP/THOG-xtensa/XtensaInfo/Models/tie_dev1.tdk "C:/TEMP/THOG-life/src/hog.cpp" -o "C:/TEMP/THOG-xtensa/test/bin/tie_dev1/Debug/hog.o" 
C:/TEMP/THOG-life/src/hog.cpp: In constructor 'SVM::SVM(std::string)':
C:/TEMP/THOG-life/src/hog.cpp:451: warning: cannot pass objects of non-POD type 'struct std::string' through '...'; call will abort at runtime
Time taken: 7540 ms 

C:\Logiciels\Xtensa\XtDevTools\install\tools\RF-2015.2-win32\XtensaTools\bin\xt-xc++ -Wl,@C:/TEMP/THOG-xtensa/test/bin/tie_dev1/Debug/objfiles.list -o C:/TEMP/THOG-xtensa/test/bin/tie_dev1/Debug/test.minsize -mlsp=sim -Wl,-r -nostdlib --xtensa-system=C:/Logiciels/Xtensa/XtDevTools/install/builds/RF-2015.2-win32/tie_dev1/config --xtensa-core=tie_dev1 --xtensa-params=C:/TEMP/THOG-xtensa/XtensaInfo/Models/tie_dev1.tdk 
Time taken: 89 ms 

C:\Logiciels\Xtensa\XtDevTools\install\tools\RF-2015.2-win32\XtensaTools\bin\xt-xc++ -Wl,@C:/TEMP/THOG-xtensa/test/bin/tie_dev1/Debug/objfiles.list -o C:/TEMP/THOG-xtensa/test/bin/tie_dev1/Debug/test -mlsp=sim --xtensa-system=C:/Logiciels/Xtensa/XtDevTools/install/builds/RF-2015.2-win32/tie_dev1/config --xtensa-core=tie_dev1 --xtensa-params=C:/TEMP/THOG-xtensa/XtensaInfo/Models/tie_dev1.tdk 
Time taken: 443 ms 

******* Code size summary *****

C:\Logiciels\Xtensa\XtDevTools\install\tools\RF-2015.2-win32\XtensaTools\bin\xt-size -C C:/TEMP/THOG-xtensa/test/bin/tie_dev1/Debug/test 
TYPE   	   text	 rodata	   data	    bss	    dec    hex	filename
code   	  90874	      0	     39	      0	  90913	  16321	C:/TEMP/THOG-xtensa/test/bin/tie_dev1/Debug/test
literal	   2132	      0	      0	      0	   2132	    854	C:/TEMP/THOG-xtensa/test/bin/tie_dev1/Debug/test
other  	   3266	      0	  29821	   3600	  36687	   8f4f	C:/TEMP/THOG-xtensa/test/bin/tie_dev1/Debug/test
Total  	  96272	      0	  29860	   3600	 129732	  1fac4	C:/TEMP/THOG-xtensa/test/bin/tie_dev1/Debug/test

Time taken: 82 ms 

******* ************** *****

Build successful !!
Total time taken: 8.791 secs
**** Build Finished [dim., 2 avr. 2017 15:59:28] ****
**** Incremental Build [dim., 2 avr. 2017 16:27:34] ****
 Project: test
 Configuration: tie_dev1
 Build Target: Debug
********************************

C:\Logiciels\Xtensa\XtDevTools\install\tools\RF-2015.2-win32\XtensaTools\bin\xt-xcc -c -g -O0 -fmessage-length=0 -I "C:/TEMP/THOG-xtensa/XtensaInfo/Models/tie_dev1.tdk" -I "C:/TEMP/THOG-xtensa/test" -DPROC_tie_dev1 -DCONFIG_tie_dev1 --xtensa-system=C:/Logiciels/Xtensa/XtDevTools/install/builds/RF-2015.2-win32/tie_dev1/config --xtensa-core=tie_dev1 --xtensa-params=C:/TEMP/THOG-xtensa/XtensaInfo/Models/tie_dev1.tdk "C:/TEMP/THOG-life/src/hog.cpp" -o "C:/TEMP/THOG-xtensa/test/bin/tie_dev1/Debug/hog.o" 
C:/TEMP/THOG-life/src/hog.cpp: In constructor 'SVM::SVM(std::string)':
C:/TEMP/THOG-life/src/hog.cpp:451: warning: cannot pass objects of non-POD type 'struct std::string' through '...'; call will abort at runtime
Time taken: 7520 ms 

C:\Logiciels\Xtensa\XtDevTools\install\tools\RF-2015.2-win32\XtensaTools\bin\xt-xc++ -Wl,@C:/TEMP/THOG-xtensa/test/bin/tie_dev1/Debug/objfiles.list -o C:/TEMP/THOG-xtensa/test/bin/tie_dev1/Debug/test.minsize -mlsp=sim -Wl,-r -nostdlib --xtensa-system=C:/Logiciels/Xtensa/XtDevTools/install/builds/RF-2015.2-win32/tie_dev1/config --xtensa-core=tie_dev1 --xtensa-params=C:/TEMP/THOG-xtensa/XtensaInfo/Models/tie_dev1.tdk 
Time taken: 89 ms 

C:\Logiciels\Xtensa\XtDevTools\install\tools\RF-2015.2-win32\XtensaTools\bin\xt-xc++ -Wl,@C:/TEMP/THOG-xtensa/test/bin/tie_dev1/Debug/objfiles.list -o C:/TEMP/THOG-xtensa/test/bin/tie_dev1/Debug/test -mlsp=sim --xtensa-system=C:/Logiciels/Xtensa/XtDevTools/install/builds/RF-2015.2-win32/tie_dev1/config --xtensa-core=tie_dev1 --xtensa-params=C:/TEMP/THOG-xtensa/XtensaInfo/Models/tie_dev1.tdk 
Time taken: 488 ms 

******* Code size summary *****

C:\Logiciels\Xtensa\XtDevTools\install\tools\RF-2015.2-win32\XtensaTools\bin\xt-size -C C:/TEMP/THOG-xtensa/test/bin/tie_dev1/Debug/test 
TYPE   	   text	 rodata	   data	    bss	    dec    hex	filename
code   	  90868	      0	     39	      0	  90907	  1631b	C:/TEMP/THOG-xtensa/test/bin/tie_dev1/Debug/test
literal	   2132	      0	      0	      0	   2132	    854	C:/TEMP/THOG-xtensa/test/bin/tie_dev1/Debug/test
other  	   3264	      0	  29821	   3600	  36685	   8f4d	C:/TEMP/THOG-xtensa/test/bin/tie_dev1/Debug/test
Total  	  96264	      0	  29860	   3600	 129724	  1fabc	C:/TEMP/THOG-xtensa/test/bin/tie_dev1/Debug/test

Time taken: 83 ms 

******* ************** *****

Build successful !!
Total time taken: 8.801 secs
**** Build Finished [dim., 2 avr. 2017 16:27:43] ****
**** Incremental Build [dim., 2 avr. 2017 16:42:29] ****
 Project: test
 Configuration: tie_dev1
 Build Target: Debug
********************************

C:\Logiciels\Xtensa\XtDevTools\install\tools\RF-2015.2-win32\XtensaTools\bin\xt-xcc -c -g -O0 -fmessage-length=0 -I "C:/TEMP/THOG-xtensa/XtensaInfo/Models/tie_dev1.tdk" -I "C:/TEMP/THOG-xtensa/test" -DPROC_tie_dev1 -DCONFIG_tie_dev1 --xtensa-system=C:/Logiciels/Xtensa/XtDevTools/install/builds/RF-2015.2-win32/tie_dev1/config --xtensa-core=tie_dev1 --xtensa-params=C:/TEMP/THOG-xtensa/XtensaInfo/Models/tie_dev1.tdk "C:/TEMP/THOG-life/src/image.cpp" -o "C:/TEMP/THOG-xtensa/test/bin/tie_dev1/Debug/image.o" 
Time taken: 7360 ms 

C:\Logiciels\Xtensa\XtDevTools\install\tools\RF-2015.2-win32\XtensaTools\bin\xt-xcc -c -g -O0 -fmessage-length=0 -I "C:/TEMP/THOG-xtensa/XtensaInfo/Models/tie_dev1.tdk" -I "C:/TEMP/THOG-xtensa/test" -DPROC_tie_dev1 -DCONFIG_tie_dev1 --xtensa-system=C:/Logiciels/Xtensa/XtDevTools/install/builds/RF-2015.2-win32/tie_dev1/config --xtensa-core=tie_dev1 --xtensa-params=C:/TEMP/THOG-xtensa/XtensaInfo/Models/tie_dev1.tdk "C:/TEMP/THOG-life/src/detection.cpp" -o "C:/TEMP/THOG-xtensa/test/bin/tie_dev1/Debug/detection.o" 
Time taken: 8650 ms 

C:\Logiciels\Xtensa\XtDevTools\install\tools\RF-2015.2-win32\XtensaTools\bin\xt-xcc -c -g -O0 -fmessage-length=0 -I "C:/TEMP/THOG-xtensa/XtensaInfo/Models/tie_dev1.tdk" -I "C:/TEMP/THOG-xtensa/test" -DPROC_tie_dev1 -DCONFIG_tie_dev1 --xtensa-system=C:/Logiciels/Xtensa/XtDevTools/install/builds/RF-2015.2-win32/tie_dev1/config --xtensa-core=tie_dev1 --xtensa-params=C:/TEMP/THOG-xtensa/XtensaInfo/Models/tie_dev1.tdk "C:/TEMP/THOG-life/src/hog.cpp" -o "C:/TEMP/THOG-xtensa/test/bin/tie_dev1/Debug/hog.o" 
C:/TEMP/THOG-life/src/hog.cpp: In constructor 'SVM::SVM(std::string)':
C:/TEMP/THOG-life/src/hog.cpp:451: warning: cannot pass objects of non-POD type 'struct std::string' through '...'; call will abort at runtime
Time taken: 8903 ms 

C:\Logiciels\Xtensa\XtDevTools\install\tools\RF-2015.2-win32\XtensaTools\bin\xt-xc++ -Wl,@C:/TEMP/THOG-xtensa/test/bin/tie_dev1/Debug/objfiles.list -o C:/TEMP/THOG-xtensa/test/bin/tie_dev1/Debug/test.minsize -mlsp=sim -Wl,-r -nostdlib --xtensa-system=C:/Logiciels/Xtensa/XtDevTools/install/builds/RF-2015.2-win32/tie_dev1/config --xtensa-core=tie_dev1 --xtensa-params=C:/TEMP/THOG-xtensa/XtensaInfo/Models/tie_dev1.tdk 
Time taken: 92 ms 

C:\Logiciels\Xtensa\XtDevTools\install\tools\RF-2015.2-win32\XtensaTools\bin\xt-xc++ -Wl,@C:/TEMP/THOG-xtensa/test/bin/tie_dev1/Debug/objfiles.list -o C:/TEMP/THOG-xtensa/test/bin/tie_dev1/Debug/test -mlsp=sim --xtensa-system=C:/Logiciels/Xtensa/XtDevTools/install/builds/RF-2015.2-win32/tie_dev1/config --xtensa-core=tie_dev1 --xtensa-params=C:/TEMP/THOG-xtensa/XtensaInfo/Models/tie_dev1.tdk 
Time taken: 493 ms 

******* Code size summary *****

C:\Logiciels\Xtensa\XtDevTools\install\tools\RF-2015.2-win32\XtensaTools\bin\xt-size -C C:/TEMP/THOG-xtensa/test/bin/tie_dev1/Debug/test 
TYPE   	   text	 rodata	   data	    bss	    dec    hex	filename
code   	  90875	      0	     39	      0	  90914	  16322	C:/TEMP/THOG-xtensa/test/bin/tie_dev1/Debug/test
literal	   2132	      0	      0	      0	   2132	    854	C:/TEMP/THOG-xtensa/test/bin/tie_dev1/Debug/test
other  	   3265	      0	  29821	   3600	  36686	   8f4e	C:/TEMP/THOG-xtensa/test/bin/tie_dev1/Debug/test
Total  	  96272	      0	  29860	   3600	 129732	  1fac4	C:/TEMP/THOG-xtensa/test/bin/tie_dev1/Debug/test

Time taken: 84 ms 

******* ************** *****

Build successful !!
Total time taken: 10.22 secs
**** Build Finished [dim., 2 avr. 2017 16:42:39] ****
**** Incremental Build [dim., 2 avr. 2017 16:46:22] ****
 Project: test
 Configuration: tie_dev1
 Build Target: Debug
********************************

C:\Logiciels\Xtensa\XtDevTools\install\tools\RF-2015.2-win32\XtensaTools\bin\xt-xcc -c -g -O0 -fmessage-length=0 -I "C:/TEMP/THOG-xtensa/XtensaInfo/Models/tie_dev1.tdk" -I "C:/TEMP/THOG-xtensa/test" -DPROC_tie_dev1 -DCONFIG_tie_dev1 --xtensa-system=C:/Logiciels/Xtensa/XtDevTools/install/builds/RF-2015.2-win32/tie_dev1/config --xtensa-core=tie_dev1 --xtensa-params=C:/TEMP/THOG-xtensa/XtensaInfo/Models/tie_dev1.tdk "C:/TEMP/THOG-life/src/hog.cpp" -o "C:/TEMP/THOG-xtensa/test/bin/tie_dev1/Debug/hog.o" 
C:/TEMP/THOG-life/src/hog.cpp: In constructor 'SVM::SVM(std::string)':
C:/TEMP/THOG-life/src/hog.cpp:451: warning: cannot pass objects of non-POD type 'struct std::string' through '...'; call will abort at runtime
Time taken: 7498 ms 

C:\Logiciels\Xtensa\XtDevTools\install\tools\RF-2015.2-win32\XtensaTools\bin\xt-xc++ -Wl,@C:/TEMP/THOG-xtensa/test/bin/tie_dev1/Debug/objfiles.list -o C:/TEMP/THOG-xtensa/test/bin/tie_dev1/Debug/test.minsize -mlsp=sim -Wl,-r -nostdlib --xtensa-system=C:/Logiciels/Xtensa/XtDevTools/install/builds/RF-2015.2-win32/tie_dev1/config --xtensa-core=tie_dev1 --xtensa-params=C:/TEMP/THOG-xtensa/XtensaInfo/Models/tie_dev1.tdk 
Time taken: 90 ms 

C:\Logiciels\Xtensa\XtDevTools\install\tools\RF-2015.2-win32\XtensaTools\bin\xt-xc++ -Wl,@C:/TEMP/THOG-xtensa/test/bin/tie_dev1/Debug/objfiles.list -o C:/TEMP/THOG-xtensa/test/bin/tie_dev1/Debug/test -mlsp=sim --xtensa-system=C:/Logiciels/Xtensa/XtDevTools/install/builds/RF-2015.2-win32/tie_dev1/config --xtensa-core=tie_dev1 --xtensa-params=C:/TEMP/THOG-xtensa/XtensaInfo/Models/tie_dev1.tdk 
Time taken: 494 ms 

******* Code size summary *****

C:\Logiciels\Xtensa\XtDevTools\install\tools\RF-2015.2-win32\XtensaTools\bin\xt-size -C C:/TEMP/THOG-xtensa/test/bin/tie_dev1/Debug/test 
TYPE   	   text	 rodata	   data	    bss	    dec    hex	filename
code   	  90875	      0	     39	      0	  90914	  16322	C:/TEMP/THOG-xtensa/test/bin/tie_dev1/Debug/test
literal	   2132	      0	      0	      0	   2132	    854	C:/TEMP/THOG-xtensa/test/bin/tie_dev1/Debug/test
other  	   3265	      0	  29821	   3600	  36686	   8f4e	C:/TEMP/THOG-xtensa/test/bin/tie_dev1/Debug/test
Total  	  96272	      0	  29860	   3600	 129732	  1fac4	C:/TEMP/THOG-xtensa/test/bin/tie_dev1/Debug/test

Time taken: 83 ms 

******* ************** *****

Build successful !!
Total time taken: 8.79 secs
**** Build Finished [dim., 2 avr. 2017 16:46:30] ****
**** Incremental Build [dim., 2 avr. 2017 16:56:49] ****
 Project: test
 Configuration: tie_dev1
 Build Target: Debug
********************************

C:\Logiciels\Xtensa\XtDevTools\install\tools\RF-2015.2-win32\XtensaTools\bin\xt-xcc -c -g -O0 -fmessage-length=0 -I "C:/TEMP/THOG-xtensa/XtensaInfo/Models/tie_dev1.tdk" -I "C:/TEMP/THOG-xtensa/test" -DPROC_tie_dev1 -DCONFIG_tie_dev1 --xtensa-system=C:/Logiciels/Xtensa/XtDevTools/install/builds/RF-2015.2-win32/tie_dev1/config --xtensa-core=tie_dev1 --xtensa-params=C:/TEMP/THOG-xtensa/XtensaInfo/Models/tie_dev1.tdk "C:/TEMP/THOG-life/src/image.cpp" -o "C:/TEMP/THOG-xtensa/test/bin/tie_dev1/Debug/image.o" 
Time taken: 7447 ms 

C:\Logiciels\Xtensa\XtDevTools\install\tools\RF-2015.2-win32\XtensaTools\bin\xt-xcc -c -g -O0 -fmessage-length=0 -I "C:/TEMP/THOG-xtensa/XtensaInfo/Models/tie_dev1.tdk" -I "C:/TEMP/THOG-xtensa/test" -DPROC_tie_dev1 -DCONFIG_tie_dev1 --xtensa-system=C:/Logiciels/Xtensa/XtDevTools/install/builds/RF-2015.2-win32/tie_dev1/config --xtensa-core=tie_dev1 --xtensa-params=C:/TEMP/THOG-xtensa/XtensaInfo/Models/tie_dev1.tdk "C:/TEMP/THOG-life/src/detection.cpp" -o "C:/TEMP/THOG-xtensa/test/bin/tie_dev1/Debug/detection.o" 
Time taken: 7447 ms 

C:\Logiciels\Xtensa\XtDevTools\install\tools\RF-2015.2-win32\XtensaTools\bin\xt-xcc -c -g -O0 -fmessage-length=0 -I "C:/TEMP/THOG-xtensa/XtensaInfo/Models/tie_dev1.tdk" -I "C:/TEMP/THOG-xtensa/test" -DPROC_tie_dev1 -DCONFIG_tie_dev1 --xtensa-system=C:/Logiciels/Xtensa/XtDevTools/install/builds/RF-2015.2-win32/tie_dev1/config --xtensa-core=tie_dev1 --xtensa-params=C:/TEMP/THOG-xtensa/XtensaInfo/Models/tie_dev1.tdk "C:/TEMP/THOG-life/src/hog.cpp" -o "C:/TEMP/THOG-xtensa/test/bin/tie_dev1/Debug/hog.o" 
C:/TEMP/THOG-life/src/hog.cpp: In constructor 'SVM::SVM(std::string)':
C:/TEMP/THOG-life/src/hog.cpp:450: warning: cannot pass objects of non-POD type 'struct std::string' through '...'; call will abort at runtime
Time taken: 7744 ms 

C:\Logiciels\Xtensa\XtDevTools\install\tools\RF-2015.2-win32\XtensaTools\bin\xt-xc++ -Wl,@C:/TEMP/THOG-xtensa/test/bin/tie_dev1/Debug/objfiles.list -o C:/TEMP/THOG-xtensa/test/bin/tie_dev1/Debug/test.minsize -mlsp=sim -Wl,-r -nostdlib --xtensa-system=C:/Logiciels/Xtensa/XtDevTools/install/builds/RF-2015.2-win32/tie_dev1/config --xtensa-core=tie_dev1 --xtensa-params=C:/TEMP/THOG-xtensa/XtensaInfo/Models/tie_dev1.tdk 
Time taken: 90 ms 

C:\Logiciels\Xtensa\XtDevTools\install\tools\RF-2015.2-win32\XtensaTools\bin\xt-xc++ -Wl,@C:/TEMP/THOG-xtensa/test/bin/tie_dev1/Debug/objfiles.list -o C:/TEMP/THOG-xtensa/test/bin/tie_dev1/Debug/test -mlsp=sim --xtensa-system=C:/Logiciels/Xtensa/XtDevTools/install/builds/RF-2015.2-win32/tie_dev1/config --xtensa-core=tie_dev1 --xtensa-params=C:/TEMP/THOG-xtensa/XtensaInfo/Models/tie_dev1.tdk 
Time taken: 541 ms 

******* Code size summary *****

C:\Logiciels\Xtensa\XtDevTools\install\tools\RF-2015.2-win32\XtensaTools\bin\xt-size -C C:/TEMP/THOG-xtensa/test/bin/tie_dev1/Debug/test 
TYPE   	   text	 rodata	   data	    bss	    dec    hex	filename
code   	  90864	      0	     39	      0	  90903	  16317	C:/TEMP/THOG-xtensa/test/bin/tie_dev1/Debug/test
literal	   2132	      0	      0	      0	   2132	    854	C:/TEMP/THOG-xtensa/test/bin/tie_dev1/Debug/test
other  	   3260	      0	  29821	   3600	  36681	   8f49	C:/TEMP/THOG-xtensa/test/bin/tie_dev1/Debug/test
Total  	  96256	      0	  29860	   3600	 129716	  1fab4	C:/TEMP/THOG-xtensa/test/bin/tie_dev1/Debug/test

Time taken: 87 ms 

******* ************** *****

Build successful !!
Total time taken: 9.366 secs
**** Build Finished [dim., 2 avr. 2017 16:56:59] ****
**** Incremental Build [dim., 2 avr. 2017 17:02:03] ****
 Project: test
 Configuration: tie_dev1
 Build Target: Debug
********************************

C:\Logiciels\Xtensa\XtDevTools\install\tools\RF-2015.2-win32\XtensaTools\bin\xt-xcc -c -g -O0 -fmessage-length=0 -I "C:/TEMP/THOG-xtensa/XtensaInfo/Models/tie_dev1.tdk" -I "C:/TEMP/THOG-xtensa/test" -DPROC_tie_dev1 -DCONFIG_tie_dev1 --xtensa-system=C:/Logiciels/Xtensa/XtDevTools/install/builds/RF-2015.2-win32/tie_dev1/config --xtensa-core=tie_dev1 --xtensa-params=C:/TEMP/THOG-xtensa/XtensaInfo/Models/tie_dev1.tdk "C:/TEMP/THOG-life/src/hog.cpp" -o "C:/TEMP/THOG-xtensa/test/bin/tie_dev1/Debug/hog.o" 
C:/TEMP/THOG-life/src/hog.cpp: In constructor 'SVM::SVM(std::string)':
C:/TEMP/THOG-life/src/hog.cpp:450: warning: cannot pass objects of non-POD type 'struct std::string' through '...'; call will abort at runtime
Command canceled

Operation canceled by user...
Total time taken: 6.333 secs
**** Build Finished [dim., 2 avr. 2017 17:02:09] ****
**** Incremental Build [dim., 2 avr. 2017 17:03:24] ****
 Project: test
 Configuration: tie_dev1
 Build Target: Debug
********************************

C:\Logiciels\Xtensa\XtDevTools\install\tools\RF-2015.2-win32\XtensaTools\bin\xt-xcc -c -g -O0 -fmessage-length=0 -I "C:/TEMP/THOG-xtensa/XtensaInfo/Models/tie_dev1.tdk" -I "C:/TEMP/THOG-xtensa/test" -DPROC_tie_dev1 -DCONFIG_tie_dev1 --xtensa-system=C:/Logiciels/Xtensa/XtDevTools/install/builds/RF-2015.2-win32/tie_dev1/config --xtensa-core=tie_dev1 --xtensa-params=C:/TEMP/THOG-xtensa/XtensaInfo/Models/tie_dev1.tdk "C:/TEMP/THOG-life/src/hog.cpp" -o "C:/TEMP/THOG-xtensa/test/bin/tie_dev1/Debug/hog.o" 
C:/TEMP/THOG-life/src/hog.cpp: In constructor 'SVM::SVM(std::string)':
C:/TEMP/THOG-life/src/hog.cpp:451: warning: cannot pass objects of non-POD type 'struct std::string' through '...'; call will abort at runtime
Time taken: 7539 ms 

C:\Logiciels\Xtensa\XtDevTools\install\tools\RF-2015.2-win32\XtensaTools\bin\xt-xc++ -Wl,@C:/TEMP/THOG-xtensa/test/bin/tie_dev1/Debug/objfiles.list -o C:/TEMP/THOG-xtensa/test/bin/tie_dev1/Debug/test.minsize -mlsp=sim -Wl,-r -nostdlib --xtensa-system=C:/Logiciels/Xtensa/XtDevTools/install/builds/RF-2015.2-win32/tie_dev1/config --xtensa-core=tie_dev1 --xtensa-params=C:/TEMP/THOG-xtensa/XtensaInfo/Models/tie_dev1.tdk 
Time taken: 89 ms 

C:\Logiciels\Xtensa\XtDevTools\install\tools\RF-2015.2-win32\XtensaTools\bin\xt-xc++ -Wl,@C:/TEMP/THOG-xtensa/test/bin/tie_dev1/Debug/objfiles.list -o C:/TEMP/THOG-xtensa/test/bin/tie_dev1/Debug/test -mlsp=sim --xtensa-system=C:/Logiciels/Xtensa/XtDevTools/install/builds/RF-2015.2-win32/tie_dev1/config --xtensa-core=tie_dev1 --xtensa-params=C:/TEMP/THOG-xtensa/XtensaInfo/Models/tie_dev1.tdk 
Time taken: 490 ms 

******* Code size summary *****

C:\Logiciels\Xtensa\XtDevTools\install\tools\RF-2015.2-win32\XtensaTools\bin\xt-size -C C:/TEMP/THOG-xtensa/test/bin/tie_dev1/Debug/test 
TYPE   	   text	 rodata	   data	    bss	    dec    hex	filename
code   	  90869	      0	     39	      0	  90908	  1631c	C:/TEMP/THOG-xtensa/test/bin/tie_dev1/Debug/test
literal	   2132	      0	      0	      0	   2132	    854	C:/TEMP/THOG-xtensa/test/bin/tie_dev1/Debug/test
other  	   3263	      0	  29821	   3600	  36684	   8f4c	C:/TEMP/THOG-xtensa/test/bin/tie_dev1/Debug/test
Total  	  96264	      0	  29860	   3600	 129724	  1fabc	C:/TEMP/THOG-xtensa/test/bin/tie_dev1/Debug/test

Time taken: 83 ms 

******* ************** *****

Build successful !!
Total time taken: 8.835 secs
**** Build Finished [dim., 2 avr. 2017 17:03:33] ****
**** Incremental Build [sam., 8 avr. 2017 13:20:01] ****
 Project: test
 Configuration: tie_dev1
 Build Target: Debug
********************************

C:\Logiciels\Xtensa\XtDevTools\install\tools\RF-2015.2-win32\XtensaTools\bin\xt-xcc -c -g -O0 -fmessage-length=0 -I "C:/TEMP/THOG-xtensa/XtensaInfo/Models/tie_dev1.tdk" -I "C:/TEMP/THOG-xtensa/test" -DPROC_tie_dev1 -DCONFIG_tie_dev1 --xtensa-system=C:/Logiciels/Xtensa/XtDevTools/install/builds/RF-2015.2-win32/tie_dev1/config --xtensa-core=tie_dev1 --xtensa-params=C:/TEMP/THOG-xtensa/XtensaInfo/Models/tie_dev1.tdk "C:/TEMP/THOG-life/src/image.cpp" -o "C:/TEMP/THOG-xtensa/test/bin/tie_dev1/Debug/image.o" 
Time taken: 8891 ms 

C:\Logiciels\Xtensa\XtDevTools\install\tools\RF-2015.2-win32\XtensaTools\bin\xt-xcc -c -g -O0 -fmessage-length=0 -I "C:/TEMP/THOG-xtensa/XtensaInfo/Models/tie_dev1.tdk" -I "C:/TEMP/THOG-xtensa/test" -DPROC_tie_dev1 -DCONFIG_tie_dev1 --xtensa-system=C:/Logiciels/Xtensa/XtDevTools/install/builds/RF-2015.2-win32/tie_dev1/config --xtensa-core=tie_dev1 --xtensa-params=C:/TEMP/THOG-xtensa/XtensaInfo/Models/tie_dev1.tdk "C:/TEMP/THOG-life/src/cordic.cpp" -o "C:/TEMP/THOG-xtensa/test/bin/tie_dev1/Debug/cordic.o" 
Time taken: 8969 ms 

C:\Logiciels\Xtensa\XtDevTools\install\tools\RF-2015.2-win32\XtensaTools\bin\xt-xcc -c -g -O0 -fmessage-length=0 -I "C:/TEMP/THOG-xtensa/XtensaInfo/Models/tie_dev1.tdk" -I "C:/TEMP/THOG-xtensa/test" -DPROC_tie_dev1 -DCONFIG_tie_dev1 --xtensa-system=C:/Logiciels/Xtensa/XtDevTools/install/builds/RF-2015.2-win32/tie_dev1/config --xtensa-core=tie_dev1 --xtensa-params=C:/TEMP/THOG-xtensa/XtensaInfo/Models/tie_dev1.tdk "C:/TEMP/THOG-life/src/detection.cpp" -o "C:/TEMP/THOG-xtensa/test/bin/tie_dev1/Debug/detection.o" 
Time taken: 8953 ms 

C:\Logiciels\Xtensa\XtDevTools\install\tools\RF-2015.2-win32\XtensaTools\bin\xt-xcc -c -g -O0 -fmessage-length=0 -I "C:/TEMP/THOG-xtensa/XtensaInfo/Models/tie_dev1.tdk" -I "C:/TEMP/THOG-xtensa/test" -DPROC_tie_dev1 -DCONFIG_tie_dev1 --xtensa-system=C:/Logiciels/Xtensa/XtDevTools/install/builds/RF-2015.2-win32/tie_dev1/config --xtensa-core=tie_dev1 --xtensa-params=C:/TEMP/THOG-xtensa/XtensaInfo/Models/tie_dev1.tdk "C:/TEMP/THOG-life/src/hog.cpp" -o "C:/TEMP/THOG-xtensa/test/bin/tie_dev1/Debug/hog.o" 
C:/TEMP/THOG-life/src/hog.cpp: In constructor 'SVM::SVM(std::string)':
C:/TEMP/THOG-life/src/hog.cpp:498: warning: cannot pass objects of non-POD type 'struct std::string' through '...'; call will abort at runtime
Time taken: 9031 ms 

C:\Logiciels\Xtensa\XtDevTools\install\tools\RF-2015.2-win32\XtensaTools\bin\xt-xc++ -Wl,@C:/TEMP/THOG-xtensa/test/bin/tie_dev1/Debug/objfiles.list -o C:/TEMP/THOG-xtensa/test/bin/tie_dev1/Debug/test.minsize -mlsp=sim -Wl,-r -nostdlib --xtensa-system=C:/Logiciels/Xtensa/XtDevTools/install/builds/RF-2015.2-win32/tie_dev1/config --xtensa-core=tie_dev1 --xtensa-params=C:/TEMP/THOG-xtensa/XtensaInfo/Models/tie_dev1.tdk 
Time taken: 266 ms 

C:\Logiciels\Xtensa\XtDevTools\install\tools\RF-2015.2-win32\XtensaTools\bin\xt-xc++ -Wl,@C:/TEMP/THOG-xtensa/test/bin/tie_dev1/Debug/objfiles.list -o C:/TEMP/THOG-xtensa/test/bin/tie_dev1/Debug/test -mlsp=sim --xtensa-system=C:/Logiciels/Xtensa/XtDevTools/install/builds/RF-2015.2-win32/tie_dev1/config --xtensa-core=tie_dev1 --xtensa-params=C:/TEMP/THOG-xtensa/XtensaInfo/Models/tie_dev1.tdk 
Time taken: 766 ms 

******* Code size summary *****

C:\Logiciels\Xtensa\XtDevTools\install\tools\RF-2015.2-win32\XtensaTools\bin\xt-size -C C:/TEMP/THOG-xtensa/test/bin/tie_dev1/Debug/test 
TYPE   	   text	 rodata	   data	    bss	    dec    hex	filename
code   	  83882	      0	     39	      0	  83921	  147d1	C:/TEMP/THOG-xtensa/test/bin/tie_dev1/Debug/test
literal	   1776	      0	      0	      0	   1776	    6f0	C:/TEMP/THOG-xtensa/test/bin/tie_dev1/Debug/test
other  	   3150	      0	  29853	   3600	  36603	   8efb	C:/TEMP/THOG-xtensa/test/bin/tie_dev1/Debug/test
Total  	  88808	      0	  29892	   3600	 122300	  1ddbc	C:/TEMP/THOG-xtensa/test/bin/tie_dev1/Debug/test

Time taken: 141 ms 

******* ************** *****

Build successful !!
Total time taken: 11.594 secs
**** Build Finished [sam., 8 avr. 2017 13:20:12] ****
**** Incremental Build [sam., 8 avr. 2017 13:35:25] ****
 Project: test
 Configuration: tie_dev1
 Build Target: Debug
********************************

C:\Logiciels\Xtensa\XtDevTools\install\tools\RF-2015.2-win32\XtensaTools\bin\xt-xcc -c -g -O0 -fmessage-length=0 -I "C:/TEMP/THOG-xtensa/XtensaInfo/Models/tie_dev1.tdk" -I "C:/TEMP/THOG-xtensa/test" -DPROC_tie_dev1 -DCONFIG_tie_dev1 --xtensa-system=C:/Logiciels/Xtensa/XtDevTools/install/builds/RF-2015.2-win32/tie_dev1/config --xtensa-core=tie_dev1 --xtensa-params=C:/TEMP/THOG-xtensa/XtensaInfo/Models/tie_dev1.tdk "C:/TEMP/THOG-life/src/detection.cpp" -o "C:/TEMP/THOG-xtensa/test/bin/tie_dev1/Debug/detection.o" 
Time taken: 4975 ms 

C:\Logiciels\Xtensa\XtDevTools\install\tools\RF-2015.2-win32\XtensaTools\bin\xt-xcc -c -g -O0 -fmessage-length=0 -I "C:/TEMP/THOG-xtensa/XtensaInfo/Models/tie_dev1.tdk" -I "C:/TEMP/THOG-xtensa/test" -DPROC_tie_dev1 -DCONFIG_tie_dev1 --xtensa-system=C:/Logiciels/Xtensa/XtDevTools/install/builds/RF-2015.2-win32/tie_dev1/config --xtensa-core=tie_dev1 --xtensa-params=C:/TEMP/THOG-xtensa/XtensaInfo/Models/tie_dev1.tdk "C:/TEMP/THOG-life/src/image.cpp" -o "C:/TEMP/THOG-xtensa/test/bin/tie_dev1/Debug/image.o" 
Time taken: 4975 ms 

C:\Logiciels\Xtensa\XtDevTools\install\tools\RF-2015.2-win32\XtensaTools\bin\xt-xcc -c -g -O0 -fmessage-length=0 -I "C:/TEMP/THOG-xtensa/XtensaInfo/Models/tie_dev1.tdk" -I "C:/TEMP/THOG-xtensa/test" -DPROC_tie_dev1 -DCONFIG_tie_dev1 --xtensa-system=C:/Logiciels/Xtensa/XtDevTools/install/builds/RF-2015.2-win32/tie_dev1/config --xtensa-core=tie_dev1 --xtensa-params=C:/TEMP/THOG-xtensa/XtensaInfo/Models/tie_dev1.tdk "C:/TEMP/THOG-life/src/hog.cpp" -o "C:/TEMP/THOG-xtensa/test/bin/tie_dev1/Debug/hog.o" 
C:/TEMP/THOG-life/src/hog.cpp: In constructor 'SVM::SVM(std::string)':
C:/TEMP/THOG-life/src/hog.cpp:498: warning: cannot pass objects of non-POD type 'struct std::string' through '...'; call will abort at runtime
Time taken: 5075 ms 

C:\Logiciels\Xtensa\XtDevTools\install\tools\RF-2015.2-win32\XtensaTools\bin\xt-xc++ -Wl,@C:/TEMP/THOG-xtensa/test/bin/tie_dev1/Debug/objfiles.list -o C:/TEMP/THOG-xtensa/test/bin/tie_dev1/Debug/test.minsize -mlsp=sim -Wl,-r -nostdlib --xtensa-system=C:/Logiciels/Xtensa/XtDevTools/install/builds/RF-2015.2-win32/tie_dev1/config --xtensa-core=tie_dev1 --xtensa-params=C:/TEMP/THOG-xtensa/XtensaInfo/Models/tie_dev1.tdk 
Time taken: 350 ms 

C:\Logiciels\Xtensa\XtDevTools\install\tools\RF-2015.2-win32\XtensaTools\bin\xt-xc++ -Wl,@C:/TEMP/THOG-xtensa/test/bin/tie_dev1/Debug/objfiles.list -o C:/TEMP/THOG-xtensa/test/bin/tie_dev1/Debug/test -mlsp=sim --xtensa-system=C:/Logiciels/Xtensa/XtDevTools/install/builds/RF-2015.2-win32/tie_dev1/config --xtensa-core=tie_dev1 --xtensa-params=C:/TEMP/THOG-xtensa/XtensaInfo/Models/tie_dev1.tdk 
C:/TEMP/THOG-xtensa/test/bin/tie_dev1/Debug/hog.o: In function `HOG::calculate_gradient()':
C:\TEMP\THOG-life\src/hog.cpp:130: undefined reference to `atan_cordic(int, int, int*, int*, int)'
Time taken: 1156 ms 

Build error encountered... cannot continue further.
Total time taken: 7.745 secs
**** Build Finished [sam., 8 avr. 2017 13:35:33] ****
**** Incremental Build [sam., 8 avr. 2017 13:40:52] ****
 Project: lol
 Configuration: tie_dev1
 Build Target: Debug
********************************

C:\Logiciels\Xtensa\XtDevTools\install\tools\RF-2015.2-win32\XtensaTools\bin\xt-xcc -c -g -O0 -fmessage-length=0 -I "C:/TEMP/THOG-xtensa/XtensaInfo/Models/tie_dev1.tdk" -I "C:/TEMP/THOG-xtensa/lol/src" -DPROC_tie_dev1 -DCONFIG_tie_dev1 --xtensa-system=C:/Logiciels/Xtensa/XtDevTools/install/builds/RF-2015.2-win32/tie_dev1/config --xtensa-core=tie_dev1 --xtensa-params=C:/TEMP/THOG-xtensa/XtensaInfo/Models/tie_dev1.tdk "C:/TEMP/THOG-xtensa/lol/src/util.cpp" -o "C:/TEMP/THOG-xtensa/lol/bin/tie_dev1/Debug/src/util.o" 
In file included from C:/Logiciels/Xtensa/XtDevTools/install/builds/RF-2015.2-win32/tie_dev1/xtensa-elf/include/dirent.h:6,
                 from C:/TEMP/THOG-xtensa/lol/src/util.cpp:11:
C:/Logiciels/Xtensa/XtDevTools/install/builds/RF-2015.2-win32/tie_dev1/xtensa-elf/include/sys/dirent.h:10:2: error: #error "<dirent.h> not supported"
Time taken: 162 ms 

C:\Logiciels\Xtensa\XtDevTools\install\tools\RF-2015.2-win32\XtensaTools\bin\xt-xcc -c -g -O0 -fmessage-length=0 -I "C:/TEMP/THOG-xtensa/XtensaInfo/Models/tie_dev1.tdk" -I "C:/TEMP/THOG-xtensa/lol/src" -DPROC_tie_dev1 -DCONFIG_tie_dev1 --xtensa-system=C:/Logiciels/Xtensa/XtDevTools/install/builds/RF-2015.2-win32/tie_dev1/config --xtensa-core=tie_dev1 --xtensa-params=C:/TEMP/THOG-xtensa/XtensaInfo/Models/tie_dev1.tdk "C:/TEMP/THOG-xtensa/lol/src/cordic.cpp" -o "C:/TEMP/THOG-xtensa/lol/bin/tie_dev1/Debug/src/cordic.o" 
Time taken: 464 ms 

C:\Logiciels\Xtensa\XtDevTools\install\tools\RF-2015.2-win32\XtensaTools\bin\xt-xcc -c -g -O0 -fmessage-length=0 -I "C:/TEMP/THOG-xtensa/XtensaInfo/Models/tie_dev1.tdk" -I "C:/TEMP/THOG-xtensa/lol/src" -DPROC_tie_dev1 -DCONFIG_tie_dev1 --xtensa-system=C:/Logiciels/Xtensa/XtDevTools/install/builds/RF-2015.2-win32/tie_dev1/config --xtensa-core=tie_dev1 --xtensa-params=C:/TEMP/THOG-xtensa/XtensaInfo/Models/tie_dev1.tdk "C:/TEMP/THOG-xtensa/lol/src/image.cpp" -o "C:/TEMP/THOG-xtensa/lol/bin/tie_dev1/Debug/src/image.o" 
Time taken: 651 ms 

C:\Logiciels\Xtensa\XtDevTools\install\tools\RF-2015.2-win32\XtensaTools\bin\xt-xcc -c -g -O0 -fmessage-length=0 -I "C:/TEMP/THOG-xtensa/XtensaInfo/Models/tie_dev1.tdk" -I "C:/TEMP/THOG-xtensa/lol/src" -DPROC_tie_dev1 -DCONFIG_tie_dev1 --xtensa-system=C:/Logiciels/Xtensa/XtDevTools/install/builds/RF-2015.2-win32/tie_dev1/config --xtensa-core=tie_dev1 --xtensa-params=C:/TEMP/THOG-xtensa/XtensaInfo/Models/tie_dev1.tdk "C:/TEMP/THOG-xtensa/lol/src/detection.cpp" -o "C:/TEMP/THOG-xtensa/lol/bin/tie_dev1/Debug/src/detection.o" 
Time taken: 651 ms 

C:\Logiciels\Xtensa\XtDevTools\install\tools\RF-2015.2-win32\XtensaTools\bin\xt-xcc -c -g -O0 -fmessage-length=0 -I "C:/TEMP/THOG-xtensa/XtensaInfo/Models/tie_dev1.tdk" -I "C:/TEMP/THOG-xtensa/lol/src" -DPROC_tie_dev1 -DCONFIG_tie_dev1 --xtensa-system=C:/Logiciels/Xtensa/XtDevTools/install/builds/RF-2015.2-win32/tie_dev1/config --xtensa-core=tie_dev1 --xtensa-params=C:/TEMP/THOG-xtensa/XtensaInfo/Models/tie_dev1.tdk "C:/TEMP/THOG-xtensa/lol/src/hog.cpp" -o "C:/TEMP/THOG-xtensa/lol/bin/tie_dev1/Debug/src/hog.o" 
C:/TEMP/THOG-xtensa/lol/src/hog.cpp: In constructor 'SVM::SVM(std::string)':
C:/TEMP/THOG-xtensa/lol/src/hog.cpp:498: warning: cannot pass objects of non-POD type 'struct std::string' through '...'; call will abort at runtime
Time taken: 776 ms 

Build error encountered... cannot continue further.
Total time taken: 1.854 secs
**** Build Finished [sam., 8 avr. 2017 13:40:54] ****
**** Incremental Build [sam., 8 avr. 2017 13:42:16] ****
 Project: lol
 Configuration: tie_dev1
 Build Target: Debug
********************************

C:\Logiciels\Xtensa\XtDevTools\install\tools\RF-2015.2-win32\XtensaTools\bin\xt-xcc -c -g -O0 -fmessage-length=0 -I "C:/TEMP/THOG-xtensa/XtensaInfo/Models/tie_dev1.tdk" -I "C:/TEMP/THOG-xtensa/lol/src" -DPROC_tie_dev1 -DCONFIG_tie_dev1 --xtensa-system=C:/Logiciels/Xtensa/XtDevTools/install/builds/RF-2015.2-win32/tie_dev1/config --xtensa-core=tie_dev1 --xtensa-params=C:/TEMP/THOG-xtensa/XtensaInfo/Models/tie_dev1.tdk "C:/TEMP/THOG-xtensa/lol/src/util.cpp" -o "C:/TEMP/THOG-xtensa/lol/bin/tie_dev1/Debug/src/util.o" 
In file included from C:/Logiciels/Xtensa/XtDevTools/install/builds/RF-2015.2-win32/tie_dev1/xtensa-elf/include/dirent.h:6,
                 from C:/TEMP/THOG-xtensa/lol/src/util.cpp:11:
C:/Logiciels/Xtensa/XtDevTools/install/builds/RF-2015.2-win32/tie_dev1/xtensa-elf/include/sys/dirent.h:10:2: error: #error "<dirent.h> not supported"
Time taken: 156 ms 

Build error encountered... cannot continue further.
Total time taken: 0.672 secs
**** Build Finished [sam., 8 avr. 2017 13:42:17] ****
**** Incremental Build [sam., 8 avr. 2017 13:42:43] ****
 Project: test
 Configuration: tie_dev1
 Build Target: Debug
********************************

C:\Logiciels\Xtensa\XtDevTools\install\tools\RF-2015.2-win32\XtensaTools\bin\xt-xc++ -Wl,@C:/TEMP/THOG-xtensa/test/bin/tie_dev1/Debug/objfiles.list -o C:/TEMP/THOG-xtensa/test/bin/tie_dev1/Debug/test.minsize -mlsp=sim -Wl,-r -nostdlib --xtensa-system=C:/Logiciels/Xtensa/XtDevTools/install/builds/RF-2015.2-win32/tie_dev1/config --xtensa-core=tie_dev1 --xtensa-params=C:/TEMP/THOG-xtensa/XtensaInfo/Models/tie_dev1.tdk 
Time taken: 93 ms 

C:\Logiciels\Xtensa\XtDevTools\install\tools\RF-2015.2-win32\XtensaTools\bin\xt-xc++ -Wl,@C:/TEMP/THOG-xtensa/test/bin/tie_dev1/Debug/objfiles.list -o C:/TEMP/THOG-xtensa/test/bin/tie_dev1/Debug/test -mlsp=sim --xtensa-system=C:/Logiciels/Xtensa/XtDevTools/install/builds/RF-2015.2-win32/tie_dev1/config --xtensa-core=tie_dev1 --xtensa-params=C:/TEMP/THOG-xtensa/XtensaInfo/Models/tie_dev1.tdk 
C:/TEMP/THOG-xtensa/test/bin/tie_dev1/Debug/hog.o: In function `HOG::calculate_gradient()':
C:\TEMP\THOG-life\src/hog.cpp:130: undefined reference to `atan_cordic(int, int, int*, int*, int)'
Time taken: 406 ms 

Build error encountered... cannot continue further.
Total time taken: 0.688 secs
**** Build Finished [sam., 8 avr. 2017 13:42:44] ****
**** Incremental Build [sam., 8 avr. 2017 13:43:44] ****
 Project: test
 Configuration: tie_dev1
 Build Target: Debug
********************************

C:\Logiciels\Xtensa\XtDevTools\install\tools\RF-2015.2-win32\XtensaTools\bin\xt-xc++ -Wl,@C:/TEMP/THOG-xtensa/test/bin/tie_dev1/Debug/objfiles.list -o C:/TEMP/THOG-xtensa/test/bin/tie_dev1/Debug/test.minsize -mlsp=sim -Wl,-r -nostdlib --xtensa-system=C:/Logiciels/Xtensa/XtDevTools/install/builds/RF-2015.2-win32/tie_dev1/config --xtensa-core=tie_dev1 --xtensa-params=C:/TEMP/THOG-xtensa/XtensaInfo/Models/tie_dev1.tdk 
Time taken: 94 ms 

C:\Logiciels\Xtensa\XtDevTools\install\tools\RF-2015.2-win32\XtensaTools\bin\xt-xc++ -Wl,@C:/TEMP/THOG-xtensa/test/bin/tie_dev1/Debug/objfiles.list -o C:/TEMP/THOG-xtensa/test/bin/tie_dev1/Debug/test -mlsp=sim --xtensa-system=C:/Logiciels/Xtensa/XtDevTools/install/builds/RF-2015.2-win32/tie_dev1/config --xtensa-core=tie_dev1 --xtensa-params=C:/TEMP/THOG-xtensa/XtensaInfo/Models/tie_dev1.tdk 
C:/TEMP/THOG-xtensa/test/bin/tie_dev1/Debug/hog.o: In function `HOG::calculate_gradient()':
C:\TEMP\THOG-life\src/hog.cpp:130: undefined reference to `atan_cordic(int, int, int*, int*, int)'
Time taken: 406 ms 

Build error encountered... cannot continue further.
Total time taken: 0.672 secs
**** Build Finished [sam., 8 avr. 2017 13:43:44] ****
**** Incremental Build [sam., 8 avr. 2017 13:44:31] ****
 Project: test
 Configuration: tie_dev1
 Build Target: Debug
********************************

C:\Logiciels\Xtensa\XtDevTools\install\tools\RF-2015.2-win32\XtensaTools\bin\xt-xcc -c -g -O0 -fmessage-length=0 -I "C:/TEMP/THOG-xtensa/XtensaInfo/Models/tie_dev1.tdk" -I "C:/TEMP/THOG-xtensa/test" -DPROC_tie_dev1 -DCONFIG_tie_dev1 --xtensa-system=C:/Logiciels/Xtensa/XtDevTools/install/builds/RF-2015.2-win32/tie_dev1/config --xtensa-core=tie_dev1 --xtensa-params=C:/TEMP/THOG-xtensa/XtensaInfo/Models/tie_dev1.tdk "C:/TEMP/THOG-xtensa/test/cordic.cpp" -o "C:/TEMP/THOG-xtensa/test/bin/tie_dev1/Debug/cordic.o" 
Time taken: 328 ms 

C:\Logiciels\Xtensa\XtDevTools\install\tools\RF-2015.2-win32\XtensaTools\bin\xt-xcc -c -g -O0 -fmessage-length=0 -I "C:/TEMP/THOG-xtensa/XtensaInfo/Models/tie_dev1.tdk" -I "C:/TEMP/THOG-xtensa/test" -DPROC_tie_dev1 -DCONFIG_tie_dev1 --xtensa-system=C:/Logiciels/Xtensa/XtDevTools/install/builds/RF-2015.2-win32/tie_dev1/config --xtensa-core=tie_dev1 --xtensa-params=C:/TEMP/THOG-xtensa/XtensaInfo/Models/tie_dev1.tdk "C:/TEMP/THOG-life/src/image.cpp" -o "C:/TEMP/THOG-xtensa/test/bin/tie_dev1/Debug/image.o" 
Time taken: 407 ms 

C:\Logiciels\Xtensa\XtDevTools\install\tools\RF-2015.2-win32\XtensaTools\bin\xt-xcc -c -g -O0 -fmessage-length=0 -I "C:/TEMP/THOG-xtensa/XtensaInfo/Models/tie_dev1.tdk" -I "C:/TEMP/THOG-xtensa/test" -DPROC_tie_dev1 -DCONFIG_tie_dev1 --xtensa-system=C:/Logiciels/Xtensa/XtDevTools/install/builds/RF-2015.2-win32/tie_dev1/config --xtensa-core=tie_dev1 --xtensa-params=C:/TEMP/THOG-xtensa/XtensaInfo/Models/tie_dev1.tdk "C:/TEMP/THOG-life/src/detection.cpp" -o "C:/TEMP/THOG-xtensa/test/bin/tie_dev1/Debug/detection.o" 
Time taken: 532 ms 

C:\Logiciels\Xtensa\XtDevTools\install\tools\RF-2015.2-win32\XtensaTools\bin\xt-xcc -c -g -O0 -fmessage-length=0 -I "C:/TEMP/THOG-xtensa/XtensaInfo/Models/tie_dev1.tdk" -I "C:/TEMP/THOG-xtensa/test" -DPROC_tie_dev1 -DCONFIG_tie_dev1 --xtensa-system=C:/Logiciels/Xtensa/XtDevTools/install/builds/RF-2015.2-win32/tie_dev1/config --xtensa-core=tie_dev1 --xtensa-params=C:/TEMP/THOG-xtensa/XtensaInfo/Models/tie_dev1.tdk "C:/TEMP/THOG-life/src/hog.cpp" -o "C:/TEMP/THOG-xtensa/test/bin/tie_dev1/Debug/hog.o" 
C:/TEMP/THOG-life/src/hog.cpp: In constructor 'SVM::SVM(std::string)':
C:/TEMP/THOG-life/src/hog.cpp:498: warning: cannot pass objects of non-POD type 'struct std::string' through '...'; call will abort at runtime
Time taken: 696 ms 

C:\Logiciels\Xtensa\XtDevTools\install\tools\RF-2015.2-win32\XtensaTools\bin\xt-xc++ -Wl,@C:/TEMP/THOG-xtensa/test/bin/tie_dev1/Debug/objfiles.list -o C:/TEMP/THOG-xtensa/test/bin/tie_dev1/Debug/test.minsize -mlsp=sim -Wl,-r -nostdlib --xtensa-system=C:/Logiciels/Xtensa/XtDevTools/install/builds/RF-2015.2-win32/tie_dev1/config --xtensa-core=tie_dev1 --xtensa-params=C:/TEMP/THOG-xtensa/XtensaInfo/Models/tie_dev1.tdk 
Time taken: 172 ms 

C:\Logiciels\Xtensa\XtDevTools\install\tools\RF-2015.2-win32\XtensaTools\bin\xt-xc++ -Wl,@C:/TEMP/THOG-xtensa/test/bin/tie_dev1/Debug/objfiles.list -o C:/TEMP/THOG-xtensa/test/bin/tie_dev1/Debug/test -mlsp=sim --xtensa-system=C:/Logiciels/Xtensa/XtDevTools/install/builds/RF-2015.2-win32/tie_dev1/config --xtensa-core=tie_dev1 --xtensa-params=C:/TEMP/THOG-xtensa/XtensaInfo/Models/tie_dev1.tdk 
Time taken: 421 ms 

******* Code size summary *****

C:\Logiciels\Xtensa\XtDevTools\install\tools\RF-2015.2-win32\XtensaTools\bin\xt-size -C C:/TEMP/THOG-xtensa/test/bin/tie_dev1/Debug/test 
TYPE   	   text	 rodata	   data	    bss	    dec    hex	filename
code   	  83882	      0	     39	      0	  83921	  147d1	C:/TEMP/THOG-xtensa/test/bin/tie_dev1/Debug/test
literal	   1776	      0	      0	      0	   1776	    6f0	C:/TEMP/THOG-xtensa/test/bin/tie_dev1/Debug/test
other  	   3150	      0	  29853	   3600	  36603	   8efb	C:/TEMP/THOG-xtensa/test/bin/tie_dev1/Debug/test
Total  	  88808	      0	  29892	   3600	 122300	  1ddbc	C:/TEMP/THOG-xtensa/test/bin/tie_dev1/Debug/test

Time taken: 141 ms 

******* ************** *****

Build successful !!
Total time taken: 2.336 secs
**** Build Finished [sam., 8 avr. 2017 13:44:34] ****
**** Incremental Build [sam., 8 avr. 2017 13:46:07] ****
 Project: test
 Configuration: tie_dev1
 Build Target: Debug
********************************

Nothing to build.
Total time taken: 0.0 secs
**** Build Finished [sam., 8 avr. 2017 13:46:07] ****
**** Incremental Build [sam., 8 avr. 2017 14:02:58] ****
 Project: test
 Configuration: tie_dev1
 Build Target: Debug
********************************

C:\Logiciels\Xtensa\XtDevTools\install\tools\RF-2015.2-win32\XtensaTools\bin\xt-xcc -c -g -O0 -fmessage-length=0 -I "C:/TEMP/THOG-xtensa/XtensaInfo/Models/tie_dev1.tdk" -I "C:/TEMP/THOG-xtensa/test" -DPROC_tie_dev1 -DCONFIG_tie_dev1 --xtensa-system=C:/Logiciels/Xtensa/XtDevTools/install/builds/RF-2015.2-win32/tie_dev1/config --xtensa-core=tie_dev1 --xtensa-params=C:/TEMP/THOG-xtensa/XtensaInfo/Models/tie_dev1.tdk "C:/TEMP/THOG-life/src/hog.cpp" -o "C:/TEMP/THOG-xtensa/test/bin/tie_dev1/Debug/hog.o" 
C:/TEMP/THOG-life/src/hog.cpp:8:89: error: C:\TEMP\THOG-xtensa\XtensaInfo\Models\tie_dev1.tdk\include\xtensa\first_tie.h: No such file or directory
Time taken: 213 ms 

C:\Logiciels\Xtensa\XtDevTools\install\tools\RF-2015.2-win32\XtensaTools\bin\xt-xcc -c -g -O0 -fmessage-length=0 -I "C:/TEMP/THOG-xtensa/XtensaInfo/Models/tie_dev1.tdk" -I "C:/TEMP/THOG-xtensa/test" -DPROC_tie_dev1 -DCONFIG_tie_dev1 --xtensa-system=C:/Logiciels/Xtensa/XtDevTools/install/builds/RF-2015.2-win32/tie_dev1/config --xtensa-core=tie_dev1 --xtensa-params=C:/TEMP/THOG-xtensa/XtensaInfo/Models/tie_dev1.tdk "C:/TEMP/THOG-xtensa/test/cordic.cpp" -o "C:/TEMP/THOG-xtensa/test/bin/tie_dev1/Debug/cordic.o" 
Time taken: 335 ms 

C:\Logiciels\Xtensa\XtDevTools\install\tools\RF-2015.2-win32\XtensaTools\bin\xt-xcc -c -g -O0 -fmessage-length=0 -I "C:/TEMP/THOG-xtensa/XtensaInfo/Models/tie_dev1.tdk" -I "C:/TEMP/THOG-xtensa/test" -DPROC_tie_dev1 -DCONFIG_tie_dev1 --xtensa-system=C:/Logiciels/Xtensa/XtDevTools/install/builds/RF-2015.2-win32/tie_dev1/config --xtensa-core=tie_dev1 --xtensa-params=C:/TEMP/THOG-xtensa/XtensaInfo/Models/tie_dev1.tdk "C:/TEMP/THOG-life/src/image.cpp" -o "C:/TEMP/THOG-xtensa/test/bin/tie_dev1/Debug/image.o" 
Time taken: 465 ms 

C:\Logiciels\Xtensa\XtDevTools\install\tools\RF-2015.2-win32\XtensaTools\bin\xt-xcc -c -g -O0 -fmessage-length=0 -I "C:/TEMP/THOG-xtensa/XtensaInfo/Models/tie_dev1.tdk" -I "C:/TEMP/THOG-xtensa/test" -DPROC_tie_dev1 -DCONFIG_tie_dev1 --xtensa-system=C:/Logiciels/Xtensa/XtDevTools/install/builds/RF-2015.2-win32/tie_dev1/config --xtensa-core=tie_dev1 --xtensa-params=C:/TEMP/THOG-xtensa/XtensaInfo/Models/tie_dev1.tdk "C:/TEMP/THOG-life/src/detection.cpp" -o "C:/TEMP/THOG-xtensa/test/bin/tie_dev1/Debug/detection.o" 
Time taken: 479 ms 

Build error encountered... cannot continue further.
Total time taken: 1.483 secs
**** Build Finished [sam., 8 avr. 2017 14:03:00] ****
**** Incremental Build [sam., 8 avr. 2017 14:03:59] ****
 Project: test
 Configuration: tie_dev1
 Build Target: Debug
********************************

C:\Logiciels\Xtensa\XtDevTools\install\tools\RF-2015.2-win32\XtensaTools\bin\xt-xcc -c -g -O0 -fmessage-length=0 -I "C:/TEMP/THOG-xtensa/XtensaInfo/Models/tie_dev1.tdk" -I "C:/TEMP/THOG-xtensa/test" -DPROC_tie_dev1 -DCONFIG_tie_dev1 --xtensa-system=C:/Logiciels/Xtensa/XtDevTools/install/builds/RF-2015.2-win32/tie_dev1/config --xtensa-core=tie_dev1 --xtensa-params=C:/TEMP/THOG-xtensa/XtensaInfo/Models/tie_dev1.tdk "C:/TEMP/THOG-life/src/hog.cpp" -o "C:/TEMP/THOG-xtensa/test/bin/tie_dev1/Debug/hog.o" 
C:/TEMP/THOG-life/src/hog.cpp: In constructor 'SVM::SVM(std::string)':
C:/TEMP/THOG-life/src/hog.cpp:500: warning: cannot pass objects of non-POD type 'struct std::string' through '...'; call will abort at runtime
Time taken: 738 ms 

C:\Logiciels\Xtensa\XtDevTools\install\tools\RF-2015.2-win32\XtensaTools\bin\xt-xc++ -Wl,@C:/TEMP/THOG-xtensa/test/bin/tie_dev1/Debug/objfiles.list -o C:/TEMP/THOG-xtensa/test/bin/tie_dev1/Debug/test.minsize -mlsp=sim -Wl,-r -nostdlib --xtensa-system=C:/Logiciels/Xtensa/XtDevTools/install/builds/RF-2015.2-win32/tie_dev1/config --xtensa-core=tie_dev1 --xtensa-params=C:/TEMP/THOG-xtensa/XtensaInfo/Models/tie_dev1.tdk 
Time taken: 91 ms 

C:\Logiciels\Xtensa\XtDevTools\install\tools\RF-2015.2-win32\XtensaTools\bin\xt-xc++ -Wl,@C:/TEMP/THOG-xtensa/test/bin/tie_dev1/Debug/objfiles.list -o C:/TEMP/THOG-xtensa/test/bin/tie_dev1/Debug/test -mlsp=sim --xtensa-system=C:/Logiciels/Xtensa/XtDevTools/install/builds/RF-2015.2-win32/tie_dev1/config --xtensa-core=tie_dev1 --xtensa-params=C:/TEMP/THOG-xtensa/XtensaInfo/Models/tie_dev1.tdk 
Time taken: 393 ms 

******* Code size summary *****

C:\Logiciels\Xtensa\XtDevTools\install\tools\RF-2015.2-win32\XtensaTools\bin\xt-size -C C:/TEMP/THOG-xtensa/test/bin/tie_dev1/Debug/test 
TYPE   	   text	 rodata	   data	    bss	    dec    hex	filename
code   	  83882	      0	     39	      0	  83921	  147d1	C:/TEMP/THOG-xtensa/test/bin/tie_dev1/Debug/test
literal	   1776	      0	      0	      0	   1776	    6f0	C:/TEMP/THOG-xtensa/test/bin/tie_dev1/Debug/test
other  	   3150	      0	  29853	   3600	  36603	   8efb	C:/TEMP/THOG-xtensa/test/bin/tie_dev1/Debug/test
Total  	  88808	      0	  29892	   3600	 122300	  1ddbc	C:/TEMP/THOG-xtensa/test/bin/tie_dev1/Debug/test

Time taken: 84 ms 

******* ************** *****

Build successful !!
Total time taken: 1.921 secs
**** Build Finished [sam., 8 avr. 2017 14:04:01] ****
**** Incremental Build [sam., 8 avr. 2017 14:10:31] ****
 Project: test
 Configuration: tie_dev1
 Build Target: Debug
********************************

C:\Logiciels\Xtensa\XtDevTools\install\tools\RF-2015.2-win32\XtensaTools\bin\xt-xcc -c -g -O0 -fmessage-length=0 -I "C:/TEMP/THOG-xtensa/XtensaInfo/Models/tie_dev1.tdk" -I "C:/TEMP/THOG-xtensa/test" -DPROC_tie_dev1 -DCONFIG_tie_dev1 --xtensa-system=C:/Logiciels/Xtensa/XtDevTools/install/builds/RF-2015.2-win32/tie_dev1/config --xtensa-core=tie_dev1 --xtensa-params=C:/TEMP/THOG-xtensa/XtensaInfo/Models/tie_dev1.tdk "C:/TEMP/THOG-life/src/hog.cpp" -o "C:/TEMP/THOG-xtensa/test/bin/tie_dev1/Debug/hog.o" 
C:/TEMP/THOG-life/src/hog.cpp: In constructor 'SVM::SVM(std::string)':
C:/TEMP/THOG-life/src/hog.cpp:502: warning: cannot pass objects of non-POD type 'struct std::string' through '...'; call will abort at runtime
Time taken: 786 ms 

C:\Logiciels\Xtensa\XtDevTools\install\tools\RF-2015.2-win32\XtensaTools\bin\xt-xc++ -Wl,@C:/TEMP/THOG-xtensa/test/bin/tie_dev1/Debug/objfiles.list -o C:/TEMP/THOG-xtensa/test/bin/tie_dev1/Debug/test.minsize -mlsp=sim -Wl,-r -nostdlib --xtensa-system=C:/Logiciels/Xtensa/XtDevTools/install/builds/RF-2015.2-win32/tie_dev1/config --xtensa-core=tie_dev1 --xtensa-params=C:/TEMP/THOG-xtensa/XtensaInfo/Models/tie_dev1.tdk 
Time taken: 90 ms 

C:\Logiciels\Xtensa\XtDevTools\install\tools\RF-2015.2-win32\XtensaTools\bin\xt-xc++ -Wl,@C:/TEMP/THOG-xtensa/test/bin/tie_dev1/Debug/objfiles.list -o C:/TEMP/THOG-xtensa/test/bin/tie_dev1/Debug/test -mlsp=sim --xtensa-system=C:/Logiciels/Xtensa/XtDevTools/install/builds/RF-2015.2-win32/tie_dev1/config --xtensa-core=tie_dev1 --xtensa-params=C:/TEMP/THOG-xtensa/XtensaInfo/Models/tie_dev1.tdk 
Time taken: 393 ms 

******* Code size summary *****

C:\Logiciels\Xtensa\XtDevTools\install\tools\RF-2015.2-win32\XtensaTools\bin\xt-size -C C:/TEMP/THOG-xtensa/test/bin/tie_dev1/Debug/test 
TYPE   	   text	 rodata	   data	    bss	    dec    hex	filename
code   	  83882	      0	     39	      0	  83921	  147d1	C:/TEMP/THOG-xtensa/test/bin/tie_dev1/Debug/test
literal	   1776	      0	      0	      0	   1776	    6f0	C:/TEMP/THOG-xtensa/test/bin/tie_dev1/Debug/test
other  	   3150	      0	  29853	   3600	  36603	   8efb	C:/TEMP/THOG-xtensa/test/bin/tie_dev1/Debug/test
Total  	  88808	      0	  29892	   3600	 122300	  1ddbc	C:/TEMP/THOG-xtensa/test/bin/tie_dev1/Debug/test

Time taken: 82 ms 

******* ************** *****

Build successful !!
Total time taken: 1.989 secs
**** Build Finished [sam., 8 avr. 2017 14:10:33] ****
**** Incremental Build [sam., 8 avr. 2017 14:24:35] ****
 Project: test
 Configuration: tie_dev1
 Build Target: Debug
********************************

C:\Logiciels\Xtensa\XtDevTools\install\tools\RF-2015.2-win32\XtensaTools\bin\xt-xcc -c -g -O0 -fmessage-length=0 -I "C:/TEMP/THOG-xtensa/XtensaInfo/Models/tie_dev1.tdk" -I "C:/TEMP/THOG-xtensa/test" -DPROC_tie_dev1 -DCONFIG_tie_dev1 --xtensa-system=C:/Logiciels/Xtensa/XtDevTools/install/builds/RF-2015.2-win32/tie_dev1/config --xtensa-core=tie_dev1 --xtensa-params=C:/TEMP/THOG-xtensa/XtensaInfo/Models/tie_dev1.tdk "C:/TEMP/THOG-life/src/hog.cpp" -o "C:/TEMP/THOG-xtensa/test/bin/tie_dev1/Debug/hog.o" 
C:/TEMP/THOG-life/src/hog.cpp: In constructor 'SVM::SVM(std::string)':
C:/TEMP/THOG-life/src/hog.cpp:500: warning: cannot pass objects of non-POD type 'struct std::string' through '...'; call will abort at runtime
Time taken: 781 ms 

C:\Logiciels\Xtensa\XtDevTools\install\tools\RF-2015.2-win32\XtensaTools\bin\xt-xc++ -Wl,@C:/TEMP/THOG-xtensa/test/bin/tie_dev1/Debug/objfiles.list -o C:/TEMP/THOG-xtensa/test/bin/tie_dev1/Debug/test.minsize -mlsp=sim -Wl,-r -nostdlib --xtensa-system=C:/Logiciels/Xtensa/XtDevTools/install/builds/RF-2015.2-win32/tie_dev1/config --xtensa-core=tie_dev1 --xtensa-params=C:/TEMP/THOG-xtensa/XtensaInfo/Models/tie_dev1.tdk 
Time taken: 94 ms 

C:\Logiciels\Xtensa\XtDevTools\install\tools\RF-2015.2-win32\XtensaTools\bin\xt-xc++ -Wl,@C:/TEMP/THOG-xtensa/test/bin/tie_dev1/Debug/objfiles.list -o C:/TEMP/THOG-xtensa/test/bin/tie_dev1/Debug/test -mlsp=sim --xtensa-system=C:/Logiciels/Xtensa/XtDevTools/install/builds/RF-2015.2-win32/tie_dev1/config --xtensa-core=tie_dev1 --xtensa-params=C:/TEMP/THOG-xtensa/XtensaInfo/Models/tie_dev1.tdk 
Time taken: 406 ms 

******* Code size summary *****

C:\Logiciels\Xtensa\XtDevTools\install\tools\RF-2015.2-win32\XtensaTools\bin\xt-size -C C:/TEMP/THOG-xtensa/test/bin/tie_dev1/Debug/test 
TYPE   	   text	 rodata	   data	    bss	    dec    hex	filename
code   	  83885	      0	     39	      0	  83924	  147d4	C:/TEMP/THOG-xtensa/test/bin/tie_dev1/Debug/test
literal	   1776	      0	      0	      0	   1776	    6f0	C:/TEMP/THOG-xtensa/test/bin/tie_dev1/Debug/test
other  	   3147	      0	  29853	   3600	  36600	   8ef8	C:/TEMP/THOG-xtensa/test/bin/tie_dev1/Debug/test
Total  	  88808	      0	  29892	   3600	 122300	  1ddbc	C:/TEMP/THOG-xtensa/test/bin/tie_dev1/Debug/test

Time taken: 110 ms 

******* ************** *****

Build successful !!
Total time taken: 2.016 secs
**** Build Finished [sam., 8 avr. 2017 14:24:37] ****
**** Incremental Build [sam., 8 avr. 2017 14:26:32] ****
 Project: test
 Configuration: tie_dev1
 Build Target: Debug
********************************

C:\Logiciels\Xtensa\XtDevTools\install\tools\RF-2015.2-win32\XtensaTools\bin\xt-xcc -c -g -O0 -fmessage-length=0 -I "C:/TEMP/THOG-xtensa/XtensaInfo/Models/tie_dev1.tdk" -I "C:/TEMP/THOG-xtensa/test" -DPROC_tie_dev1 -DCONFIG_tie_dev1 --xtensa-system=C:/Logiciels/Xtensa/XtDevTools/install/builds/RF-2015.2-win32/tie_dev1/config --xtensa-core=tie_dev1 --xtensa-params=C:/TEMP/THOG-xtensa/XtensaInfo/Models/tie_dev1.tdk "C:/TEMP/THOG-life/src/hog.cpp" -o "C:/TEMP/THOG-xtensa/test/bin/tie_dev1/Debug/hog.o" 
C:/TEMP/THOG-life/src/hog.cpp: In constructor 'SVM::SVM(std::string)':
C:/TEMP/THOG-life/src/hog.cpp:500: warning: cannot pass objects of non-POD type 'struct std::string' through '...'; call will abort at runtime
Time taken: 782 ms 

C:\Logiciels\Xtensa\XtDevTools\install\tools\RF-2015.2-win32\XtensaTools\bin\xt-xc++ -Wl,@C:/TEMP/THOG-xtensa/test/bin/tie_dev1/Debug/objfiles.list -o C:/TEMP/THOG-xtensa/test/bin/tie_dev1/Debug/test.minsize -mlsp=sim -Wl,-r -nostdlib --xtensa-system=C:/Logiciels/Xtensa/XtDevTools/install/builds/RF-2015.2-win32/tie_dev1/config --xtensa-core=tie_dev1 --xtensa-params=C:/TEMP/THOG-xtensa/XtensaInfo/Models/tie_dev1.tdk 
Time taken: 109 ms 

C:\Logiciels\Xtensa\XtDevTools\install\tools\RF-2015.2-win32\XtensaTools\bin\xt-xc++ -Wl,@C:/TEMP/THOG-xtensa/test/bin/tie_dev1/Debug/objfiles.list -o C:/TEMP/THOG-xtensa/test/bin/tie_dev1/Debug/test -mlsp=sim --xtensa-system=C:/Logiciels/Xtensa/XtDevTools/install/builds/RF-2015.2-win32/tie_dev1/config --xtensa-core=tie_dev1 --xtensa-params=C:/TEMP/THOG-xtensa/XtensaInfo/Models/tie_dev1.tdk 
Time taken: 422 ms 

******* Code size summary *****

C:\Logiciels\Xtensa\XtDevTools\install\tools\RF-2015.2-win32\XtensaTools\bin\xt-size -C C:/TEMP/THOG-xtensa/test/bin/tie_dev1/Debug/test 
TYPE   	   text	 rodata	   data	    bss	    dec    hex	filename
code   	  83885	      0	     39	      0	  83924	  147d4	C:/TEMP/THOG-xtensa/test/bin/tie_dev1/Debug/test
literal	   1776	      0	      0	      0	   1776	    6f0	C:/TEMP/THOG-xtensa/test/bin/tie_dev1/Debug/test
other  	   3147	      0	  29853	   3600	  36600	   8ef8	C:/TEMP/THOG-xtensa/test/bin/tie_dev1/Debug/test
Total  	  88808	      0	  29892	   3600	 122300	  1ddbc	C:/TEMP/THOG-xtensa/test/bin/tie_dev1/Debug/test

Time taken: 94 ms 

******* ************** *****

Build successful !!
Total time taken: 2.0 secs
**** Build Finished [sam., 8 avr. 2017 14:26:34] ****
**** Incremental Build [sam., 8 avr. 2017 14:35:12] ****
 Project: test
 Configuration: tie_dev1
 Build Target: Debug
********************************

C:\Logiciels\Xtensa\XtDevTools\install\tools\RF-2015.2-win32\XtensaTools\bin\xt-xcc -c -g -O0 -fmessage-length=0 -I "C:/TEMP/THOG-xtensa/XtensaInfo/Models/tie_dev1.tdk" -I "C:/TEMP/THOG-xtensa/test" -DPROC_tie_dev1 -DCONFIG_tie_dev1 --xtensa-system=C:/Logiciels/Xtensa/XtDevTools/install/builds/RF-2015.2-win32/tie_dev1/config --xtensa-core=tie_dev1 --xtensa-params=C:/TEMP/THOG-xtensa/XtensaInfo/Models/tie_dev1.tdk "C:/TEMP/THOG-life/src/hog.cpp" -o "C:/TEMP/THOG-xtensa/test/bin/tie_dev1/Debug/hog.o" 
C:/TEMP/THOG-life/src/hog.cpp: In member function 'bool HogWindow::detect(const SVM*)':
C:/TEMP/THOG-life/src/hog.cpp:479: error: expected `]' before ')' token
C:/TEMP/THOG-life/src/hog.cpp: In constructor 'SVM::SVM(std::string)':
C:/TEMP/THOG-life/src/hog.cpp:504: warning: cannot pass objects of non-POD type 'struct std::string' through '...'; call will abort at runtime
Time taken: 260 ms 

Build error encountered... cannot continue further.
Total time taken: 0.791 secs
**** Build Finished [sam., 8 avr. 2017 14:35:13] ****
**** Incremental Build [sam., 8 avr. 2017 14:35:34] ****
 Project: test
 Configuration: tie_dev1
 Build Target: Debug
********************************

C:\Logiciels\Xtensa\XtDevTools\install\tools\RF-2015.2-win32\XtensaTools\bin\xt-xcc -c -g -O0 -fmessage-length=0 -I "C:/TEMP/THOG-xtensa/XtensaInfo/Models/tie_dev1.tdk" -I "C:/TEMP/THOG-xtensa/test" -DPROC_tie_dev1 -DCONFIG_tie_dev1 --xtensa-system=C:/Logiciels/Xtensa/XtDevTools/install/builds/RF-2015.2-win32/tie_dev1/config --xtensa-core=tie_dev1 --xtensa-params=C:/TEMP/THOG-xtensa/XtensaInfo/Models/tie_dev1.tdk "C:/TEMP/THOG-life/src/hog.cpp" -o "C:/TEMP/THOG-xtensa/test/bin/tie_dev1/Debug/hog.o" 
C:/TEMP/THOG-life/src/hog.cpp: In constructor 'SVM::SVM(std::string)':
C:/TEMP/THOG-life/src/hog.cpp:504: warning: cannot pass objects of non-POD type 'struct std::string' through '...'; call will abort at runtime
Time taken: 718 ms 

C:\Logiciels\Xtensa\XtDevTools\install\tools\RF-2015.2-win32\XtensaTools\bin\xt-xc++ -Wl,@C:/TEMP/THOG-xtensa/test/bin/tie_dev1/Debug/objfiles.list -o C:/TEMP/THOG-xtensa/test/bin/tie_dev1/Debug/test.minsize -mlsp=sim -Wl,-r -nostdlib --xtensa-system=C:/Logiciels/Xtensa/XtDevTools/install/builds/RF-2015.2-win32/tie_dev1/config --xtensa-core=tie_dev1 --xtensa-params=C:/TEMP/THOG-xtensa/XtensaInfo/Models/tie_dev1.tdk 
Time taken: 109 ms 

C:\Logiciels\Xtensa\XtDevTools\install\tools\RF-2015.2-win32\XtensaTools\bin\xt-xc++ -Wl,@C:/TEMP/THOG-xtensa/test/bin/tie_dev1/Debug/objfiles.list -o C:/TEMP/THOG-xtensa/test/bin/tie_dev1/Debug/test -mlsp=sim --xtensa-system=C:/Logiciels/Xtensa/XtDevTools/install/builds/RF-2015.2-win32/tie_dev1/config --xtensa-core=tie_dev1 --xtensa-params=C:/TEMP/THOG-xtensa/XtensaInfo/Models/tie_dev1.tdk 
Time taken: 422 ms 

******* Code size summary *****

C:\Logiciels\Xtensa\XtDevTools\install\tools\RF-2015.2-win32\XtensaTools\bin\xt-size -C C:/TEMP/THOG-xtensa/test/bin/tie_dev1/Debug/test 
TYPE   	   text	 rodata	   data	    bss	    dec    hex	filename
code   	  83892	      0	     39	      0	  83931	  147db	C:/TEMP/THOG-xtensa/test/bin/tie_dev1/Debug/test
literal	   1776	      0	      0	      0	   1776	    6f0	C:/TEMP/THOG-xtensa/test/bin/tie_dev1/Debug/test
other  	   3148	      0	  29853	   3600	  36601	   8ef9	C:/TEMP/THOG-xtensa/test/bin/tie_dev1/Debug/test
Total  	  88816	      0	  29892	   3600	 122308	  1ddc4	C:/TEMP/THOG-xtensa/test/bin/tie_dev1/Debug/test

Time taken: 93 ms 

******* ************** *****

Build successful !!
Total time taken: 1.937 secs
**** Build Finished [sam., 8 avr. 2017 14:35:36] ****
**** Incremental Build [sam., 8 avr. 2017 14:41:59] ****
 Project: test
 Configuration: tie_dev1
 Build Target: Debug
********************************

C:\Logiciels\Xtensa\XtDevTools\install\tools\RF-2015.2-win32\XtensaTools\bin\xt-xcc -c -g -O0 -fmessage-length=0 -I "C:/TEMP/THOG-xtensa/XtensaInfo/Models/tie_dev1.tdk" -I "C:/TEMP/THOG-xtensa/test" -DPROC_tie_dev1 -DCONFIG_tie_dev1 --xtensa-system=C:/Logiciels/Xtensa/XtDevTools/install/builds/RF-2015.2-win32/tie_dev1/config --xtensa-core=tie_dev1 --xtensa-params=C:/TEMP/THOG-xtensa/XtensaInfo/Models/tie_dev1.tdk "C:/TEMP/THOG-xtensa/test/cordic.cpp" -o "C:/TEMP/THOG-xtensa/test/bin/tie_dev1/Debug/cordic.o" 
Time taken: 406 ms 

C:\Logiciels\Xtensa\XtDevTools\install\tools\RF-2015.2-win32\XtensaTools\bin\xt-xcc -c -g -O0 -fmessage-length=0 -I "C:/TEMP/THOG-xtensa/XtensaInfo/Models/tie_dev1.tdk" -I "C:/TEMP/THOG-xtensa/test" -DPROC_tie_dev1 -DCONFIG_tie_dev1 --xtensa-system=C:/Logiciels/Xtensa/XtDevTools/install/builds/RF-2015.2-win32/tie_dev1/config --xtensa-core=tie_dev1 --xtensa-params=C:/TEMP/THOG-xtensa/XtensaInfo/Models/tie_dev1.tdk "C:/TEMP/THOG-life/src/detection.cpp" -o "C:/TEMP/THOG-xtensa/test/bin/tie_dev1/Debug/detection.o" 
Time taken: 516 ms 

C:\Logiciels\Xtensa\XtDevTools\install\tools\RF-2015.2-win32\XtensaTools\bin\xt-xcc -c -g -O0 -fmessage-length=0 -I "C:/TEMP/THOG-xtensa/XtensaInfo/Models/tie_dev1.tdk" -I "C:/TEMP/THOG-xtensa/test" -DPROC_tie_dev1 -DCONFIG_tie_dev1 --xtensa-system=C:/Logiciels/Xtensa/XtDevTools/install/builds/RF-2015.2-win32/tie_dev1/config --xtensa-core=tie_dev1 --xtensa-params=C:/TEMP/THOG-xtensa/XtensaInfo/Models/tie_dev1.tdk "C:/TEMP/THOG-life/src/image.cpp" -o "C:/TEMP/THOG-xtensa/test/bin/tie_dev1/Debug/image.o" 
Time taken: 469 ms 

C:\Logiciels\Xtensa\XtDevTools\install\tools\RF-2015.2-win32\XtensaTools\bin\xt-xcc -c -g -O0 -fmessage-length=0 -I "C:/TEMP/THOG-xtensa/XtensaInfo/Models/tie_dev1.tdk" -I "C:/TEMP/THOG-xtensa/test" -DPROC_tie_dev1 -DCONFIG_tie_dev1 --xtensa-system=C:/Logiciels/Xtensa/XtDevTools/install/builds/RF-2015.2-win32/tie_dev1/config --xtensa-core=tie_dev1 --xtensa-params=C:/TEMP/THOG-xtensa/XtensaInfo/Models/tie_dev1.tdk "C:/TEMP/THOG-life/src/hog.cpp" -o "C:/TEMP/THOG-xtensa/test/bin/tie_dev1/Debug/hog.o" 
C:/TEMP/THOG-life/src/hog.cpp: In constructor 'SVM::SVM(std::string)':
C:/TEMP/THOG-life/src/hog.cpp:504: warning: cannot pass objects of non-POD type 'struct std::string' through '...'; call will abort at runtime
Time taken: 702 ms 

C:\Logiciels\Xtensa\XtDevTools\install\tools\RF-2015.2-win32\XtensaTools\bin\xt-xc++ -Wl,@C:/TEMP/THOG-xtensa/test/bin/tie_dev1/Debug/objfiles.list -o C:/TEMP/THOG-xtensa/test/bin/tie_dev1/Debug/test.minsize -mlsp=sim -Wl,-r -nostdlib --xtensa-system=C:/Logiciels/Xtensa/XtDevTools/install/builds/RF-2015.2-win32/tie_dev1/config --xtensa-core=tie_dev1 --xtensa-params=C:/TEMP/THOG-xtensa/XtensaInfo/Models/tie_dev1.tdk 
Time taken: 110 ms 

C:\Logiciels\Xtensa\XtDevTools\install\tools\RF-2015.2-win32\XtensaTools\bin\xt-xc++ -Wl,@C:/TEMP/THOG-xtensa/test/bin/tie_dev1/Debug/objfiles.list -o C:/TEMP/THOG-xtensa/test/bin/tie_dev1/Debug/test -mlsp=sim --xtensa-system=C:/Logiciels/Xtensa/XtDevTools/install/builds/RF-2015.2-win32/tie_dev1/config --xtensa-core=tie_dev1 --xtensa-params=C:/TEMP/THOG-xtensa/XtensaInfo/Models/tie_dev1.tdk 
Time taken: 423 ms 

******* Code size summary *****

C:\Logiciels\Xtensa\XtDevTools\install\tools\RF-2015.2-win32\XtensaTools\bin\xt-size -C C:/TEMP/THOG-xtensa/test/bin/tie_dev1/Debug/test 
TYPE   	   text	 rodata	   data	    bss	    dec    hex	filename
code   	  83889	      0	     39	      0	  83928	  147d8	C:/TEMP/THOG-xtensa/test/bin/tie_dev1/Debug/test
literal	   1776	      0	      0	      0	   1776	    6f0	C:/TEMP/THOG-xtensa/test/bin/tie_dev1/Debug/test
other  	   3151	      0	  29853	   3600	  36604	   8efc	C:/TEMP/THOG-xtensa/test/bin/tie_dev1/Debug/test
Total  	  88816	      0	  29892	   3600	 122308	  1ddc4	C:/TEMP/THOG-xtensa/test/bin/tie_dev1/Debug/test

Time taken: 109 ms 

******* ************** *****

Build successful !!
Total time taken: 2.406 secs
**** Build Finished [sam., 8 avr. 2017 14:42:01] ****
**** Incremental Build [sam., 8 avr. 2017 14:45:40] ****
 Project: test
 Configuration: tie_dev1
 Build Target: Debug
********************************

C:\Logiciels\Xtensa\XtDevTools\install\tools\RF-2015.2-win32\XtensaTools\bin\xt-xcc -c -g -O0 -fmessage-length=0 -I "C:/TEMP/THOG-xtensa/XtensaInfo/Models/tie_dev1.tdk" -I "C:/TEMP/THOG-xtensa/test" -DPROC_tie_dev1 -DCONFIG_tie_dev1 --xtensa-system=C:/Logiciels/Xtensa/XtDevTools/install/builds/RF-2015.2-win32/tie_dev1/config --xtensa-core=tie_dev1 --xtensa-params=C:/TEMP/THOG-xtensa/XtensaInfo/Models/tie_dev1.tdk "C:/TEMP/THOG-xtensa/test/cordic.cpp" -o "C:/TEMP/THOG-xtensa/test/bin/tie_dev1/Debug/cordic.o" 
Time taken: 383 ms 

C:\Logiciels\Xtensa\XtDevTools\install\tools\RF-2015.2-win32\XtensaTools\bin\xt-xcc -c -g -O0 -fmessage-length=0 -I "C:/TEMP/THOG-xtensa/XtensaInfo/Models/tie_dev1.tdk" -I "C:/TEMP/THOG-xtensa/test" -DPROC_tie_dev1 -DCONFIG_tie_dev1 --xtensa-system=C:/Logiciels/Xtensa/XtDevTools/install/builds/RF-2015.2-win32/tie_dev1/config --xtensa-core=tie_dev1 --xtensa-params=C:/TEMP/THOG-xtensa/XtensaInfo/Models/tie_dev1.tdk "C:/TEMP/THOG-life/src/image.cpp" -o "C:/TEMP/THOG-xtensa/test/bin/tie_dev1/Debug/image.o" 
Time taken: 493 ms 

C:\Logiciels\Xtensa\XtDevTools\install\tools\RF-2015.2-win32\XtensaTools\bin\xt-xcc -c -g -O0 -fmessage-length=0 -I "C:/TEMP/THOG-xtensa/XtensaInfo/Models/tie_dev1.tdk" -I "C:/TEMP/THOG-xtensa/test" -DPROC_tie_dev1 -DCONFIG_tie_dev1 --xtensa-system=C:/Logiciels/Xtensa/XtDevTools/install/builds/RF-2015.2-win32/tie_dev1/config --xtensa-core=tie_dev1 --xtensa-params=C:/TEMP/THOG-xtensa/XtensaInfo/Models/tie_dev1.tdk "C:/TEMP/THOG-life/src/detection.cpp" -o "C:/TEMP/THOG-xtensa/test/bin/tie_dev1/Debug/detection.o" 
Time taken: 543 ms 

C:\Logiciels\Xtensa\XtDevTools\install\tools\RF-2015.2-win32\XtensaTools\bin\xt-xcc -c -g -O0 -fmessage-length=0 -I "C:/TEMP/THOG-xtensa/XtensaInfo/Models/tie_dev1.tdk" -I "C:/TEMP/THOG-xtensa/test" -DPROC_tie_dev1 -DCONFIG_tie_dev1 --xtensa-system=C:/Logiciels/Xtensa/XtDevTools/install/builds/RF-2015.2-win32/tie_dev1/config --xtensa-core=tie_dev1 --xtensa-params=C:/TEMP/THOG-xtensa/XtensaInfo/Models/tie_dev1.tdk "C:/TEMP/THOG-life/src/hog.cpp" -o "C:/TEMP/THOG-xtensa/test/bin/tie_dev1/Debug/hog.o" 
C:/TEMP/THOG-life/src/hog.cpp: In constructor 'SVM::SVM(std::string)':
C:/TEMP/THOG-life/src/hog.cpp:504: warning: cannot pass objects of non-POD type 'struct std::string' through '...'; call will abort at runtime
Time taken: 693 ms 

C:\Logiciels\Xtensa\XtDevTools\install\tools\RF-2015.2-win32\XtensaTools\bin\xt-xc++ -Wl,@C:/TEMP/THOG-xtensa/test/bin/tie_dev1/Debug/objfiles.list -o C:/TEMP/THOG-xtensa/test/bin/tie_dev1/Debug/test.minsize -mlsp=sim -Wl,-r -nostdlib --xtensa-system=C:/Logiciels/Xtensa/XtDevTools/install/builds/RF-2015.2-win32/tie_dev1/config --xtensa-core=tie_dev1 --xtensa-params=C:/TEMP/THOG-xtensa/XtensaInfo/Models/tie_dev1.tdk 
Time taken: 92 ms 

C:\Logiciels\Xtensa\XtDevTools\install\tools\RF-2015.2-win32\XtensaTools\bin\xt-xc++ -Wl,@C:/TEMP/THOG-xtensa/test/bin/tie_dev1/Debug/objfiles.list -o C:/TEMP/THOG-xtensa/test/bin/tie_dev1/Debug/test -mlsp=sim --xtensa-system=C:/Logiciels/Xtensa/XtDevTools/install/builds/RF-2015.2-win32/tie_dev1/config --xtensa-core=tie_dev1 --xtensa-params=C:/TEMP/THOG-xtensa/XtensaInfo/Models/tie_dev1.tdk 
Time taken: 442 ms 

******* Code size summary *****

C:\Logiciels\Xtensa\XtDevTools\install\tools\RF-2015.2-win32\XtensaTools\bin\xt-size -C C:/TEMP/THOG-xtensa/test/bin/tie_dev1/Debug/test 
TYPE   	   text	 rodata	   data	    bss	    dec    hex	filename
code   	  83912	      0	     39	      0	  83951	  147ef	C:/TEMP/THOG-xtensa/test/bin/tie_dev1/Debug/test
literal	   1776	      0	      0	      0	   1776	    6f0	C:/TEMP/THOG-xtensa/test/bin/tie_dev1/Debug/test
other  	   3144	      0	  29853	   3600	  36597	   8ef5	C:/TEMP/THOG-xtensa/test/bin/tie_dev1/Debug/test
Total  	  88832	      0	  29892	   3600	 122324	  1ddd4	C:/TEMP/THOG-xtensa/test/bin/tie_dev1/Debug/test

Time taken: 83 ms 

******* ************** *****

Build successful !!
Total time taken: 2.412 secs
**** Build Finished [sam., 8 avr. 2017 14:45:42] ****
**** Incremental Build [sam., 8 avr. 2017 14:49:05] ****
 Project: test
 Configuration: tie_dev1
 Build Target: Debug
********************************

Nothing to build.
Total time taken: 0.008 secs
**** Build Finished [sam., 8 avr. 2017 14:49:05] ****
**** Incremental Build [sam., 8 avr. 2017 15:14:28] ****
 Project: test
 Configuration: tie_dev1
 Build Target: Debug
********************************

C:\Logiciels\Xtensa\XtDevTools\install\tools\RF-2015.2-win32\XtensaTools\bin\xt-xcc -c -g -O0 -fmessage-length=0 -I "C:/TEMP/THOG-xtensa/XtensaInfo/Models/tie_dev1.tdk" -I "C:/TEMP/THOG-xtensa/test" -DPROC_tie_dev1 -DCONFIG_tie_dev1 --xtensa-system=C:/Logiciels/Xtensa/XtDevTools/install/builds/RF-2015.2-win32/tie_dev1/config --xtensa-core=tie_dev1 --xtensa-params=C:/TEMP/THOG-xtensa/XtensaInfo/Models/tie_dev1.tdk "C:/TEMP/THOG-life/src/hog.cpp" -o "C:/TEMP/THOG-xtensa/test/bin/tie_dev1/Debug/hog.o" 
C:/TEMP/THOG-life/src/hog.cpp: In constructor 'SVM::SVM(std::string)':
C:/TEMP/THOG-life/src/hog.cpp:505: warning: cannot pass objects of non-POD type 'struct std::string' through '...'; call will abort at runtime
Time taken: 785 ms 

C:\Logiciels\Xtensa\XtDevTools\install\tools\RF-2015.2-win32\XtensaTools\bin\xt-xc++ -Wl,@C:/TEMP/THOG-xtensa/test/bin/tie_dev1/Debug/objfiles.list -o C:/TEMP/THOG-xtensa/test/bin/tie_dev1/Debug/test.minsize -mlsp=sim -Wl,-r -nostdlib --xtensa-system=C:/Logiciels/Xtensa/XtDevTools/install/builds/RF-2015.2-win32/tie_dev1/config --xtensa-core=tie_dev1 --xtensa-params=C:/TEMP/THOG-xtensa/XtensaInfo/Models/tie_dev1.tdk 
Time taken: 140 ms 

C:\Logiciels\Xtensa\XtDevTools\install\tools\RF-2015.2-win32\XtensaTools\bin\xt-xc++ -Wl,@C:/TEMP/THOG-xtensa/test/bin/tie_dev1/Debug/objfiles.list -o C:/TEMP/THOG-xtensa/test/bin/tie_dev1/Debug/test -mlsp=sim --xtensa-system=C:/Logiciels/Xtensa/XtDevTools/install/builds/RF-2015.2-win32/tie_dev1/config --xtensa-core=tie_dev1 --xtensa-params=C:/TEMP/THOG-xtensa/XtensaInfo/Models/tie_dev1.tdk 
Time taken: 491 ms 

******* Code size summary *****

C:\Logiciels\Xtensa\XtDevTools\install\tools\RF-2015.2-win32\XtensaTools\bin\xt-size -C C:/TEMP/THOG-xtensa/test/bin/tie_dev1/Debug/test 
TYPE   	   text	 rodata	   data	    bss	    dec    hex	filename
code   	  83911	      0	     39	      0	  83950	  147ee	C:/TEMP/THOG-xtensa/test/bin/tie_dev1/Debug/test
literal	   1776	      0	      0	      0	   1776	    6f0	C:/TEMP/THOG-xtensa/test/bin/tie_dev1/Debug/test
other  	   3145	      0	  29853	   3600	  36598	   8ef6	C:/TEMP/THOG-xtensa/test/bin/tie_dev1/Debug/test
Total  	  88832	      0	  29892	   3600	 122324	  1ddd4	C:/TEMP/THOG-xtensa/test/bin/tie_dev1/Debug/test

Time taken: 81 ms 

******* ************** *****

Build successful !!
Total time taken: 2.842 secs
**** Build Finished [sam., 8 avr. 2017 15:14:31] ****
**** Incremental Build [sam., 8 avr. 2017 15:17:31] ****
 Project: test
 Configuration: tie_dev1
 Build Target: Debug
********************************

C:\Logiciels\Xtensa\XtDevTools\install\tools\RF-2015.2-win32\XtensaTools\bin\xt-xcc -c -g -O0 -fmessage-length=0 -I "C:/TEMP/THOG-xtensa/XtensaInfo/Models/tie_dev1.tdk" -I "C:/TEMP/THOG-xtensa/test" -DPROC_tie_dev1 -DCONFIG_tie_dev1 --xtensa-system=C:/Logiciels/Xtensa/XtDevTools/install/builds/RF-2015.2-win32/tie_dev1/config --xtensa-core=tie_dev1 --xtensa-params=C:/TEMP/THOG-xtensa/XtensaInfo/Models/tie_dev1.tdk "C:/TEMP/THOG-life/src/hog.cpp" -o "C:/TEMP/THOG-xtensa/test/bin/tie_dev1/Debug/hog.o" 
C:/TEMP/THOG-life/src/hog.cpp: In constructor 'SVM::SVM(std::string)':
C:/TEMP/THOG-life/src/hog.cpp:505: warning: cannot pass objects of non-POD type 'struct std::string' through '...'; call will abort at runtime
Time taken: 791 ms 

C:\Logiciels\Xtensa\XtDevTools\install\tools\RF-2015.2-win32\XtensaTools\bin\xt-xc++ -Wl,@C:/TEMP/THOG-xtensa/test/bin/tie_dev1/Debug/objfiles.list -o C:/TEMP/THOG-xtensa/test/bin/tie_dev1/Debug/test.minsize -mlsp=sim -Wl,-r -nostdlib --xtensa-system=C:/Logiciels/Xtensa/XtDevTools/install/builds/RF-2015.2-win32/tie_dev1/config --xtensa-core=tie_dev1 --xtensa-params=C:/TEMP/THOG-xtensa/XtensaInfo/Models/tie_dev1.tdk 
Time taken: 93 ms 

C:\Logiciels\Xtensa\XtDevTools\install\tools\RF-2015.2-win32\XtensaTools\bin\xt-xc++ -Wl,@C:/TEMP/THOG-xtensa/test/bin/tie_dev1/Debug/objfiles.list -o C:/TEMP/THOG-xtensa/test/bin/tie_dev1/Debug/test -mlsp=sim --xtensa-system=C:/Logiciels/Xtensa/XtDevTools/install/builds/RF-2015.2-win32/tie_dev1/config --xtensa-core=tie_dev1 --xtensa-params=C:/TEMP/THOG-xtensa/XtensaInfo/Models/tie_dev1.tdk 
Time taken: 445 ms 

******* Code size summary *****

C:\Logiciels\Xtensa\XtDevTools\install\tools\RF-2015.2-win32\XtensaTools\bin\xt-size -C C:/TEMP/THOG-xtensa/test/bin/tie_dev1/Debug/test 
TYPE   	   text	 rodata	   data	    bss	    dec    hex	filename
code   	  83910	      0	     39	      0	  83949	  147ed	C:/TEMP/THOG-xtensa/test/bin/tie_dev1/Debug/test
literal	   1776	      0	      0	      0	   1776	    6f0	C:/TEMP/THOG-xtensa/test/bin/tie_dev1/Debug/test
other  	   3146	      0	  29853	   3600	  36599	   8ef7	C:/TEMP/THOG-xtensa/test/bin/tie_dev1/Debug/test
Total  	  88832	      0	  29892	   3600	 122324	  1ddd4	C:/TEMP/THOG-xtensa/test/bin/tie_dev1/Debug/test

Time taken: 83 ms 

******* ************** *****

Build successful !!
Total time taken: 2.038 secs
**** Build Finished [sam., 8 avr. 2017 15:17:33] ****
**** Incremental Build [sam., 8 avr. 2017 15:22:48] ****
 Project: test
 Configuration: tie_dev1
 Build Target: Debug
********************************

C:\Logiciels\Xtensa\XtDevTools\install\tools\RF-2015.2-win32\XtensaTools\bin\xt-xcc -c -g -O0 -fmessage-length=0 -I "C:/TEMP/THOG-xtensa/XtensaInfo/Models/tie_dev1.tdk" -I "C:/TEMP/THOG-xtensa/test" -DPROC_tie_dev1 -DCONFIG_tie_dev1 --xtensa-system=C:/Logiciels/Xtensa/XtDevTools/install/builds/RF-2015.2-win32/tie_dev1/config --xtensa-core=tie_dev1 --xtensa-params=C:/TEMP/THOG-xtensa/XtensaInfo/Models/tie_dev1.tdk "C:/TEMP/THOG-life/src/hog.cpp" -o "C:/TEMP/THOG-xtensa/test/bin/tie_dev1/Debug/hog.o" 
C:/TEMP/THOG-life/src/hog.cpp: In constructor 'SVM::SVM(std::string)':
C:/TEMP/THOG-life/src/hog.cpp:505: warning: cannot pass objects of non-POD type 'struct std::string' through '...'; call will abort at runtime
Time taken: 741 ms 

C:\Logiciels\Xtensa\XtDevTools\install\tools\RF-2015.2-win32\XtensaTools\bin\xt-xc++ -Wl,@C:/TEMP/THOG-xtensa/test/bin/tie_dev1/Debug/objfiles.list -o C:/TEMP/THOG-xtensa/test/bin/tie_dev1/Debug/test.minsize -mlsp=sim -Wl,-r -nostdlib --xtensa-system=C:/Logiciels/Xtensa/XtDevTools/install/builds/RF-2015.2-win32/tie_dev1/config --xtensa-core=tie_dev1 --xtensa-params=C:/TEMP/THOG-xtensa/XtensaInfo/Models/tie_dev1.tdk 
Time taken: 92 ms 

C:\Logiciels\Xtensa\XtDevTools\install\tools\RF-2015.2-win32\XtensaTools\bin\xt-xc++ -Wl,@C:/TEMP/THOG-xtensa/test/bin/tie_dev1/Debug/objfiles.list -o C:/TEMP/THOG-xtensa/test/bin/tie_dev1/Debug/test -mlsp=sim --xtensa-system=C:/Logiciels/Xtensa/XtDevTools/install/builds/RF-2015.2-win32/tie_dev1/config --xtensa-core=tie_dev1 --xtensa-params=C:/TEMP/THOG-xtensa/XtensaInfo/Models/tie_dev1.tdk 
Time taken: 393 ms 

******* Code size summary *****

C:\Logiciels\Xtensa\XtDevTools\install\tools\RF-2015.2-win32\XtensaTools\bin\xt-size -C C:/TEMP/THOG-xtensa/test/bin/tie_dev1/Debug/test 
TYPE   	   text	 rodata	   data	    bss	    dec    hex	filename
code   	  83910	      0	     39	      0	  83949	  147ed	C:/TEMP/THOG-xtensa/test/bin/tie_dev1/Debug/test
literal	   1776	      0	      0	      0	   1776	    6f0	C:/TEMP/THOG-xtensa/test/bin/tie_dev1/Debug/test
other  	   3146	      0	  29853	   3600	  36599	   8ef7	C:/TEMP/THOG-xtensa/test/bin/tie_dev1/Debug/test
Total  	  88832	      0	  29892	   3600	 122324	  1ddd4	C:/TEMP/THOG-xtensa/test/bin/tie_dev1/Debug/test

Time taken: 84 ms 

******* ************** *****

Build successful !!
Total time taken: 1.924 secs
**** Build Finished [sam., 8 avr. 2017 15:22:50] ****
**** Incremental Build [sam., 8 avr. 2017 15:34:13] ****
 Project: test
 Configuration: tie_dev1
 Build Target: Debug
********************************

C:\Logiciels\Xtensa\XtDevTools\install\tools\RF-2015.2-win32\XtensaTools\bin\xt-xcc -c -g -O0 -fmessage-length=0 -I "C:/TEMP/THOG-xtensa/XtensaInfo/Models/tie_dev1.tdk" -I "C:/TEMP/THOG-xtensa/test" -DPROC_tie_dev1 -DCONFIG_tie_dev1 --xtensa-system=C:/Logiciels/Xtensa/XtDevTools/install/builds/RF-2015.2-win32/tie_dev1/config --xtensa-core=tie_dev1 --xtensa-params=C:/TEMP/THOG-xtensa/XtensaInfo/Models/tie_dev1.tdk "C:/TEMP/THOG-life/src/hog.cpp" -o "C:/TEMP/THOG-xtensa/test/bin/tie_dev1/Debug/hog.o" 
C:/TEMP/THOG-life/src/hog.cpp: In constructor 'SVM::SVM(std::string)':
C:/TEMP/THOG-life/src/hog.cpp:517: warning: cannot pass objects of non-POD type 'struct std::string' through '...'; call will abort at runtime
Time taken: 736 ms 

C:\Logiciels\Xtensa\XtDevTools\install\tools\RF-2015.2-win32\XtensaTools\bin\xt-xc++ -Wl,@C:/TEMP/THOG-xtensa/test/bin/tie_dev1/Debug/objfiles.list -o C:/TEMP/THOG-xtensa/test/bin/tie_dev1/Debug/test.minsize -mlsp=sim -Wl,-r -nostdlib --xtensa-system=C:/Logiciels/Xtensa/XtDevTools/install/builds/RF-2015.2-win32/tie_dev1/config --xtensa-core=tie_dev1 --xtensa-params=C:/TEMP/THOG-xtensa/XtensaInfo/Models/tie_dev1.tdk 
Time taken: 136 ms 

C:\Logiciels\Xtensa\XtDevTools\install\tools\RF-2015.2-win32\XtensaTools\bin\xt-xc++ -Wl,@C:/TEMP/THOG-xtensa/test/bin/tie_dev1/Debug/objfiles.list -o C:/TEMP/THOG-xtensa/test/bin/tie_dev1/Debug/test -mlsp=sim --xtensa-system=C:/Logiciels/Xtensa/XtDevTools/install/builds/RF-2015.2-win32/tie_dev1/config --xtensa-core=tie_dev1 --xtensa-params=C:/TEMP/THOG-xtensa/XtensaInfo/Models/tie_dev1.tdk 
Time taken: 439 ms 

******* Code size summary *****

C:\Logiciels\Xtensa\XtDevTools\install\tools\RF-2015.2-win32\XtensaTools\bin\xt-size -C C:/TEMP/THOG-xtensa/test/bin/tie_dev1/Debug/test 
TYPE   	   text	 rodata	   data	    bss	    dec    hex	filename
code   	  83883	      0	     39	      0	  83922	  147d2	C:/TEMP/THOG-xtensa/test/bin/tie_dev1/Debug/test
literal	   1776	      0	      0	      0	   1776	    6f0	C:/TEMP/THOG-xtensa/test/bin/tie_dev1/Debug/test
other  	   3149	      0	  29853	   3600	  36602	   8efa	C:/TEMP/THOG-xtensa/test/bin/tie_dev1/Debug/test
Total  	  88808	      0	  29892	   3600	 122300	  1ddbc	C:/TEMP/THOG-xtensa/test/bin/tie_dev1/Debug/test

Time taken: 83 ms 

******* ************** *****

Build successful !!
Total time taken: 2.523 secs
**** Build Finished [sam., 8 avr. 2017 15:34:16] ****
**** Incremental Build [sam., 8 avr. 2017 15:36:19] ****
 Project: test
 Configuration: tie_dev1
 Build Target: Debug
********************************

C:\Logiciels\Xtensa\XtDevTools\install\tools\RF-2015.2-win32\XtensaTools\bin\xt-xcc -c -g -O0 -fmessage-length=0 -I "C:/TEMP/THOG-xtensa/XtensaInfo/Models/tie_dev1.tdk" -I "C:/TEMP/THOG-xtensa/test" -DPROC_tie_dev1 -DCONFIG_tie_dev1 --xtensa-system=C:/Logiciels/Xtensa/XtDevTools/install/builds/RF-2015.2-win32/tie_dev1/config --xtensa-core=tie_dev1 --xtensa-params=C:/TEMP/THOG-xtensa/XtensaInfo/Models/tie_dev1.tdk "C:/TEMP/THOG-life/src/hog.cpp" -o "C:/TEMP/THOG-xtensa/test/bin/tie_dev1/Debug/hog.o" 
C:/TEMP/THOG-life/src/hog.cpp: In constructor 'SVM::SVM(std::string)':
C:/TEMP/THOG-life/src/hog.cpp:516: warning: cannot pass objects of non-POD type 'struct std::string' through '...'; call will abort at runtime
Time taken: 739 ms 

C:\Logiciels\Xtensa\XtDevTools\install\tools\RF-2015.2-win32\XtensaTools\bin\xt-xc++ -Wl,@C:/TEMP/THOG-xtensa/test/bin/tie_dev1/Debug/objfiles.list -o C:/TEMP/THOG-xtensa/test/bin/tie_dev1/Debug/test.minsize -mlsp=sim -Wl,-r -nostdlib --xtensa-system=C:/Logiciels/Xtensa/XtDevTools/install/builds/RF-2015.2-win32/tie_dev1/config --xtensa-core=tie_dev1 --xtensa-params=C:/TEMP/THOG-xtensa/XtensaInfo/Models/tie_dev1.tdk 
Time taken: 88 ms 

C:\Logiciels\Xtensa\XtDevTools\install\tools\RF-2015.2-win32\XtensaTools\bin\xt-xc++ -Wl,@C:/TEMP/THOG-xtensa/test/bin/tie_dev1/Debug/objfiles.list -o C:/TEMP/THOG-xtensa/test/bin/tie_dev1/Debug/test -mlsp=sim --xtensa-system=C:/Logiciels/Xtensa/XtDevTools/install/builds/RF-2015.2-win32/tie_dev1/config --xtensa-core=tie_dev1 --xtensa-params=C:/TEMP/THOG-xtensa/XtensaInfo/Models/tie_dev1.tdk 
Time taken: 391 ms 

******* Code size summary *****

C:\Logiciels\Xtensa\XtDevTools\install\tools\RF-2015.2-win32\XtensaTools\bin\xt-size -C C:/TEMP/THOG-xtensa/test/bin/tie_dev1/Debug/test 
TYPE   	   text	 rodata	   data	    bss	    dec    hex	filename
code   	  83883	      0	     39	      0	  83922	  147d2	C:/TEMP/THOG-xtensa/test/bin/tie_dev1/Debug/test
literal	   1776	      0	      0	      0	   1776	    6f0	C:/TEMP/THOG-xtensa/test/bin/tie_dev1/Debug/test
other  	   3149	      0	  29853	   3600	  36602	   8efa	C:/TEMP/THOG-xtensa/test/bin/tie_dev1/Debug/test
Total  	  88808	      0	  29892	   3600	 122300	  1ddbc	C:/TEMP/THOG-xtensa/test/bin/tie_dev1/Debug/test

Time taken: 83 ms 

******* ************** *****

Build successful !!
Total time taken: 1.914 secs
**** Build Finished [sam., 8 avr. 2017 15:36:21] ****
**** Incremental Build [sam., 8 avr. 2017 15:43:58] ****
 Project: test
 Configuration: tie_dev1
 Build Target: Debug
********************************

C:\Logiciels\Xtensa\XtDevTools\install\tools\RF-2015.2-win32\XtensaTools\bin\xt-xcc -c -g -O0 -fmessage-length=0 -I "C:/TEMP/THOG-xtensa/XtensaInfo/Models/tie_dev1.tdk" -I "C:/TEMP/THOG-xtensa/test" -DPROC_tie_dev1 -DCONFIG_tie_dev1 --xtensa-system=C:/Logiciels/Xtensa/XtDevTools/install/builds/RF-2015.2-win32/tie_dev1/config --xtensa-core=tie_dev1 --xtensa-params=C:/TEMP/THOG-xtensa/XtensaInfo/Models/tie_dev1.tdk "C:/TEMP/THOG-life/src/hog.cpp" -o "C:/TEMP/THOG-xtensa/test/bin/tie_dev1/Debug/hog.o" 
C:/TEMP/THOG-life/src/hog.cpp: In constructor 'SVM::SVM(std::string)':
C:/TEMP/THOG-life/src/hog.cpp:516: warning: cannot pass objects of non-POD type 'struct std::string' through '...'; call will abort at runtime
Time taken: 829 ms 

C:\Logiciels\Xtensa\XtDevTools\install\tools\RF-2015.2-win32\XtensaTools\bin\xt-xc++ -Wl,@C:/TEMP/THOG-xtensa/test/bin/tie_dev1/Debug/objfiles.list -o C:/TEMP/THOG-xtensa/test/bin/tie_dev1/Debug/test.minsize -mlsp=sim -Wl,-r -nostdlib --xtensa-system=C:/Logiciels/Xtensa/XtDevTools/install/builds/RF-2015.2-win32/tie_dev1/config --xtensa-core=tie_dev1 --xtensa-params=C:/TEMP/THOG-xtensa/XtensaInfo/Models/tie_dev1.tdk 
Time taken: 171 ms 

C:\Logiciels\Xtensa\XtDevTools\install\tools\RF-2015.2-win32\XtensaTools\bin\xt-xc++ -Wl,@C:/TEMP/THOG-xtensa/test/bin/tie_dev1/Debug/objfiles.list -o C:/TEMP/THOG-xtensa/test/bin/tie_dev1/Debug/test -mlsp=sim --xtensa-system=C:/Logiciels/Xtensa/XtDevTools/install/builds/RF-2015.2-win32/tie_dev1/config --xtensa-core=tie_dev1 --xtensa-params=C:/TEMP/THOG-xtensa/XtensaInfo/Models/tie_dev1.tdk 
Time taken: 796 ms 

******* Code size summary *****

C:\Logiciels\Xtensa\XtDevTools\install\tools\RF-2015.2-win32\XtensaTools\bin\xt-size -C C:/TEMP/THOG-xtensa/test/bin/tie_dev1/Debug/test 
TYPE   	   text	 rodata	   data	    bss	    dec    hex	filename
code   	  83883	      0	     39	      0	  83922	  147d2	C:/TEMP/THOG-xtensa/test/bin/tie_dev1/Debug/test
literal	   1776	      0	      0	      0	   1776	    6f0	C:/TEMP/THOG-xtensa/test/bin/tie_dev1/Debug/test
other  	   3149	      0	  29853	   3600	  36602	   8efa	C:/TEMP/THOG-xtensa/test/bin/tie_dev1/Debug/test
Total  	  88808	      0	  29892	   3600	 122300	  1ddbc	C:/TEMP/THOG-xtensa/test/bin/tie_dev1/Debug/test

Time taken: 94 ms 

******* ************** *****

Build successful !!
Total time taken: 3.188 secs
**** Build Finished [sam., 8 avr. 2017 15:44:01] ****
**** Incremental Build [sam., 8 avr. 2017 15:51:23] ****
 Project: test
 Configuration: tie_dev1
 Build Target: Debug
********************************

C:\Logiciels\Xtensa\XtDevTools\install\tools\RF-2015.2-win32\XtensaTools\bin\xt-xcc -c -g -O0 -fmessage-length=0 -I "C:/TEMP/THOG-life/THOG-xtensa/XtensaInfo/Models/tie_dev1.tdk" -I "C:/TEMP/THOG-life/THOG-xtensa/test" -DPROC_tie_dev1 -DCONFIG_tie_dev1 --xtensa-system=C:/Logiciels/Xtensa/XtDevTools/install/builds/RF-2015.2-win32/tie_dev1/config --xtensa-core=tie_dev1 --xtensa-params=C:/TEMP/THOG-life/THOG-xtensa/XtensaInfo/Models/tie_dev1.tdk "C:/TEMP/THOG-life/THOG-life/src/image.cpp" -o "C:/TEMP/THOG-life/THOG-xtensa/test/bin/tie_dev1/Debug/image.o" 
xt-xcc ERROR:  file does not exist:  C:/TEMP/THOG-life/THOG-life/src/image.cpp
Time taken: 94 ms 

C:\Logiciels\Xtensa\XtDevTools\install\tools\RF-2015.2-win32\XtensaTools\bin\xt-xcc -c -g -O0 -fmessage-length=0 -I "C:/TEMP/THOG-life/THOG-xtensa/XtensaInfo/Models/tie_dev1.tdk" -I "C:/TEMP/THOG-life/THOG-xtensa/test" -DPROC_tie_dev1 -DCONFIG_tie_dev1 --xtensa-system=C:/Logiciels/Xtensa/XtDevTools/install/builds/RF-2015.2-win32/tie_dev1/config --xtensa-core=tie_dev1 --xtensa-params=C:/TEMP/THOG-life/THOG-xtensa/XtensaInfo/Models/tie_dev1.tdk "C:/TEMP/THOG-life/THOG-life/src/detection.cpp" -o "C:/TEMP/THOG-life/THOG-xtensa/test/bin/tie_dev1/Debug/detection.o" 
xt-xcc ERROR:  file does not exist:  C:/TEMP/THOG-life/THOG-life/src/detection.cpp
Time taken: 94 ms 

C:\Logiciels\Xtensa\XtDevTools\install\tools\RF-2015.2-win32\XtensaTools\bin\xt-xcc -c -g -O0 -fmessage-length=0 -I "C:/TEMP/THOG-life/THOG-xtensa/XtensaInfo/Models/tie_dev1.tdk" -I "C:/TEMP/THOG-life/THOG-xtensa/test" -DPROC_tie_dev1 -DCONFIG_tie_dev1 --xtensa-system=C:/Logiciels/Xtensa/XtDevTools/install/builds/RF-2015.2-win32/tie_dev1/config --xtensa-core=tie_dev1 --xtensa-params=C:/TEMP/THOG-life/THOG-xtensa/XtensaInfo/Models/tie_dev1.tdk "C:/TEMP/THOG-life/THOG-life/src/hog.cpp" -o "C:/TEMP/THOG-life/THOG-xtensa/test/bin/tie_dev1/Debug/hog.o" 
xt-xcc ERROR:  file does not exist:  C:/TEMP/THOG-life/THOG-life/src/hog.cpp
Time taken: 82 ms 

C:\Logiciels\Xtensa\XtDevTools\install\tools\RF-2015.2-win32\XtensaTools\bin\xt-xcc -c -g -O0 -fmessage-length=0 -I "C:/TEMP/THOG-life/THOG-xtensa/XtensaInfo/Models/tie_dev1.tdk" -I "C:/TEMP/THOG-life/THOG-xtensa/test" -DPROC_tie_dev1 -DCONFIG_tie_dev1 --xtensa-system=C:/Logiciels/Xtensa/XtDevTools/install/builds/RF-2015.2-win32/tie_dev1/config --xtensa-core=tie_dev1 --xtensa-params=C:/TEMP/THOG-life/THOG-xtensa/XtensaInfo/Models/tie_dev1.tdk "C:/TEMP/THOG-life/THOG-xtensa/test/cordic.cpp" -o "C:/TEMP/THOG-life/THOG-xtensa/test/bin/tie_dev1/Debug/cordic.o" 
Time taken: 384 ms 

Build error encountered... cannot continue further.
Total time taken: 1.91 secs
**** Build Finished [sam., 8 avr. 2017 15:51:24] ****
**** Incremental Build [sam., 8 avr. 2017 16:03:53] ****
 Project: test
 Configuration: tie_dev1
 Build Target: Debug
********************************

C:\Logiciels\Xtensa\XtDevTools\install\tools\RF-2015.2-win32\XtensaTools\bin\xt-xcc -c -g -O0 -fmessage-length=0 -I "C:/TEMP/THOG-life/THOG-xtensa/XtensaInfo/Models/tie_dev1.tdk" -I "C:/TEMP/THOG-life/THOG-xtensa/test" -DPROC_tie_dev1 -DCONFIG_tie_dev1 --xtensa-system=C:/Logiciels/Xtensa/XtDevTools/install/builds/RF-2015.2-win32/tie_dev1/config --xtensa-core=tie_dev1 --xtensa-params=C:/TEMP/THOG-life/THOG-xtensa/XtensaInfo/Models/tie_dev1.tdk "C:/TEMP/THOG-life/THOG-life/src/hog.cpp" -o "C:/TEMP/THOG-life/THOG-xtensa/test/bin/tie_dev1/Debug/hog.o" 
xt-xcc ERROR:  file does not exist:  C:/TEMP/THOG-life/THOG-life/src/hog.cpp
Time taken: 95 ms 

C:\Logiciels\Xtensa\XtDevTools\install\tools\RF-2015.2-win32\XtensaTools\bin\xt-xcc -c -g -O0 -fmessage-length=0 -I "C:/TEMP/THOG-life/THOG-xtensa/XtensaInfo/Models/tie_dev1.tdk" -I "C:/TEMP/THOG-life/THOG-xtensa/test" -DPROC_tie_dev1 -DCONFIG_tie_dev1 --xtensa-system=C:/Logiciels/Xtensa/XtDevTools/install/builds/RF-2015.2-win32/tie_dev1/config --xtensa-core=tie_dev1 --xtensa-params=C:/TEMP/THOG-life/THOG-xtensa/XtensaInfo/Models/tie_dev1.tdk "C:/TEMP/THOG-life/THOG-life/src/detection.cpp" -o "C:/TEMP/THOG-life/THOG-xtensa/test/bin/tie_dev1/Debug/detection.o" 
xt-xcc ERROR:  file does not exist:  C:/TEMP/THOG-life/THOG-life/src/detection.cpp
Time taken: 95 ms 

C:\Logiciels\Xtensa\XtDevTools\install\tools\RF-2015.2-win32\XtensaTools\bin\xt-xcc -c -g -O0 -fmessage-length=0 -I "C:/TEMP/THOG-life/THOG-xtensa/XtensaInfo/Models/tie_dev1.tdk" -I "C:/TEMP/THOG-life/THOG-xtensa/test" -DPROC_tie_dev1 -DCONFIG_tie_dev1 --xtensa-system=C:/Logiciels/Xtensa/XtDevTools/install/builds/RF-2015.2-win32/tie_dev1/config --xtensa-core=tie_dev1 --xtensa-params=C:/TEMP/THOG-life/THOG-xtensa/XtensaInfo/Models/tie_dev1.tdk "C:/TEMP/THOG-life/THOG-life/src/image.cpp" -o "C:/TEMP/THOG-life/THOG-xtensa/test/bin/tie_dev1/Debug/image.o" 
xt-xcc ERROR:  file does not exist:  C:/TEMP/THOG-life/THOG-life/src/image.cpp
Time taken: 95 ms 

C:\Logiciels\Xtensa\XtDevTools\install\tools\RF-2015.2-win32\XtensaTools\bin\xt-xcc -c -g -O0 -fmessage-length=0 -I "C:/TEMP/THOG-life/THOG-xtensa/XtensaInfo/Models/tie_dev1.tdk" -I "C:/TEMP/THOG-life/THOG-xtensa/test" -DPROC_tie_dev1 -DCONFIG_tie_dev1 --xtensa-system=C:/Logiciels/Xtensa/XtDevTools/install/builds/RF-2015.2-win32/tie_dev1/config --xtensa-core=tie_dev1 --xtensa-params=C:/TEMP/THOG-life/THOG-xtensa/XtensaInfo/Models/tie_dev1.tdk "C:/TEMP/THOG-life/THOG-xtensa/test/util.cpp" -o "C:/TEMP/THOG-life/THOG-xtensa/test/bin/tie_dev1/Debug/util.o" 
In file included from C:/Logiciels/Xtensa/XtDevTools/install/builds/RF-2015.2-win32/tie_dev1/xtensa-elf/include/dirent.h:6,
                 from C:/TEMP/THOG-life/THOG-xtensa/test/util.cpp:11:
C:/Logiciels/Xtensa/XtDevTools/install/builds/RF-2015.2-win32/tie_dev1/xtensa-elf/include/sys/dirent.h:10:2: error: #error "<dirent.h> not supported"
C:/TEMP/THOG-life/THOG-xtensa/test/util.cpp:13:19: error: hog.hpp: No such file or directory
C:/TEMP/THOG-life/THOG-xtensa/test/util.cpp:14:21: error: image.hpp: No such file or directory
Time taken: 135 ms 

C:\Logiciels\Xtensa\XtDevTools\install\tools\RF-2015.2-win32\XtensaTools\bin\xt-xcc -c -g -O0 -fmessage-length=0 -I "C:/TEMP/THOG-life/THOG-xtensa/XtensaInfo/Models/tie_dev1.tdk" -I "C:/TEMP/THOG-life/THOG-xtensa/test" -DPROC_tie_dev1 -DCONFIG_tie_dev1 --xtensa-system=C:/Logiciels/Xtensa/XtDevTools/install/builds/RF-2015.2-win32/tie_dev1/config --xtensa-core=tie_dev1 --xtensa-params=C:/TEMP/THOG-life/THOG-xtensa/XtensaInfo/Models/tie_dev1.tdk "C:/TEMP/THOG-life/THOG-xtensa/test/cordic.cpp" -o "C:/TEMP/THOG-life/THOG-xtensa/test/bin/tie_dev1/Debug/cordic.o" 
Time taken: 438 ms 

Build error encountered... cannot continue further.
Total time taken: 2.111 secs
**** Build Finished [sam., 8 avr. 2017 16:03:55] ****
**** Incremental Build [sam., 8 avr. 2017 16:05:02] ****
 Project: test
 Configuration: tie_dev1
 Build Target: Debug
********************************

C:\Logiciels\Xtensa\XtDevTools\install\tools\RF-2015.2-win32\XtensaTools\bin\xt-xcc -c -g -O0 -fmessage-length=0 -I "C:/TEMP/THOG-life/THOG-xtensa/XtensaInfo/Models/tie_dev1.tdk" -I "C:/TEMP/THOG-life/THOG-xtensa/test" -DPROC_tie_dev1 -DCONFIG_tie_dev1 --xtensa-system=C:/Logiciels/Xtensa/XtDevTools/install/builds/RF-2015.2-win32/tie_dev1/config --xtensa-core=tie_dev1 --xtensa-params=C:/TEMP/THOG-life/THOG-xtensa/XtensaInfo/Models/tie_dev1.tdk "C:/TEMP/THOG-life/THOG-life/src/detection.cpp" -o "C:/TEMP/THOG-life/THOG-xtensa/test/bin/tie_dev1/Debug/detection.o" 
xt-xcc ERROR:  file does not exist:  C:/TEMP/THOG-life/THOG-life/src/detection.cpp
Time taken: 87 ms 

C:\Logiciels\Xtensa\XtDevTools\install\tools\RF-2015.2-win32\XtensaTools\bin\xt-xcc -c -g -O0 -fmessage-length=0 -I "C:/TEMP/THOG-life/THOG-xtensa/XtensaInfo/Models/tie_dev1.tdk" -I "C:/TEMP/THOG-life/THOG-xtensa/test" -DPROC_tie_dev1 -DCONFIG_tie_dev1 --xtensa-system=C:/Logiciels/Xtensa/XtDevTools/install/builds/RF-2015.2-win32/tie_dev1/config --xtensa-core=tie_dev1 --xtensa-params=C:/TEMP/THOG-life/THOG-xtensa/XtensaInfo/Models/tie_dev1.tdk "C:/TEMP/THOG-life/THOG-life/src/image.cpp" -o "C:/TEMP/THOG-life/THOG-xtensa/test/bin/tie_dev1/Debug/image.o" 
xt-xcc ERROR:  file does not exist:  C:/TEMP/THOG-life/THOG-life/src/image.cpp
Time taken: 87 ms 

C:\Logiciels\Xtensa\XtDevTools\install\tools\RF-2015.2-win32\XtensaTools\bin\xt-xcc -c -g -O0 -fmessage-length=0 -I "C:/TEMP/THOG-life/THOG-xtensa/XtensaInfo/Models/tie_dev1.tdk" -I "C:/TEMP/THOG-life/THOG-xtensa/test" -DPROC_tie_dev1 -DCONFIG_tie_dev1 --xtensa-system=C:/Logiciels/Xtensa/XtDevTools/install/builds/RF-2015.2-win32/tie_dev1/config --xtensa-core=tie_dev1 --xtensa-params=C:/TEMP/THOG-life/THOG-xtensa/XtensaInfo/Models/tie_dev1.tdk "C:/TEMP/THOG-life/THOG-life/src/hog.cpp" -o "C:/TEMP/THOG-life/THOG-xtensa/test/bin/tie_dev1/Debug/hog.o" 
xt-xcc ERROR:  file does not exist:  C:/TEMP/THOG-life/THOG-life/src/hog.cpp
Time taken: 81 ms 

C:\Logiciels\Xtensa\XtDevTools\install\tools\RF-2015.2-win32\XtensaTools\bin\xt-xcc -c -g -O0 -fmessage-length=0 -I "C:/TEMP/THOG-life/THOG-xtensa/XtensaInfo/Models/tie_dev1.tdk" -I "C:/TEMP/THOG-life/THOG-xtensa/test" -DPROC_tie_dev1 -DCONFIG_tie_dev1 --xtensa-system=C:/Logiciels/Xtensa/XtDevTools/install/builds/RF-2015.2-win32/tie_dev1/config --xtensa-core=tie_dev1 --xtensa-params=C:/TEMP/THOG-life/THOG-xtensa/XtensaInfo/Models/tie_dev1.tdk "C:/TEMP/THOG-life/THOG-xtensa/test/util.cpp" -o "C:/TEMP/THOG-life/THOG-xtensa/test/bin/tie_dev1/Debug/util.o" 
In file included from C:/Logiciels/Xtensa/XtDevTools/install/builds/RF-2015.2-win32/tie_dev1/xtensa-elf/include/dirent.h:6,
                 from C:/TEMP/THOG-life/THOG-xtensa/test/util.cpp:11:
C:/Logiciels/Xtensa/XtDevTools/install/builds/RF-2015.2-win32/tie_dev1/xtensa-elf/include/sys/dirent.h:10:2: error: #error "<dirent.h> not supported"
Time taken: 134 ms 

Build error encountered... cannot continue further.
Total time taken: 1.561 secs
**** Build Finished [sam., 8 avr. 2017 16:05:03] ****
**** Incremental Build [sam., 8 avr. 2017 16:09:32] ****
 Project: test
 Configuration: tie_dev1
 Build Target: Debug
********************************

C:\Logiciels\Xtensa\XtDevTools\install\tools\RF-2015.2-win32\XtensaTools\bin\xt-xcc -c -g -O0 -fmessage-length=0 -I "C:/TEMP/THOG-life/THOG-xtensa/XtensaInfo/Models/tie_dev1.tdk" -I "C:/TEMP/THOG-life/THOG-xtensa/test" -DPROC_tie_dev1 -DCONFIG_tie_dev1 --xtensa-system=C:/Logiciels/Xtensa/XtDevTools/install/builds/RF-2015.2-win32/tie_dev1/config --xtensa-core=tie_dev1 --xtensa-params=C:/TEMP/THOG-life/THOG-xtensa/XtensaInfo/Models/tie_dev1.tdk "C:/TEMP/THOG-life/THOG-life/src/hog.cpp" -o "C:/TEMP/THOG-life/THOG-xtensa/test/bin/tie_dev1/Debug/hog.o" 
xt-xcc ERROR:  file does not exist:  C:/TEMP/THOG-life/THOG-life/src/hog.cpp
Time taken: 94 ms 

C:\Logiciels\Xtensa\XtDevTools\install\tools\RF-2015.2-win32\XtensaTools\bin\xt-xcc -c -g -O0 -fmessage-length=0 -I "C:/TEMP/THOG-life/THOG-xtensa/XtensaInfo/Models/tie_dev1.tdk" -I "C:/TEMP/THOG-life/THOG-xtensa/test" -DPROC_tie_dev1 -DCONFIG_tie_dev1 --xtensa-system=C:/Logiciels/Xtensa/XtDevTools/install/builds/RF-2015.2-win32/tie_dev1/config --xtensa-core=tie_dev1 --xtensa-params=C:/TEMP/THOG-life/THOG-xtensa/XtensaInfo/Models/tie_dev1.tdk "C:/TEMP/THOG-life/THOG-life/src/detection.cpp" -o "C:/TEMP/THOG-life/THOG-xtensa/test/bin/tie_dev1/Debug/detection.o" 
xt-xcc ERROR:  file does not exist:  C:/TEMP/THOG-life/THOG-life/src/detection.cpp
Time taken: 94 ms 

C:\Logiciels\Xtensa\XtDevTools\install\tools\RF-2015.2-win32\XtensaTools\bin\xt-xcc -c -g -O0 -fmessage-length=0 -I "C:/TEMP/THOG-life/THOG-xtensa/XtensaInfo/Models/tie_dev1.tdk" -I "C:/TEMP/THOG-life/THOG-xtensa/test" -DPROC_tie_dev1 -DCONFIG_tie_dev1 --xtensa-system=C:/Logiciels/Xtensa/XtDevTools/install/builds/RF-2015.2-win32/tie_dev1/config --xtensa-core=tie_dev1 --xtensa-params=C:/TEMP/THOG-life/THOG-xtensa/XtensaInfo/Models/tie_dev1.tdk "C:/TEMP/THOG-life/THOG-life/src/image.cpp" -o "C:/TEMP/THOG-life/THOG-xtensa/test/bin/tie_dev1/Debug/image.o" 
xt-xcc ERROR:  file does not exist:  C:/TEMP/THOG-life/THOG-life/src/image.cpp
Time taken: 94 ms 

C:\Logiciels\Xtensa\XtDevTools\install\tools\RF-2015.2-win32\XtensaTools\bin\xt-xcc -c -g -O0 -fmessage-length=0 -I "C:/TEMP/THOG-life/THOG-xtensa/XtensaInfo/Models/tie_dev1.tdk" -I "C:/TEMP/THOG-life/THOG-xtensa/test" -DPROC_tie_dev1 -DCONFIG_tie_dev1 --xtensa-system=C:/Logiciels/Xtensa/XtDevTools/install/builds/RF-2015.2-win32/tie_dev1/config --xtensa-core=tie_dev1 --xtensa-params=C:/TEMP/THOG-life/THOG-xtensa/XtensaInfo/Models/tie_dev1.tdk "C:/TEMP/THOG-life/THOG-xtensa/test/util.cpp" -o "C:/TEMP/THOG-life/THOG-xtensa/test/bin/tie_dev1/Debug/util.o" 
In file included from C:/Logiciels/Xtensa/XtDevTools/install/builds/RF-2015.2-win32/tie_dev1/xtensa-elf/include/dirent.h:6,
                 from C:/TEMP/THOG-life/THOG-xtensa/test/util.cpp:11:
C:/Logiciels/Xtensa/XtDevTools/install/builds/RF-2015.2-win32/tie_dev1/xtensa-elf/include/sys/dirent.h:10:2: error: #error "<dirent.h> not supported"
Time taken: 141 ms 

Build error encountered... cannot continue further.
Total time taken: 1.515 secs
**** Build Finished [sam., 8 avr. 2017 16:09:34] ****
**** Incremental Build [sam., 8 avr. 2017 16:12:18] ****
 Project: test
 Configuration: tie_dev1
 Build Target: Debug
********************************

C:\Logiciels\Xtensa\XtDevTools\install\tools\RF-2015.2-win32\XtensaTools\bin\xt-xcc -c -g -O0 -fmessage-length=0 -I "C:/TEMP/THOG-life/THOG-xtensa/XtensaInfo/Models/tie_dev1.tdk" -I "C:/TEMP/THOG-life/THOG-xtensa/test" -DPROC_tie_dev1 -DCONFIG_tie_dev1 --xtensa-system=C:/Logiciels/Xtensa/XtDevTools/install/builds/RF-2015.2-win32/tie_dev1/config --xtensa-core=tie_dev1 --xtensa-params=C:/TEMP/THOG-life/THOG-xtensa/XtensaInfo/Models/tie_dev1.tdk "C:/TEMP/THOG-life/THOG-life/src/hog.cpp" -o "C:/TEMP/THOG-life/THOG-xtensa/test/bin/tie_dev1/Debug/hog.o" 
xt-xcc ERROR:  file does not exist:  C:/TEMP/THOG-life/THOG-life/src/hog.cpp
Time taken: 94 ms 

C:\Logiciels\Xtensa\XtDevTools\install\tools\RF-2015.2-win32\XtensaTools\bin\xt-xcc -c -g -O0 -fmessage-length=0 -I "C:/TEMP/THOG-life/THOG-xtensa/XtensaInfo/Models/tie_dev1.tdk" -I "C:/TEMP/THOG-life/THOG-xtensa/test" -DPROC_tie_dev1 -DCONFIG_tie_dev1 --xtensa-system=C:/Logiciels/Xtensa/XtDevTools/install/builds/RF-2015.2-win32/tie_dev1/config --xtensa-core=tie_dev1 --xtensa-params=C:/TEMP/THOG-life/THOG-xtensa/XtensaInfo/Models/tie_dev1.tdk "C:/TEMP/THOG-life/THOG-life/src/detection.cpp" -o "C:/TEMP/THOG-life/THOG-xtensa/test/bin/tie_dev1/Debug/detection.o" 
xt-xcc ERROR:  file does not exist:  C:/TEMP/THOG-life/THOG-life/src/detection.cpp
Time taken: 94 ms 

C:\Logiciels\Xtensa\XtDevTools\install\tools\RF-2015.2-win32\XtensaTools\bin\xt-xcc -c -g -O0 -fmessage-length=0 -I "C:/TEMP/THOG-life/THOG-xtensa/XtensaInfo/Models/tie_dev1.tdk" -I "C:/TEMP/THOG-life/THOG-xtensa/test" -DPROC_tie_dev1 -DCONFIG_tie_dev1 --xtensa-system=C:/Logiciels/Xtensa/XtDevTools/install/builds/RF-2015.2-win32/tie_dev1/config --xtensa-core=tie_dev1 --xtensa-params=C:/TEMP/THOG-life/THOG-xtensa/XtensaInfo/Models/tie_dev1.tdk "C:/TEMP/THOG-life/THOG-life/src/image.cpp" -o "C:/TEMP/THOG-life/THOG-xtensa/test/bin/tie_dev1/Debug/image.o" 
xt-xcc ERROR:  file does not exist:  C:/TEMP/THOG-life/THOG-life/src/image.cpp
Time taken: 94 ms 

C:\Logiciels\Xtensa\XtDevTools\install\tools\RF-2015.2-win32\XtensaTools\bin\xt-xcc -c -g -O0 -fmessage-length=0 -I "C:/TEMP/THOG-life/THOG-xtensa/XtensaInfo/Models/tie_dev1.tdk" -I "C:/TEMP/THOG-life/THOG-xtensa/test" -DPROC_tie_dev1 -DCONFIG_tie_dev1 --xtensa-system=C:/Logiciels/Xtensa/XtDevTools/install/builds/RF-2015.2-win32/tie_dev1/config --xtensa-core=tie_dev1 --xtensa-params=C:/TEMP/THOG-life/THOG-xtensa/XtensaInfo/Models/tie_dev1.tdk "C:/TEMP/THOG-life/THOG-xtensa/test/util.cpp" -o "C:/TEMP/THOG-life/THOG-xtensa/test/bin/tie_dev1/Debug/util.o" 
In file included from C:/Logiciels/Xtensa/XtDevTools/install/builds/RF-2015.2-win32/tie_dev1/xtensa-elf/include/dirent.h:6,
                 from C:/TEMP/THOG-life/THOG-xtensa/test/util.cpp:11:
C:/Logiciels/Xtensa/XtDevTools/install/builds/RF-2015.2-win32/tie_dev1/xtensa-elf/include/sys/dirent.h:10:2: error: #error "<dirent.h> not supported"
Time taken: 141 ms 

Build error encountered... cannot continue further.
Total time taken: 1.481 secs
**** Build Finished [sam., 8 avr. 2017 16:12:20] ****
**** Incremental Build [sam., 8 avr. 2017 16:13:42] ****
 Project: test
 Configuration: tie_dev1
 Build Target: Debug
********************************

C:\Logiciels\Xtensa\XtDevTools\install\tools\RF-2015.2-win32\XtensaTools\bin\xt-xcc -c -g -O0 -fmessage-length=0 -I "C:/TEMP/THOG-life/THOG-xtensa/XtensaInfo/Models/tie_dev1.tdk" -I "C:/TEMP/THOG-life/THOG-xtensa/test" -DPROC_tie_dev1 -DCONFIG_tie_dev1 --xtensa-system=C:/Logiciels/Xtensa/XtDevTools/install/builds/RF-2015.2-win32/tie_dev1/config --xtensa-core=tie_dev1 --xtensa-params=C:/TEMP/THOG-life/THOG-xtensa/XtensaInfo/Models/tie_dev1.tdk "C:/TEMP/THOG-life/src/util.cpp" -o "C:/TEMP/THOG-life/THOG-xtensa/test/bin/tie_dev1/Debug/util.o" 
In file included from C:/Logiciels/Xtensa/XtDevTools/install/builds/RF-2015.2-win32/tie_dev1/xtensa-elf/include/dirent.h:6,
                 from C:/TEMP/THOG-life/src/util.cpp:11:
C:/Logiciels/Xtensa/XtDevTools/install/builds/RF-2015.2-win32/tie_dev1/xtensa-elf/include/sys/dirent.h:10:2: error: #error "<dirent.h> not supported"
Time taken: 156 ms 

C:\Logiciels\Xtensa\XtDevTools\install\tools\RF-2015.2-win32\XtensaTools\bin\xt-xcc -c -g -O0 -fmessage-length=0 -I "C:/TEMP/THOG-life/THOG-xtensa/XtensaInfo/Models/tie_dev1.tdk" -I "C:/TEMP/THOG-life/THOG-xtensa/test" -DPROC_tie_dev1 -DCONFIG_tie_dev1 --xtensa-system=C:/Logiciels/Xtensa/XtDevTools/install/builds/RF-2015.2-win32/tie_dev1/config --xtensa-core=tie_dev1 --xtensa-params=C:/TEMP/THOG-life/THOG-xtensa/XtensaInfo/Models/tie_dev1.tdk "C:/TEMP/THOG-life/src/cordic.cpp" -o "C:/TEMP/THOG-life/THOG-xtensa/test/bin/tie_dev1/Debug/cordic.o" 
Time taken: 390 ms 

C:\Logiciels\Xtensa\XtDevTools\install\tools\RF-2015.2-win32\XtensaTools\bin\xt-xcc -c -g -O0 -fmessage-length=0 -I "C:/TEMP/THOG-life/THOG-xtensa/XtensaInfo/Models/tie_dev1.tdk" -I "C:/TEMP/THOG-life/THOG-xtensa/test" -DPROC_tie_dev1 -DCONFIG_tie_dev1 --xtensa-system=C:/Logiciels/Xtensa/XtDevTools/install/builds/RF-2015.2-win32/tie_dev1/config --xtensa-core=tie_dev1 --xtensa-params=C:/TEMP/THOG-life/THOG-xtensa/XtensaInfo/Models/tie_dev1.tdk "C:/TEMP/THOG-life/src/image.cpp" -o "C:/TEMP/THOG-life/THOG-xtensa/test/bin/tie_dev1/Debug/image.o" 
Time taken: 578 ms 

C:\Logiciels\Xtensa\XtDevTools\install\tools\RF-2015.2-win32\XtensaTools\bin\xt-xcc -c -g -O0 -fmessage-length=0 -I "C:/TEMP/THOG-life/THOG-xtensa/XtensaInfo/Models/tie_dev1.tdk" -I "C:/TEMP/THOG-life/THOG-xtensa/test" -DPROC_tie_dev1 -DCONFIG_tie_dev1 --xtensa-system=C:/Logiciels/Xtensa/XtDevTools/install/builds/RF-2015.2-win32/tie_dev1/config --xtensa-core=tie_dev1 --xtensa-params=C:/TEMP/THOG-life/THOG-xtensa/XtensaInfo/Models/tie_dev1.tdk "C:/TEMP/THOG-life/src/detection.cpp" -o "C:/TEMP/THOG-life/THOG-xtensa/test/bin/tie_dev1/Debug/detection.o" 
Time taken: 1450 ms 

C:\Logiciels\Xtensa\XtDevTools\install\tools\RF-2015.2-win32\XtensaTools\bin\xt-xcc -c -g -O0 -fmessage-length=0 -I "C:/TEMP/THOG-life/THOG-xtensa/XtensaInfo/Models/tie_dev1.tdk" -I "C:/TEMP/THOG-life/THOG-xtensa/test" -DPROC_tie_dev1 -DCONFIG_tie_dev1 --xtensa-system=C:/Logiciels/Xtensa/XtDevTools/install/builds/RF-2015.2-win32/tie_dev1/config --xtensa-core=tie_dev1 --xtensa-params=C:/TEMP/THOG-life/THOG-xtensa/XtensaInfo/Models/tie_dev1.tdk "C:/TEMP/THOG-life/src/hog.cpp" -o "C:/TEMP/THOG-life/THOG-xtensa/test/bin/tie_dev1/Debug/hog.o" 
C:/TEMP/THOG-life/src/hog.cpp: In constructor 'SVM::SVM(std::string)':
C:/TEMP/THOG-life/src/hog.cpp:516: warning: cannot pass objects of non-POD type 'struct std::string' through '...'; call will abort at runtime
Time taken: 1628 ms 

Build error encountered... cannot continue further.
Total time taken: 2.331 secs
**** Build Finished [sam., 8 avr. 2017 16:13:44] ****
**** Incremental Build [sam., 8 avr. 2017 16:14:23] ****
 Project: test
 Configuration: tie_dev1
 Build Target: Debug
********************************

C:\Logiciels\Xtensa\XtDevTools\install\tools\RF-2015.2-win32\XtensaTools\bin\xt-xcc -c -g -O0 -fmessage-length=0 -I "C:/TEMP/THOG-life/THOG-xtensa/XtensaInfo/Models/tie_dev1.tdk" -I "C:/TEMP/THOG-life/THOG-xtensa/test" -DPROC_tie_dev1 -DCONFIG_tie_dev1 --xtensa-system=C:/Logiciels/Xtensa/XtDevTools/install/builds/RF-2015.2-win32/tie_dev1/config --xtensa-core=tie_dev1 --xtensa-params=C:/TEMP/THOG-life/THOG-xtensa/XtensaInfo/Models/tie_dev1.tdk "C:/TEMP/THOG-life/src/util.cpp" -o "C:/TEMP/THOG-life/THOG-xtensa/test/bin/tie_dev1/Debug/util.o" 
In file included from C:/Logiciels/Xtensa/XtDevTools/install/builds/RF-2015.2-win32/tie_dev1/xtensa-elf/include/dirent.h:6,
                 from C:/TEMP/THOG-life/src/util.cpp:11:
C:/Logiciels/Xtensa/XtDevTools/install/builds/RF-2015.2-win32/tie_dev1/xtensa-elf/include/sys/dirent.h:10:2: error: #error "<dirent.h> not supported"
Time taken: 141 ms 

Build error encountered... cannot continue further.
Total time taken: 0.641 secs
**** Build Finished [sam., 8 avr. 2017 16:14:23] ****
**** Incremental Build [sam., 8 avr. 2017 16:15:07] ****
 Project: test
 Configuration: tie_dev1
 Build Target: Debug
********************************

C:\Logiciels\Xtensa\XtDevTools\install\tools\RF-2015.2-win32\XtensaTools\bin\xt-xcc -c -g -O0 -fmessage-length=0 -I "C:/TEMP/THOG-life/THOG-xtensa/XtensaInfo/Models/tie_dev1.tdk" -I "C:/TEMP/THOG-life/THOG-xtensa/test" -DPROC_tie_dev1 -DCONFIG_tie_dev1 --xtensa-system=C:/Logiciels/Xtensa/XtDevTools/install/builds/RF-2015.2-win32/tie_dev1/config --xtensa-core=tie_dev1 --xtensa-params=C:/TEMP/THOG-life/THOG-xtensa/XtensaInfo/Models/tie_dev1.tdk "C:/TEMP/THOG-life/src/util.cpp" -o "C:/TEMP/THOG-life/THOG-xtensa/test/bin/tie_dev1/Debug/util.o" 
In file included from C:/Logiciels/Xtensa/XtDevTools/install/builds/RF-2015.2-win32/tie_dev1/xtensa-elf/include/dirent.h:6,
                 from C:/TEMP/THOG-life/src/util.cpp:11:
C:/Logiciels/Xtensa/XtDevTools/install/builds/RF-2015.2-win32/tie_dev1/xtensa-elf/include/sys/dirent.h:10:2: error: #error "<dirent.h> not supported"
Time taken: 156 ms 

Build error encountered... cannot continue further.
Total time taken: 0.703 secs
**** Build Finished [sam., 8 avr. 2017 16:15:07] ****
**** Incremental Build [sam., 8 avr. 2017 16:15:15] ****
 Project: test
 Configuration: tie_dev1
 Build Target: Debug
********************************

C:\Logiciels\Xtensa\XtDevTools\install\tools\RF-2015.2-win32\XtensaTools\bin\xt-xcc -c -g -O0 -fmessage-length=0 -I "C:/TEMP/THOG-life/THOG-xtensa/XtensaInfo/Models/tie_dev1.tdk" -I "C:/TEMP/THOG-life/THOG-xtensa/test" -DPROC_tie_dev1 -DCONFIG_tie_dev1 --xtensa-system=C:/Logiciels/Xtensa/XtDevTools/install/builds/RF-2015.2-win32/tie_dev1/config --xtensa-core=tie_dev1 --xtensa-params=C:/TEMP/THOG-life/THOG-xtensa/XtensaInfo/Models/tie_dev1.tdk "C:/TEMP/THOG-life/src/util.cpp" -o "C:/TEMP/THOG-life/THOG-xtensa/test/bin/tie_dev1/Debug/util.o" 
C:/TEMP/THOG-life/src/util.cpp: In function 'void compute_all_image_window(std::string, std::string)':
C:/TEMP/THOG-life/src/util.cpp:109: error: 'DIR' was not declared in this scope
C:/TEMP/THOG-life/src/util.cpp:109: error: 'dir' was not declared in this scope
C:/TEMP/THOG-life/src/util.cpp:112: error: 'opendir' was not declared in this scope
C:/TEMP/THOG-life/src/util.cpp:115: error: 'readdir' was not declared in this scope
C:/TEMP/THOG-life/src/util.cpp:117: error: invalid use of incomplete type 'struct dirent'
C:/TEMP/THOG-life/src/util.cpp:110: error: forward declaration of 'struct dirent'
C:/TEMP/THOG-life/src/util.cpp:117: error: 'DT_REG' was not declared in this scope
C:/TEMP/THOG-life/src/util.cpp:119: error: invalid use of incomplete type 'struct dirent'
C:/TEMP/THOG-life/src/util.cpp:110: error: forward declaration of 'struct dirent'
C:/TEMP/THOG-life/src/util.cpp:130: error: 'closedir' was not declared in this scope
Time taken: 219 ms 

Build error encountered... cannot continue further.
Total time taken: 0.773 secs
**** Build Finished [sam., 8 avr. 2017 16:15:16] ****
**** Incremental Build [sam., 8 avr. 2017 16:15:28] ****
 Project: test
 Configuration: tie_dev1
 Build Target: Debug
********************************

C:\Logiciels\Xtensa\XtDevTools\install\tools\RF-2015.2-win32\XtensaTools\bin\xt-xcc -c -g -O0 -fmessage-length=0 -I "C:/TEMP/THOG-life/THOG-xtensa/XtensaInfo/Models/tie_dev1.tdk" -I "C:/TEMP/THOG-life/THOG-xtensa/test" -DPROC_tie_dev1 -DCONFIG_tie_dev1 --xtensa-system=C:/Logiciels/Xtensa/XtDevTools/install/builds/RF-2015.2-win32/tie_dev1/config --xtensa-core=tie_dev1 --xtensa-params=C:/TEMP/THOG-life/THOG-xtensa/XtensaInfo/Models/tie_dev1.tdk "C:/TEMP/THOG-life/src/util.cpp" -o "C:/TEMP/THOG-life/THOG-xtensa/test/bin/tie_dev1/Debug/util.o" 
C:/TEMP/THOG-life/src/util.cpp: In function 'void compute_all_image_window(std::string, std::string)':
C:/TEMP/THOG-life/src/util.cpp:109: error: 'DIR' was not declared in this scope
C:/TEMP/THOG-life/src/util.cpp:109: error: 'dir' was not declared in this scope
C:/TEMP/THOG-life/src/util.cpp:112: error: 'opendir' was not declared in this scope
C:/TEMP/THOG-life/src/util.cpp:115: error: 'readdir' was not declared in this scope
C:/TEMP/THOG-life/src/util.cpp:117: error: invalid use of incomplete type 'struct dirent'
C:/TEMP/THOG-life/src/util.cpp:110: error: forward declaration of 'struct dirent'
C:/TEMP/THOG-life/src/util.cpp:117: error: 'DT_REG' was not declared in this scope
C:/TEMP/THOG-life/src/util.cpp:119: error: invalid use of incomplete type 'struct dirent'
C:/TEMP/THOG-life/src/util.cpp:110: error: forward declaration of 'struct dirent'
C:/TEMP/THOG-life/src/util.cpp:130: error: 'closedir' was not declared in this scope
Time taken: 219 ms 

Build error encountered... cannot continue further.
Total time taken: 0.789 secs
**** Build Finished [sam., 8 avr. 2017 16:15:29] ****
**** Incremental Build [sam., 8 avr. 2017 16:15:34] ****
 Project: test
 Configuration: tie_dev1
 Build Target: Debug
********************************

C:\Logiciels\Xtensa\XtDevTools\install\tools\RF-2015.2-win32\XtensaTools\bin\xt-xcc -c -g -O0 -fmessage-length=0 -I "C:/TEMP/THOG-life/THOG-xtensa/XtensaInfo/Models/tie_dev1.tdk" -I "C:/TEMP/THOG-life/THOG-xtensa/test" -DPROC_tie_dev1 -DCONFIG_tie_dev1 --xtensa-system=C:/Logiciels/Xtensa/XtDevTools/install/builds/RF-2015.2-win32/tie_dev1/config --xtensa-core=tie_dev1 --xtensa-params=C:/TEMP/THOG-life/THOG-xtensa/XtensaInfo/Models/tie_dev1.tdk "C:/TEMP/THOG-life/src/util.cpp" -o "C:/TEMP/THOG-life/THOG-xtensa/test/bin/tie_dev1/Debug/util.o" 
In file included from C:/Logiciels/Xtensa/XtDevTools/install/builds/RF-2015.2-win32/tie_dev1/xtensa-elf/include/dirent.h:6,
                 from C:/TEMP/THOG-life/src/util.cpp:11:
C:/Logiciels/Xtensa/XtDevTools/install/builds/RF-2015.2-win32/tie_dev1/xtensa-elf/include/sys/dirent.h:10:2: error: #error "<dirent.h> not supported"
Time taken: 156 ms 

Build error encountered... cannot continue further.
Total time taken: 0.699 secs
**** Build Finished [sam., 8 avr. 2017 16:15:35] ****
**** Incremental Build [sam., 8 avr. 2017 16:15:43] ****
 Project: test
 Configuration: tie_dev1
 Build Target: Debug
********************************

C:\Logiciels\Xtensa\XtDevTools\install\tools\RF-2015.2-win32\XtensaTools\bin\xt-xcc -c -g -O0 -fmessage-length=0 -I "C:/TEMP/THOG-life/THOG-xtensa/XtensaInfo/Models/tie_dev1.tdk" -I "C:/TEMP/THOG-life/THOG-xtensa/test" -DPROC_tie_dev1 -DCONFIG_tie_dev1 --xtensa-system=C:/Logiciels/Xtensa/XtDevTools/install/builds/RF-2015.2-win32/tie_dev1/config --xtensa-core=tie_dev1 --xtensa-params=C:/TEMP/THOG-life/THOG-xtensa/XtensaInfo/Models/tie_dev1.tdk "C:/TEMP/THOG-life/src/util.cpp" -o "C:/TEMP/THOG-life/THOG-xtensa/test/bin/tie_dev1/Debug/util.o" 
In file included from C:/Logiciels/Xtensa/XtDevTools/install/builds/RF-2015.2-win32/tie_dev1/xtensa-elf/include/dirent.h:6,
                 from C:/TEMP/THOG-life/src/util.cpp:11:
C:/Logiciels/Xtensa/XtDevTools/install/builds/RF-2015.2-win32/tie_dev1/xtensa-elf/include/sys/dirent.h:10:2: error: #error "<dirent.h> not supported"
Time taken: 140 ms 

Build error encountered... cannot continue further.
Total time taken: 0.641 secs
**** Build Finished [sam., 8 avr. 2017 16:15:44] ****
**** Incremental Build [sam., 8 avr. 2017 16:15:55] ****
 Project: test
 Configuration: tie_dev1
 Build Target: Debug
********************************

C:\Logiciels\Xtensa\XtDevTools\install\tools\RF-2015.2-win32\XtensaTools\bin\xt-xcc -c -g -O0 -fmessage-length=0 -I "C:/TEMP/THOG-life/THOG-xtensa/XtensaInfo/Models/tie_dev1.tdk" -I "C:/TEMP/THOG-life/THOG-xtensa/test" -DPROC_tie_dev1 -DCONFIG_tie_dev1 --xtensa-system=C:/Logiciels/Xtensa/XtDevTools/install/builds/RF-2015.2-win32/tie_dev1/config --xtensa-core=tie_dev1 --xtensa-params=C:/TEMP/THOG-life/THOG-xtensa/XtensaInfo/Models/tie_dev1.tdk "C:/TEMP/THOG-life/src/util.cpp" -o "C:/TEMP/THOG-life/THOG-xtensa/test/bin/tie_dev1/Debug/util.o" 
In file included from C:/Logiciels/Xtensa/XtDevTools/install/builds/RF-2015.2-win32/tie_dev1/xtensa-elf/include/dirent.h:6,
                 from C:/TEMP/THOG-life/src/util.cpp:11:
C:/Logiciels/Xtensa/XtDevTools/install/builds/RF-2015.2-win32/tie_dev1/xtensa-elf/include/sys/dirent.h:10:2: error: #error "<dirent.h> not supported"
Time taken: 157 ms 

Build error encountered... cannot continue further.
Total time taken: 0.703 secs
**** Build Finished [sam., 8 avr. 2017 16:15:56] ****
**** Incremental Build [sam., 8 avr. 2017 16:16:47] ****
 Project: test
 Configuration: tie_dev1
 Build Target: Debug
********************************

C:\Logiciels\Xtensa\XtDevTools\install\tools\RF-2015.2-win32\XtensaTools\bin\xt-xc++ -Wl,@C:/TEMP/THOG-life/THOG-xtensa/test/bin/tie_dev1/Debug/objfiles.list -o C:/TEMP/THOG-life/THOG-xtensa/test/bin/tie_dev1/Debug/test.minsize -mlsp=sim -Wl,-r -nostdlib --xtensa-system=C:/Logiciels/Xtensa/XtDevTools/install/builds/RF-2015.2-win32/tie_dev1/config --xtensa-core=tie_dev1 --xtensa-params=C:/TEMP/THOG-life/THOG-xtensa/XtensaInfo/Models/tie_dev1.tdk 
Time taken: 157 ms 

C:\Logiciels\Xtensa\XtDevTools\install\tools\RF-2015.2-win32\XtensaTools\bin\xt-xc++ -Wl,@C:/TEMP/THOG-life/THOG-xtensa/test/bin/tie_dev1/Debug/objfiles.list -o C:/TEMP/THOG-life/THOG-xtensa/test/bin/tie_dev1/Debug/test -mlsp=sim --xtensa-system=C:/Logiciels/Xtensa/XtDevTools/install/builds/RF-2015.2-win32/tie_dev1/config --xtensa-core=tie_dev1 --xtensa-params=C:/TEMP/THOG-life/THOG-xtensa/XtensaInfo/Models/tie_dev1.tdk 
Time taken: 521 ms 

******* Code size summary *****

C:\Logiciels\Xtensa\XtDevTools\install\tools\RF-2015.2-win32\XtensaTools\bin\xt-size -C C:/TEMP/THOG-life/THOG-xtensa/test/bin/tie_dev1/Debug/test 
TYPE   	   text	 rodata	   data	    bss	    dec    hex	filename
code   	  83883	      0	     39	      0	  83922	  147d2	C:/TEMP/THOG-life/THOG-xtensa/test/bin/tie_dev1/Debug/test
literal	   1776	      0	      0	      0	   1776	    6f0	C:/TEMP/THOG-life/THOG-xtensa/test/bin/tie_dev1/Debug/test
other  	   3149	      0	  29853	   3600	  36602	   8efa	C:/TEMP/THOG-life/THOG-xtensa/test/bin/tie_dev1/Debug/test
Total  	  88808	      0	  29892	   3600	 122300	  1ddbc	C:/TEMP/THOG-life/THOG-xtensa/test/bin/tie_dev1/Debug/test

Time taken: 78 ms 

******* ************** *****

Build successful !!
Total time taken: 0.963 secs
**** Build Finished [sam., 8 avr. 2017 16:16:48] ****
**** Incremental Build [sam., 8 avr. 2017 18:42:51] ****
 Project: test
 Configuration: tie_dev1
 Build Target: Debug
********************************
Compiling TIE source(s) attached to configuration "tie_dev1" ...

C:/Logiciels/Xtensa/XtDevTools/install/tools/RF-2015.2-win32/XtensaTools/bin/tc --xtensa-system=C:/Logiciels/Xtensa/XtDevTools/install/builds/RF-2015.2-win32/tie_dev1/config --xtensa-core=tie_dev1 -d C:/TEMP/THOG-life/THOG-xtensa/XtensaInfo/Models/tie_dev1.tdk  -libdebug -Y -noerrformat  -name first_tie C:\TEMP\THOG-life\THOG-xtensa\XtensaInfo\TIEFiles\first_tie.tie

0 error(s), 0 warning(s) 0 message(s)
Time taken: 90496 ms 

C:\Logiciels\Xtensa\XtDevTools\install\tools\RF-2015.2-win32\XtensaTools\bin\xt-xcc -c -g -O0 -fmessage-length=0 -I "C:/TEMP/THOG-life/THOG-xtensa/XtensaInfo/Models/tie_dev1.tdk" -I "C:/TEMP/THOG-life/THOG-xtensa/test" -DPROC_tie_dev1 -DCONFIG_tie_dev1 --xtensa-system=C:/Logiciels/Xtensa/XtDevTools/install/builds/RF-2015.2-win32/tie_dev1/config --xtensa-core=tie_dev1 --xtensa-params=C:/TEMP/THOG-life/THOG-xtensa/XtensaInfo/Models/tie_dev1.tdk "C:/TEMP/THOG-life/THOG-xtensa/test/util.cpp" -o "C:/TEMP/THOG-life/THOG-xtensa/test/bin/tie_dev1/Debug/util.o" 
xt-xcc ERROR:  file does not exist:  C:/TEMP/THOG-life/THOG-xtensa/test/util.cpp
Time taken: 90 ms 

C:\Logiciels\Xtensa\XtDevTools\install\tools\RF-2015.2-win32\XtensaTools\bin\xt-xcc -c -g -O0 -fmessage-length=0 -I "C:/TEMP/THOG-life/THOG-xtensa/XtensaInfo/Models/tie_dev1.tdk" -I "C:/TEMP/THOG-life/THOG-xtensa/test" -DPROC_tie_dev1 -DCONFIG_tie_dev1 --xtensa-system=C:/Logiciels/Xtensa/XtDevTools/install/builds/RF-2015.2-win32/tie_dev1/config --xtensa-core=tie_dev1 --xtensa-params=C:/TEMP/THOG-life/THOG-xtensa/XtensaInfo/Models/tie_dev1.tdk "C:/TEMP/THOG-life/src/image.cpp" -o "C:/TEMP/THOG-life/THOG-xtensa/test/bin/tie_dev1/Debug/image.o" 
Time taken: 2902 ms 

C:\Logiciels\Xtensa\XtDevTools\install\tools\RF-2015.2-win32\XtensaTools\bin\xt-xcc -c -g -O0 -fmessage-length=0 -I "C:/TEMP/THOG-life/THOG-xtensa/XtensaInfo/Models/tie_dev1.tdk" -I "C:/TEMP/THOG-life/THOG-xtensa/test" -DPROC_tie_dev1 -DCONFIG_tie_dev1 --xtensa-system=C:/Logiciels/Xtensa/XtDevTools/install/builds/RF-2015.2-win32/tie_dev1/config --xtensa-core=tie_dev1 --xtensa-params=C:/TEMP/THOG-life/THOG-xtensa/XtensaInfo/Models/tie_dev1.tdk "C:/TEMP/THOG-life/src/cordic.cpp" -o "C:/TEMP/THOG-life/THOG-xtensa/test/bin/tie_dev1/Debug/cordic.o" 
Time taken: 2951 ms 

C:\Logiciels\Xtensa\XtDevTools\install\tools\RF-2015.2-win32\XtensaTools\bin\xt-xcc -c -g -O0 -fmessage-length=0 -I "C:/TEMP/THOG-life/THOG-xtensa/XtensaInfo/Models/tie_dev1.tdk" -I "C:/TEMP/THOG-life/THOG-xtensa/test" -DPROC_tie_dev1 -DCONFIG_tie_dev1 --xtensa-system=C:/Logiciels/Xtensa/XtDevTools/install/builds/RF-2015.2-win32/tie_dev1/config --xtensa-core=tie_dev1 --xtensa-params=C:/TEMP/THOG-life/THOG-xtensa/XtensaInfo/Models/tie_dev1.tdk "C:/TEMP/THOG-life/src/detection.cpp" -o "C:/TEMP/THOG-life/THOG-xtensa/test/bin/tie_dev1/Debug/detection.o" 
Time taken: 3089 ms 

C:\Logiciels\Xtensa\XtDevTools\install\tools\RF-2015.2-win32\XtensaTools\bin\xt-xcc -c -g -O0 -fmessage-length=0 -I "C:/TEMP/THOG-life/THOG-xtensa/XtensaInfo/Models/tie_dev1.tdk" -I "C:/TEMP/THOG-life/THOG-xtensa/test" -DPROC_tie_dev1 -DCONFIG_tie_dev1 --xtensa-system=C:/Logiciels/Xtensa/XtDevTools/install/builds/RF-2015.2-win32/tie_dev1/config --xtensa-core=tie_dev1 --xtensa-params=C:/TEMP/THOG-life/THOG-xtensa/XtensaInfo/Models/tie_dev1.tdk "C:/TEMP/THOG-life/src/hog.cpp" -o "C:/TEMP/THOG-life/THOG-xtensa/test/bin/tie_dev1/Debug/hog.o" 
C:/TEMP/THOG-life/src/hog.cpp: In constructor 'SVM::SVM(std::string)':
C:/TEMP/THOG-life/src/hog.cpp:516: warning: cannot pass objects of non-POD type 'struct std::string' through '...'; call will abort at runtime
Time taken: 3199 ms 

Build error encountered... cannot continue further.
Total time taken: 97.807 secs
**** Build Finished [sam., 8 avr. 2017 18:44:29] ****
**** Incremental Build [sam., 8 avr. 2017 18:45:24] ****
 Project: test
 Configuration: tie_dev1
 Build Target: Debug
********************************

C:\Logiciels\Xtensa\XtDevTools\install\tools\RF-2015.2-win32\XtensaTools\bin\xt-xc++ -Wl,@C:/TEMP/THOG-life/THOG-xtensa/test/bin/tie_dev1/Debug/objfiles.list -o C:/TEMP/THOG-life/THOG-xtensa/test/bin/tie_dev1/Debug/test.minsize -mlsp=sim -Wl,-r -nostdlib --xtensa-system=C:/Logiciels/Xtensa/XtDevTools/install/builds/RF-2015.2-win32/tie_dev1/config --xtensa-core=tie_dev1 --xtensa-params=C:/TEMP/THOG-life/THOG-xtensa/XtensaInfo/Models/tie_dev1.tdk 
Time taken: 107 ms 

C:\Logiciels\Xtensa\XtDevTools\install\tools\RF-2015.2-win32\XtensaTools\bin\xt-xc++ -Wl,@C:/TEMP/THOG-life/THOG-xtensa/test/bin/tie_dev1/Debug/objfiles.list -o C:/TEMP/THOG-life/THOG-xtensa/test/bin/tie_dev1/Debug/test -mlsp=sim --xtensa-system=C:/Logiciels/Xtensa/XtDevTools/install/builds/RF-2015.2-win32/tie_dev1/config --xtensa-core=tie_dev1 --xtensa-params=C:/TEMP/THOG-life/THOG-xtensa/XtensaInfo/Models/tie_dev1.tdk 
C:/TEMP/THOG-life/THOG-xtensa/test/bin/tie_dev1/Debug/cordic.o: In function `atan_cordic(int, int, int*, int*, int)':
C:\TEMP\THOG-life\src/cordic.cpp:50: undefined reference to `_TIE_first_tie_tie_cordic_init(unsigned int, unsigned int)'
C:\TEMP\THOG-life\src/cordic.cpp:62: undefined reference to `_TIE_first_tie_tie_cordic_iterate(unsigned int, unsigned int)'
C:\TEMP\THOG-life\src/cordic.cpp:64: undefined reference to `_TIE_first_tie_RUR_cordic_x()'
C:\TEMP\THOG-life\src/cordic.cpp:65: undefined reference to `_TIE_first_tie_RUR_cordic_y()'
C:\TEMP\THOG-life\src/cordic.cpp:66: undefined reference to `_TIE_first_tie_RUR_cordic_z()'
C:\TEMP\THOG-life\src/cordic.cpp:67: undefined reference to `_TIE_first_tie_RUR_mask_out()'
C:\TEMP\THOG-life\src/cordic.cpp:68: undefined reference to `_TIE_first_tie_RUR_xdiv2_out()'
C:\TEMP\THOG-life\src/cordic.cpp:69: undefined reference to `_TIE_first_tie_RUR_ydiv2_out()'
Time taken: 432 ms 

Build error encountered... cannot continue further.
Total time taken: 0.762 secs
**** Build Finished [sam., 8 avr. 2017 18:45:24] ****
**** Incremental Build [sam., 8 avr. 2017 18:45:46] ****
 Project: test
 Configuration: tie_dev1
 Build Target: Debug
********************************

C:\Logiciels\Xtensa\XtDevTools\install\tools\RF-2015.2-win32\XtensaTools\bin\xt-xcc -c -g -O0 -fmessage-length=0 -I "C:/TEMP/THOG-life/THOG-xtensa/XtensaInfo/Models/tie_dev1.tdk" -I "C:/TEMP/THOG-life/THOG-xtensa/test" -DPROC_tie_dev1 -DCONFIG_tie_dev1 --xtensa-system=C:/Logiciels/Xtensa/XtDevTools/install/builds/RF-2015.2-win32/tie_dev1/config --xtensa-core=tie_dev1 --xtensa-params=C:/TEMP/THOG-life/THOG-xtensa/XtensaInfo/Models/tie_dev1.tdk "C:/TEMP/THOG-life/src/cordic.cpp" -o "C:/TEMP/THOG-life/THOG-xtensa/test/bin/tie_dev1/Debug/cordic.o" 
Time taken: 7172 ms 

C:\Logiciels\Xtensa\XtDevTools\install\tools\RF-2015.2-win32\XtensaTools\bin\xt-xc++ -Wl,@C:/TEMP/THOG-life/THOG-xtensa/test/bin/tie_dev1/Debug/objfiles.list -o C:/TEMP/THOG-life/THOG-xtensa/test/bin/tie_dev1/Debug/test.minsize -mlsp=sim -Wl,-r -nostdlib --xtensa-system=C:/Logiciels/Xtensa/XtDevTools/install/builds/RF-2015.2-win32/tie_dev1/config --xtensa-core=tie_dev1 --xtensa-params=C:/TEMP/THOG-life/THOG-xtensa/XtensaInfo/Models/tie_dev1.tdk 
Time taken: 95 ms 

C:\Logiciels\Xtensa\XtDevTools\install\tools\RF-2015.2-win32\XtensaTools\bin\xt-xc++ -Wl,@C:/TEMP/THOG-life/THOG-xtensa/test/bin/tie_dev1/Debug/objfiles.list -o C:/TEMP/THOG-life/THOG-xtensa/test/bin/tie_dev1/Debug/test -mlsp=sim --xtensa-system=C:/Logiciels/Xtensa/XtDevTools/install/builds/RF-2015.2-win32/tie_dev1/config --xtensa-core=tie_dev1 --xtensa-params=C:/TEMP/THOG-life/THOG-xtensa/XtensaInfo/Models/tie_dev1.tdk 
C:/TEMP/THOG-life/THOG-xtensa/test/bin/tie_dev1/Debug/cordic.o: In function `atan_cordic(int, int, int*, int*, int)':
C:\TEMP\THOG-life\src/cordic.cpp:62: undefined reference to `_TIE_first_tie_tie_cordic_iterate(unsigned int, unsigned int)'
C:\TEMP\THOG-life\src/cordic.cpp:64: undefined reference to `_TIE_first_tie_RUR_cordic_x()'
C:\TEMP\THOG-life\src/cordic.cpp:65: undefined reference to `_TIE_first_tie_RUR_cordic_y()'
C:\TEMP\THOG-life\src/cordic.cpp:66: undefined reference to `_TIE_first_tie_RUR_cordic_z()'
C:\TEMP\THOG-life\src/cordic.cpp:67: undefined reference to `_TIE_first_tie_RUR_mask_out()'
C:\TEMP\THOG-life\src/cordic.cpp:68: undefined reference to `_TIE_first_tie_RUR_xdiv2_out()'
C:\TEMP\THOG-life\src/cordic.cpp:69: undefined reference to `_TIE_first_tie_RUR_ydiv2_out()'
Time taken: 420 ms 

Build error encountered... cannot continue further.
Total time taken: 8.284 secs
**** Build Finished [sam., 8 avr. 2017 18:45:55] ****
**** Incremental Build [sam., 8 avr. 2017 18:46:25] ****
 Project: test
 Configuration: tie_dev1
 Build Target: Debug
********************************

C:\Logiciels\Xtensa\XtDevTools\install\tools\RF-2015.2-win32\XtensaTools\bin\xt-xcc -c -g -O0 -fmessage-length=0 -I "C:/TEMP/THOG-life/THOG-xtensa/XtensaInfo/Models/tie_dev1.tdk" -I "C:/TEMP/THOG-life/THOG-xtensa/test" -DPROC_tie_dev1 -DCONFIG_tie_dev1 --xtensa-system=C:/Logiciels/Xtensa/XtDevTools/install/builds/RF-2015.2-win32/tie_dev1/config --xtensa-core=tie_dev1 --xtensa-params=C:/TEMP/THOG-life/THOG-xtensa/XtensaInfo/Models/tie_dev1.tdk "C:/TEMP/THOG-life/src/cordic.cpp" -o "C:/TEMP/THOG-life/THOG-xtensa/test/bin/tie_dev1/Debug/cordic.o" 
Time taken: 235 ms 

C:\Logiciels\Xtensa\XtDevTools\install\tools\RF-2015.2-win32\XtensaTools\bin\xt-xc++ -Wl,@C:/TEMP/THOG-life/THOG-xtensa/test/bin/tie_dev1/Debug/objfiles.list -o C:/TEMP/THOG-life/THOG-xtensa/test/bin/tie_dev1/Debug/test.minsize -mlsp=sim -Wl,-r -nostdlib --xtensa-system=C:/Logiciels/Xtensa/XtDevTools/install/builds/RF-2015.2-win32/tie_dev1/config --xtensa-core=tie_dev1 --xtensa-params=C:/TEMP/THOG-life/THOG-xtensa/XtensaInfo/Models/tie_dev1.tdk 
Time taken: 92 ms 

C:\Logiciels\Xtensa\XtDevTools\install\tools\RF-2015.2-win32\XtensaTools\bin\xt-xc++ -Wl,@C:/TEMP/THOG-life/THOG-xtensa/test/bin/tie_dev1/Debug/objfiles.list -o C:/TEMP/THOG-life/THOG-xtensa/test/bin/tie_dev1/Debug/test -mlsp=sim --xtensa-system=C:/Logiciels/Xtensa/XtDevTools/install/builds/RF-2015.2-win32/tie_dev1/config --xtensa-core=tie_dev1 --xtensa-params=C:/TEMP/THOG-life/THOG-xtensa/XtensaInfo/Models/tie_dev1.tdk 
Time taken: 414 ms 

******* Code size summary *****

C:\Logiciels\Xtensa\XtDevTools\install\tools\RF-2015.2-win32\XtensaTools\bin\xt-size -C C:/TEMP/THOG-life/THOG-xtensa/test/bin/tie_dev1/Debug/test 
TYPE   	   text	 rodata	   data	    bss	    dec    hex	filename
code   	  83883	      0	     39	      0	  83922	  147d2	C:/TEMP/THOG-life/THOG-xtensa/test/bin/tie_dev1/Debug/test
literal	   1776	      0	      0	      0	   1776	    6f0	C:/TEMP/THOG-life/THOG-xtensa/test/bin/tie_dev1/Debug/test
other  	   3149	      0	  29853	   3600	  36602	   8efa	C:/TEMP/THOG-life/THOG-xtensa/test/bin/tie_dev1/Debug/test
Total  	  88808	      0	  29892	   3600	 122300	  1ddbc	C:/TEMP/THOG-life/THOG-xtensa/test/bin/tie_dev1/Debug/test

Time taken: 82 ms 

******* ************** *****

Build successful !!
Total time taken: 1.461 secs
**** Build Finished [sam., 8 avr. 2017 18:46:26] ****
**** Incremental Build [sam., 8 avr. 2017 18:58:30] ****
 Project: test
 Configuration: tie_dev1
 Build Target: Debug
********************************

C:\Logiciels\Xtensa\XtDevTools\install\tools\RF-2015.2-win32\XtensaTools\bin\xt-xcc -c -g -O0 -fmessage-length=0 -I "C:/TEMP/THOG-life/THOG-xtensa/XtensaInfo/Models/tie_dev1.tdk" -I "C:/TEMP/THOG-life/THOG-xtensa/test" -DPROC_tie_dev1 -DCONFIG_tie_dev1 --xtensa-system=C:/Logiciels/Xtensa/XtDevTools/install/builds/RF-2015.2-win32/tie_dev1/config --xtensa-core=tie_dev1 --xtensa-params=C:/TEMP/THOG-life/THOG-xtensa/XtensaInfo/Models/tie_dev1.tdk "C:/TEMP/THOG-life/src/cordic.cpp" -o "C:/TEMP/THOG-life/THOG-xtensa/test/bin/tie_dev1/Debug/cordic.o" 
Time taken: 7125 ms 

C:\Logiciels\Xtensa\XtDevTools\install\tools\RF-2015.2-win32\XtensaTools\bin\xt-xcc -c -g -O0 -fmessage-length=0 -I "C:/TEMP/THOG-life/THOG-xtensa/XtensaInfo/Models/tie_dev1.tdk" -I "C:/TEMP/THOG-life/THOG-xtensa/test" -DPROC_tie_dev1 -DCONFIG_tie_dev1 --xtensa-system=C:/Logiciels/Xtensa/XtDevTools/install/builds/RF-2015.2-win32/tie_dev1/config --xtensa-core=tie_dev1 --xtensa-params=C:/TEMP/THOG-life/THOG-xtensa/XtensaInfo/Models/tie_dev1.tdk "C:/TEMP/THOG-life/src/image.cpp" -o "C:/TEMP/THOG-life/THOG-xtensa/test/bin/tie_dev1/Debug/image.o" 
Time taken: 7441 ms 

C:\Logiciels\Xtensa\XtDevTools\install\tools\RF-2015.2-win32\XtensaTools\bin\xt-xcc -c -g -O0 -fmessage-length=0 -I "C:/TEMP/THOG-life/THOG-xtensa/XtensaInfo/Models/tie_dev1.tdk" -I "C:/TEMP/THOG-life/THOG-xtensa/test" -DPROC_tie_dev1 -DCONFIG_tie_dev1 --xtensa-system=C:/Logiciels/Xtensa/XtDevTools/install/builds/RF-2015.2-win32/tie_dev1/config --xtensa-core=tie_dev1 --xtensa-params=C:/TEMP/THOG-life/THOG-xtensa/XtensaInfo/Models/tie_dev1.tdk "C:/TEMP/THOG-life/src/detection.cpp" -o "C:/TEMP/THOG-life/THOG-xtensa/test/bin/tie_dev1/Debug/detection.o" 
Time taken: 7541 ms 

C:\Logiciels\Xtensa\XtDevTools\install\tools\RF-2015.2-win32\XtensaTools\bin\xt-xcc -c -g -O0 -fmessage-length=0 -I "C:/TEMP/THOG-life/THOG-xtensa/XtensaInfo/Models/tie_dev1.tdk" -I "C:/TEMP/THOG-life/THOG-xtensa/test" -DPROC_tie_dev1 -DCONFIG_tie_dev1 --xtensa-system=C:/Logiciels/Xtensa/XtDevTools/install/builds/RF-2015.2-win32/tie_dev1/config --xtensa-core=tie_dev1 --xtensa-params=C:/TEMP/THOG-life/THOG-xtensa/XtensaInfo/Models/tie_dev1.tdk "C:/TEMP/THOG-life/src/hog.cpp" -o "C:/TEMP/THOG-life/THOG-xtensa/test/bin/tie_dev1/Debug/hog.o" 
C:/TEMP/THOG-life/src/hog.cpp: In constructor 'SVM::SVM(std::string)':
C:/TEMP/THOG-life/src/hog.cpp:516: warning: cannot pass objects of non-POD type 'struct std::string' through '...'; call will abort at runtime
Time taken: 7641 ms 

C:\Logiciels\Xtensa\XtDevTools\install\tools\RF-2015.2-win32\XtensaTools\bin\xt-xc++ -Wl,@C:/TEMP/THOG-life/THOG-xtensa/test/bin/tie_dev1/Debug/objfiles.list -o C:/TEMP/THOG-life/THOG-xtensa/test/bin/tie_dev1/Debug/test.minsize -mlsp=sim -Wl,-r -nostdlib --xtensa-system=C:/Logiciels/Xtensa/XtDevTools/install/builds/RF-2015.2-win32/tie_dev1/config --xtensa-core=tie_dev1 --xtensa-params=C:/TEMP/THOG-life/THOG-xtensa/XtensaInfo/Models/tie_dev1.tdk 
Time taken: 89 ms 

C:\Logiciels\Xtensa\XtDevTools\install\tools\RF-2015.2-win32\XtensaTools\bin\xt-xc++ -Wl,@C:/TEMP/THOG-life/THOG-xtensa/test/bin/tie_dev1/Debug/objfiles.list -o C:/TEMP/THOG-life/THOG-xtensa/test/bin/tie_dev1/Debug/test -mlsp=sim --xtensa-system=C:/Logiciels/Xtensa/XtDevTools/install/builds/RF-2015.2-win32/tie_dev1/config --xtensa-core=tie_dev1 --xtensa-params=C:/TEMP/THOG-life/THOG-xtensa/XtensaInfo/Models/tie_dev1.tdk 
Time taken: 439 ms 

******* Code size summary *****

C:\Logiciels\Xtensa\XtDevTools\install\tools\RF-2015.2-win32\XtensaTools\bin\xt-size -C C:/TEMP/THOG-life/THOG-xtensa/test/bin/tie_dev1/Debug/test 
TYPE   	   text	 rodata	   data	    bss	    dec    hex	filename
code   	  83883	      0	     39	      0	  83922	  147d2	C:/TEMP/THOG-life/THOG-xtensa/test/bin/tie_dev1/Debug/test
literal	   1776	      0	      0	      0	   1776	    6f0	C:/TEMP/THOG-life/THOG-xtensa/test/bin/tie_dev1/Debug/test
other  	   3149	      0	  29853	   3600	  36602	   8efa	C:/TEMP/THOG-life/THOG-xtensa/test/bin/tie_dev1/Debug/test
Total  	  88808	      0	  29892	   3600	 122300	  1ddbc	C:/TEMP/THOG-life/THOG-xtensa/test/bin/tie_dev1/Debug/test

Time taken: 84 ms 

******* ************** *****

Build successful !!
Total time taken: 9.351 secs
**** Build Finished [sam., 8 avr. 2017 18:58:40] ****
**** Incremental Build [sam., 8 avr. 2017 19:33:05] ****
 Project: test
 Configuration: tie_dev1
 Build Target: Debug
********************************

C:\Logiciels\Xtensa\XtDevTools\install\tools\RF-2015.2-win32\XtensaTools\bin\xt-xcc -c -g -O0 -fmessage-length=0 -I "C:/TEMP/THOG-life/THOG-xtensa/XtensaInfo/Models/tie_dev1.tdk" -I "C:/TEMP/THOG-life/THOG-xtensa/test" -DPROC_tie_dev1 -DCONFIG_tie_dev1 --xtensa-system=C:/Logiciels/Xtensa/XtDevTools/install/builds/RF-2015.2-win32/tie_dev1/config --xtensa-core=tie_dev1 --xtensa-params=C:/TEMP/THOG-life/THOG-xtensa/XtensaInfo/Models/tie_dev1.tdk "C:/TEMP/THOG-life/src/detection.cpp" -o "C:/TEMP/THOG-life/THOG-xtensa/test/bin/tie_dev1/Debug/detection.o" 
C:/TEMP/THOG-life/src/detection.cpp: In function 'int main(int, char**)':
C:/TEMP/THOG-life/src/detection.cpp:21: error: 'tie_cordic_iterate' was not declared in this scope
Time taken: 300 ms 

C:\Logiciels\Xtensa\XtDevTools\install\tools\RF-2015.2-win32\XtensaTools\bin\xt-xcc -c -g -O0 -fmessage-length=0 -I "C:/TEMP/THOG-life/THOG-xtensa/XtensaInfo/Models/tie_dev1.tdk" -I "C:/TEMP/THOG-life/THOG-xtensa/test" -DPROC_tie_dev1 -DCONFIG_tie_dev1 --xtensa-system=C:/Logiciels/Xtensa/XtDevTools/install/builds/RF-2015.2-win32/tie_dev1/config --xtensa-core=tie_dev1 --xtensa-params=C:/TEMP/THOG-life/THOG-xtensa/XtensaInfo/Models/tie_dev1.tdk "C:/TEMP/THOG-life/src/cordic.cpp" -o "C:/TEMP/THOG-life/THOG-xtensa/test/bin/tie_dev1/Debug/cordic.o" 
Time taken: 7188 ms 

C:\Logiciels\Xtensa\XtDevTools\install\tools\RF-2015.2-win32\XtensaTools\bin\xt-xcc -c -g -O0 -fmessage-length=0 -I "C:/TEMP/THOG-life/THOG-xtensa/XtensaInfo/Models/tie_dev1.tdk" -I "C:/TEMP/THOG-life/THOG-xtensa/test" -DPROC_tie_dev1 -DCONFIG_tie_dev1 --xtensa-system=C:/Logiciels/Xtensa/XtDevTools/install/builds/RF-2015.2-win32/tie_dev1/config --xtensa-core=tie_dev1 --xtensa-params=C:/TEMP/THOG-life/THOG-xtensa/XtensaInfo/Models/tie_dev1.tdk "C:/TEMP/THOG-life/src/image.cpp" -o "C:/TEMP/THOG-life/THOG-xtensa/test/bin/tie_dev1/Debug/image.o" 
Time taken: 7339 ms 

C:\Logiciels\Xtensa\XtDevTools\install\tools\RF-2015.2-win32\XtensaTools\bin\xt-xcc -c -g -O0 -fmessage-length=0 -I "C:/TEMP/THOG-life/THOG-xtensa/XtensaInfo/Models/tie_dev1.tdk" -I "C:/TEMP/THOG-life/THOG-xtensa/test" -DPROC_tie_dev1 -DCONFIG_tie_dev1 --xtensa-system=C:/Logiciels/Xtensa/XtDevTools/install/builds/RF-2015.2-win32/tie_dev1/config --xtensa-core=tie_dev1 --xtensa-params=C:/TEMP/THOG-life/THOG-xtensa/XtensaInfo/Models/tie_dev1.tdk "C:/TEMP/THOG-life/src/hog.cpp" -o "C:/TEMP/THOG-life/THOG-xtensa/test/bin/tie_dev1/Debug/hog.o" 
C:/TEMP/THOG-life/src/hog.cpp: In constructor 'SVM::SVM(std::string)':
C:/TEMP/THOG-life/src/hog.cpp:516: warning: cannot pass objects of non-POD type 'struct std::string' through '...'; call will abort at runtime
Time taken: 7589 ms 

Build error encountered... cannot continue further.
Total time taken: 8.346 secs
**** Build Finished [sam., 8 avr. 2017 19:33:13] ****
**** Incremental Build [sam., 8 avr. 2017 19:33:40] ****
 Project: test
 Configuration: tie_dev1
 Build Target: Debug
********************************

C:\Logiciels\Xtensa\XtDevTools\install\tools\RF-2015.2-win32\XtensaTools\bin\xt-xcc -c -g -O0 -fmessage-length=0 -I "C:/TEMP/THOG-life/THOG-xtensa/XtensaInfo/Models/tie_dev1.tdk" -I "C:/TEMP/THOG-life/THOG-xtensa/test" -DPROC_tie_dev1 -DCONFIG_tie_dev1 --xtensa-system=C:/Logiciels/Xtensa/XtDevTools/install/builds/RF-2015.2-win32/tie_dev1/config --xtensa-core=tie_dev1 --xtensa-params=C:/TEMP/THOG-life/THOG-xtensa/XtensaInfo/Models/tie_dev1.tdk "C:/TEMP/THOG-life/src/detection.cpp" -o "C:/TEMP/THOG-life/THOG-xtensa/test/bin/tie_dev1/Debug/detection.o" 
Time taken: 474 ms 

C:\Logiciels\Xtensa\XtDevTools\install\tools\RF-2015.2-win32\XtensaTools\bin\xt-xc++ -Wl,@C:/TEMP/THOG-life/THOG-xtensa/test/bin/tie_dev1/Debug/objfiles.list -o C:/TEMP/THOG-life/THOG-xtensa/test/bin/tie_dev1/Debug/test.minsize -mlsp=sim -Wl,-r -nostdlib --xtensa-system=C:/Logiciels/Xtensa/XtDevTools/install/builds/RF-2015.2-win32/tie_dev1/config --xtensa-core=tie_dev1 --xtensa-params=C:/TEMP/THOG-life/THOG-xtensa/XtensaInfo/Models/tie_dev1.tdk 
Time taken: 92 ms 

C:\Logiciels\Xtensa\XtDevTools\install\tools\RF-2015.2-win32\XtensaTools\bin\xt-xc++ -Wl,@C:/TEMP/THOG-life/THOG-xtensa/test/bin/tie_dev1/Debug/objfiles.list -o C:/TEMP/THOG-life/THOG-xtensa/test/bin/tie_dev1/Debug/test -mlsp=sim --xtensa-system=C:/Logiciels/Xtensa/XtDevTools/install/builds/RF-2015.2-win32/tie_dev1/config --xtensa-core=tie_dev1 --xtensa-params=C:/TEMP/THOG-life/THOG-xtensa/XtensaInfo/Models/tie_dev1.tdk 
Time taken: 406 ms 

******* Code size summary *****

C:\Logiciels\Xtensa\XtDevTools\install\tools\RF-2015.2-win32\XtensaTools\bin\xt-size -C C:/TEMP/THOG-life/THOG-xtensa/test/bin/tie_dev1/Debug/test 
TYPE   	   text	 rodata	   data	    bss	    dec    hex	filename
code   	  83940	      0	     39	      0	  83979	  1480b	C:/TEMP/THOG-life/THOG-xtensa/test/bin/tie_dev1/Debug/test
literal	   1780	      0	      0	      0	   1780	    6f4	C:/TEMP/THOG-life/THOG-xtensa/test/bin/tie_dev1/Debug/test
other  	   3144	      0	  29853	   3600	  36597	   8ef5	C:/TEMP/THOG-life/THOG-xtensa/test/bin/tie_dev1/Debug/test
Total  	  88864	      0	  29892	   3600	 122356	  1ddf4	C:/TEMP/THOG-life/THOG-xtensa/test/bin/tie_dev1/Debug/test

Time taken: 88 ms 

******* ************** *****

Build successful !!
Total time taken: 1.724 secs
**** Build Finished [sam., 8 avr. 2017 19:33:42] ****
**** Incremental Build [sam., 8 avr. 2017 19:34:14] ****
 Project: test
 Configuration: tie_dev1
 Build Target: Debug
********************************

Nothing to build.
Total time taken: 0.009 secs
**** Build Finished [sam., 8 avr. 2017 19:34:14] ****
**** Incremental Build [sam., 8 avr. 2017 19:35:07] ****
 Project: test
 Configuration: tie_dev1
 Build Target: Debug
********************************

C:\Logiciels\Xtensa\XtDevTools\install\tools\RF-2015.2-win32\XtensaTools\bin\xt-xcc -c -g -O0 -fmessage-length=0 -I "C:/TEMP/THOG-life/THOG-xtensa/XtensaInfo/Models/tie_dev1.tdk" -I "C:/TEMP/THOG-life/THOG-xtensa/test" -DPROC_tie_dev1 -DCONFIG_tie_dev1 --xtensa-system=C:/Logiciels/Xtensa/XtDevTools/install/builds/RF-2015.2-win32/tie_dev1/config --xtensa-core=tie_dev1 --xtensa-params=C:/TEMP/THOG-life/THOG-xtensa/XtensaInfo/Models/tie_dev1.tdk "C:/TEMP/THOG-life/src/cordic.cpp" -o "C:/TEMP/THOG-life/THOG-xtensa/test/bin/tie_dev1/Debug/cordic.o" 
Time taken: 7325 ms 

C:\Logiciels\Xtensa\XtDevTools\install\tools\RF-2015.2-win32\XtensaTools\bin\xt-xc++ -Wl,@C:/TEMP/THOG-life/THOG-xtensa/test/bin/tie_dev1/Debug/objfiles.list -o C:/TEMP/THOG-life/THOG-xtensa/test/bin/tie_dev1/Debug/test.minsize -mlsp=sim -Wl,-r -nostdlib --xtensa-system=C:/Logiciels/Xtensa/XtDevTools/install/builds/RF-2015.2-win32/tie_dev1/config --xtensa-core=tie_dev1 --xtensa-params=C:/TEMP/THOG-life/THOG-xtensa/XtensaInfo/Models/tie_dev1.tdk 
Time taken: 100 ms 

C:\Logiciels\Xtensa\XtDevTools\install\tools\RF-2015.2-win32\XtensaTools\bin\xt-xc++ -Wl,@C:/TEMP/THOG-life/THOG-xtensa/test/bin/tie_dev1/Debug/objfiles.list -o C:/TEMP/THOG-life/THOG-xtensa/test/bin/tie_dev1/Debug/test -mlsp=sim --xtensa-system=C:/Logiciels/Xtensa/XtDevTools/install/builds/RF-2015.2-win32/tie_dev1/config --xtensa-core=tie_dev1 --xtensa-params=C:/TEMP/THOG-life/THOG-xtensa/XtensaInfo/Models/tie_dev1.tdk 
Time taken: 425 ms 

******* Code size summary *****

C:\Logiciels\Xtensa\XtDevTools\install\tools\RF-2015.2-win32\XtensaTools\bin\xt-size -C C:/TEMP/THOG-life/THOG-xtensa/test/bin/tie_dev1/Debug/test 
TYPE   	   text	 rodata	   data	    bss	    dec    hex	filename
code   	  83940	      0	     39	      0	  83979	  1480b	C:/TEMP/THOG-life/THOG-xtensa/test/bin/tie_dev1/Debug/test
literal	   1780	      0	      0	      0	   1780	    6f4	C:/TEMP/THOG-life/THOG-xtensa/test/bin/tie_dev1/Debug/test
other  	   3144	      0	  29853	   3600	  36597	   8ef5	C:/TEMP/THOG-life/THOG-xtensa/test/bin/tie_dev1/Debug/test
Total  	  88864	      0	  29892	   3600	 122356	  1ddf4	C:/TEMP/THOG-life/THOG-xtensa/test/bin/tie_dev1/Debug/test

Time taken: 75 ms 

******* ************** *****

Build successful !!
Total time taken: 8.549 secs
**** Build Finished [sam., 8 avr. 2017 19:35:16] ****
**** Incremental Build [sam., 8 avr. 2017 19:42:54] ****
 Project: test
 Configuration: tie_dev1
 Build Target: Debug
********************************

C:\Logiciels\Xtensa\XtDevTools\install\tools\RF-2015.2-win32\XtensaTools\bin\xt-xcc -c -g -O0 -fmessage-length=0 -I "C:/TEMP/THOG-life/THOG-xtensa/XtensaInfo/Models/tie_dev1.tdk" -I "C:/TEMP/THOG-life/THOG-xtensa/test" -DPROC_tie_dev1 -DCONFIG_tie_dev1 --xtensa-system=C:/Logiciels/Xtensa/XtDevTools/install/builds/RF-2015.2-win32/tie_dev1/config --xtensa-core=tie_dev1 --xtensa-params=C:/TEMP/THOG-life/THOG-xtensa/XtensaInfo/Models/tie_dev1.tdk "C:/TEMP/THOG-life/src/cordic.cpp" -o "C:/TEMP/THOG-life/THOG-xtensa/test/bin/tie_dev1/Debug/cordic.o" 
Time taken: 7162 ms 

C:\Logiciels\Xtensa\XtDevTools\install\tools\RF-2015.2-win32\XtensaTools\bin\xt-xcc -c -g -O0 -fmessage-length=0 -I "C:/TEMP/THOG-life/THOG-xtensa/XtensaInfo/Models/tie_dev1.tdk" -I "C:/TEMP/THOG-life/THOG-xtensa/test" -DPROC_tie_dev1 -DCONFIG_tie_dev1 --xtensa-system=C:/Logiciels/Xtensa/XtDevTools/install/builds/RF-2015.2-win32/tie_dev1/config --xtensa-core=tie_dev1 --xtensa-params=C:/TEMP/THOG-life/THOG-xtensa/XtensaInfo/Models/tie_dev1.tdk "C:/TEMP/THOG-life/src/image.cpp" -o "C:/TEMP/THOG-life/THOG-xtensa/test/bin/tie_dev1/Debug/image.o" 
Time taken: 7467 ms 

C:\Logiciels\Xtensa\XtDevTools\install\tools\RF-2015.2-win32\XtensaTools\bin\xt-xcc -c -g -O0 -fmessage-length=0 -I "C:/TEMP/THOG-life/THOG-xtensa/XtensaInfo/Models/tie_dev1.tdk" -I "C:/TEMP/THOG-life/THOG-xtensa/test" -DPROC_tie_dev1 -DCONFIG_tie_dev1 --xtensa-system=C:/Logiciels/Xtensa/XtDevTools/install/builds/RF-2015.2-win32/tie_dev1/config --xtensa-core=tie_dev1 --xtensa-params=C:/TEMP/THOG-life/THOG-xtensa/XtensaInfo/Models/tie_dev1.tdk "C:/TEMP/THOG-life/src/detection.cpp" -o "C:/TEMP/THOG-life/THOG-xtensa/test/bin/tie_dev1/Debug/detection.o" 
Time taken: 7579 ms 

C:\Logiciels\Xtensa\XtDevTools\install\tools\RF-2015.2-win32\XtensaTools\bin\xt-xcc -c -g -O0 -fmessage-length=0 -I "C:/TEMP/THOG-life/THOG-xtensa/XtensaInfo/Models/tie_dev1.tdk" -I "C:/TEMP/THOG-life/THOG-xtensa/test" -DPROC_tie_dev1 -DCONFIG_tie_dev1 --xtensa-system=C:/Logiciels/Xtensa/XtDevTools/install/builds/RF-2015.2-win32/tie_dev1/config --xtensa-core=tie_dev1 --xtensa-params=C:/TEMP/THOG-life/THOG-xtensa/XtensaInfo/Models/tie_dev1.tdk "C:/TEMP/THOG-life/src/hog.cpp" -o "C:/TEMP/THOG-life/THOG-xtensa/test/bin/tie_dev1/Debug/hog.o" 
C:/TEMP/THOG-life/src/hog.cpp: In constructor 'SVM::SVM(std::string)':
C:/TEMP/THOG-life/src/hog.cpp:516: warning: cannot pass objects of non-POD type 'struct std::string' through '...'; call will abort at runtime
Time taken: 7741 ms 

C:\Logiciels\Xtensa\XtDevTools\install\tools\RF-2015.2-win32\XtensaTools\bin\xt-xc++ -Wl,@C:/TEMP/THOG-life/THOG-xtensa/test/bin/tie_dev1/Debug/objfiles.list -o C:/TEMP/THOG-life/THOG-xtensa/test/bin/tie_dev1/Debug/test.minsize -mlsp=sim -Wl,-r -nostdlib --xtensa-system=C:/Logiciels/Xtensa/XtDevTools/install/builds/RF-2015.2-win32/tie_dev1/config --xtensa-core=tie_dev1 --xtensa-params=C:/TEMP/THOG-life/THOG-xtensa/XtensaInfo/Models/tie_dev1.tdk 
Time taken: 79 ms 

C:\Logiciels\Xtensa\XtDevTools\install\tools\RF-2015.2-win32\XtensaTools\bin\xt-xc++ -Wl,@C:/TEMP/THOG-life/THOG-xtensa/test/bin/tie_dev1/Debug/objfiles.list -o C:/TEMP/THOG-life/THOG-xtensa/test/bin/tie_dev1/Debug/test -mlsp=sim --xtensa-system=C:/Logiciels/Xtensa/XtDevTools/install/builds/RF-2015.2-win32/tie_dev1/config --xtensa-core=tie_dev1 --xtensa-params=C:/TEMP/THOG-life/THOG-xtensa/XtensaInfo/Models/tie_dev1.tdk 
Time taken: 380 ms 

******* Code size summary *****

C:\Logiciels\Xtensa\XtDevTools\install\tools\RF-2015.2-win32\XtensaTools\bin\xt-size -C C:/TEMP/THOG-life/THOG-xtensa/test/bin/tie_dev1/Debug/test 
TYPE   	   text	 rodata	   data	    bss	    dec    hex	filename
code   	  83940	      0	     39	      0	  83979	  1480b	C:/TEMP/THOG-life/THOG-xtensa/test/bin/tie_dev1/Debug/test
literal	   1780	      0	      0	      0	   1780	    6f4	C:/TEMP/THOG-life/THOG-xtensa/test/bin/tie_dev1/Debug/test
other  	   3144	      0	  29853	   3600	  36597	   8ef5	C:/TEMP/THOG-life/THOG-xtensa/test/bin/tie_dev1/Debug/test
Total  	  88864	      0	  29892	   3600	 122356	  1ddf4	C:/TEMP/THOG-life/THOG-xtensa/test/bin/tie_dev1/Debug/test

Time taken: 84 ms 

******* ************** *****

Build successful !!
Total time taken: 9.294 secs
**** Build Finished [sam., 8 avr. 2017 19:43:03] ****
**** Incremental Build [sam., 8 avr. 2017 19:43:09] ****
 Project: test
 Configuration: tie_dev1
 Build Target: Debug
********************************

Nothing to build.
Total time taken: 0.009 secs
**** Build Finished [sam., 8 avr. 2017 19:43:09] ****
**** Incremental Build [sam., 8 avr. 2017 19:49:55] ****
 Project: test
 Configuration: tie_dev1
 Build Target: Debug
********************************

C:\Logiciels\Xtensa\XtDevTools\install\tools\RF-2015.2-win32\XtensaTools\bin\xt-xcc -c -g -O0 -fmessage-length=0 -I "C:/TEMP/THOG-life/THOG-xtensa/XtensaInfo/Models/tie_dev1.tdk" -I "C:/TEMP/THOG-life/THOG-xtensa/test" -DPROC_tie_dev1 -DCONFIG_tie_dev1 --xtensa-system=C:/Logiciels/Xtensa/XtDevTools/install/builds/RF-2015.2-win32/tie_dev1/config --xtensa-core=tie_dev1 --xtensa-params=C:/TEMP/THOG-life/THOG-xtensa/XtensaInfo/Models/tie_dev1.tdk "C:/TEMP/THOG-life/src/cordic.cpp" -o "C:/TEMP/THOG-life/THOG-xtensa/test/bin/tie_dev1/Debug/cordic.o" 
Time taken: 7169 ms 

C:\Logiciels\Xtensa\XtDevTools\install\tools\RF-2015.2-win32\XtensaTools\bin\xt-xcc -c -g -O0 -fmessage-length=0 -I "C:/TEMP/THOG-life/THOG-xtensa/XtensaInfo/Models/tie_dev1.tdk" -I "C:/TEMP/THOG-life/THOG-xtensa/test" -DPROC_tie_dev1 -DCONFIG_tie_dev1 --xtensa-system=C:/Logiciels/Xtensa/XtDevTools/install/builds/RF-2015.2-win32/tie_dev1/config --xtensa-core=tie_dev1 --xtensa-params=C:/TEMP/THOG-life/THOG-xtensa/XtensaInfo/Models/tie_dev1.tdk "C:/TEMP/THOG-life/src/detection.cpp" -o "C:/TEMP/THOG-life/THOG-xtensa/test/bin/tie_dev1/Debug/detection.o" 
Time taken: 7433 ms 

C:\Logiciels\Xtensa\XtDevTools\install\tools\RF-2015.2-win32\XtensaTools\bin\xt-xcc -c -g -O0 -fmessage-length=0 -I "C:/TEMP/THOG-life/THOG-xtensa/XtensaInfo/Models/tie_dev1.tdk" -I "C:/TEMP/THOG-life/THOG-xtensa/test" -DPROC_tie_dev1 -DCONFIG_tie_dev1 --xtensa-system=C:/Logiciels/Xtensa/XtDevTools/install/builds/RF-2015.2-win32/tie_dev1/config --xtensa-core=tie_dev1 --xtensa-params=C:/TEMP/THOG-life/THOG-xtensa/XtensaInfo/Models/tie_dev1.tdk "C:/TEMP/THOG-life/src/image.cpp" -o "C:/TEMP/THOG-life/THOG-xtensa/test/bin/tie_dev1/Debug/image.o" 
Time taken: 7433 ms 

C:\Logiciels\Xtensa\XtDevTools\install\tools\RF-2015.2-win32\XtensaTools\bin\xt-xcc -c -g -O0 -fmessage-length=0 -I "C:/TEMP/THOG-life/THOG-xtensa/XtensaInfo/Models/tie_dev1.tdk" -I "C:/TEMP/THOG-life/THOG-xtensa/test" -DPROC_tie_dev1 -DCONFIG_tie_dev1 --xtensa-system=C:/Logiciels/Xtensa/XtDevTools/install/builds/RF-2015.2-win32/tie_dev1/config --xtensa-core=tie_dev1 --xtensa-params=C:/TEMP/THOG-life/THOG-xtensa/XtensaInfo/Models/tie_dev1.tdk "C:/TEMP/THOG-life/src/hog.cpp" -o "C:/TEMP/THOG-life/THOG-xtensa/test/bin/tie_dev1/Debug/hog.o" 
C:/TEMP/THOG-life/src/hog.cpp: In constructor 'SVM::SVM(std::string)':
C:/TEMP/THOG-life/src/hog.cpp:516: warning: cannot pass objects of non-POD type 'struct std::string' through '...'; call will abort at runtime
Time taken: 7647 ms 

C:\Logiciels\Xtensa\XtDevTools\install\tools\RF-2015.2-win32\XtensaTools\bin\xt-xc++ -Wl,@C:/TEMP/THOG-life/THOG-xtensa/test/bin/tie_dev1/Debug/objfiles.list -o C:/TEMP/THOG-life/THOG-xtensa/test/bin/tie_dev1/Debug/test.minsize -mlsp=sim -Wl,-r -nostdlib --xtensa-system=C:/Logiciels/Xtensa/XtDevTools/install/builds/RF-2015.2-win32/tie_dev1/config --xtensa-core=tie_dev1 --xtensa-params=C:/TEMP/THOG-life/THOG-xtensa/XtensaInfo/Models/tie_dev1.tdk 
Time taken: 99 ms 

C:\Logiciels\Xtensa\XtDevTools\install\tools\RF-2015.2-win32\XtensaTools\bin\xt-xc++ -Wl,@C:/TEMP/THOG-life/THOG-xtensa/test/bin/tie_dev1/Debug/objfiles.list -o C:/TEMP/THOG-life/THOG-xtensa/test/bin/tie_dev1/Debug/test -mlsp=sim --xtensa-system=C:/Logiciels/Xtensa/XtDevTools/install/builds/RF-2015.2-win32/tie_dev1/config --xtensa-core=tie_dev1 --xtensa-params=C:/TEMP/THOG-life/THOG-xtensa/XtensaInfo/Models/tie_dev1.tdk 
Time taken: 414 ms 

******* Code size summary *****

C:\Logiciels\Xtensa\XtDevTools\install\tools\RF-2015.2-win32\XtensaTools\bin\xt-size -C C:/TEMP/THOG-life/THOG-xtensa/test/bin/tie_dev1/Debug/test 
TYPE   	   text	 rodata	   data	    bss	    dec    hex	filename
code   	  83940	      0	     39	      0	  83979	  1480b	C:/TEMP/THOG-life/THOG-xtensa/test/bin/tie_dev1/Debug/test
literal	   1780	      0	      0	      0	   1780	    6f4	C:/TEMP/THOG-life/THOG-xtensa/test/bin/tie_dev1/Debug/test
other  	   3144	      0	  29853	   3600	  36597	   8ef5	C:/TEMP/THOG-life/THOG-xtensa/test/bin/tie_dev1/Debug/test
Total  	  88864	      0	  29892	   3600	 122356	  1ddf4	C:/TEMP/THOG-life/THOG-xtensa/test/bin/tie_dev1/Debug/test

Time taken: 86 ms 

******* ************** *****

Build successful !!
Total time taken: 9.284 secs
**** Build Finished [sam., 8 avr. 2017 19:50:04] ****
**** Incremental Build [sam., 8 avr. 2017 19:50:09] ****
 Project: test
 Configuration: tie_dev1
 Build Target: Debug
********************************

Nothing to build.
Total time taken: 0.008 secs
**** Build Finished [sam., 8 avr. 2017 19:50:09] ****
**** Incremental Build [sam., 8 avr. 2017 19:57:29] ****
 Project: test
 Configuration: tie_dev1
 Build Target: Debug
********************************

C:\Logiciels\Xtensa\XtDevTools\install\tools\RF-2015.2-win32\XtensaTools\bin\xt-xcc -c -g -O0 -fmessage-length=0 -I "C:/TEMP/THOG-life/THOG-xtensa/XtensaInfo/Models/tie_dev1.tdk" -I "C:/TEMP/THOG-life/THOG-xtensa/test" -DPROC_tie_dev1 -DCONFIG_tie_dev1 --xtensa-system=C:/Logiciels/Xtensa/XtDevTools/install/builds/RF-2015.2-win32/tie_dev1/config --xtensa-core=tie_dev1 --xtensa-params=C:/TEMP/THOG-life/THOG-xtensa/XtensaInfo/Models/tie_dev1.tdk "C:/TEMP/THOG-life/src/cordic.cpp" -o "C:/TEMP/THOG-life/THOG-xtensa/test/bin/tie_dev1/Debug/cordic.o" 
Time taken: 7395 ms 

C:\Logiciels\Xtensa\XtDevTools\install\tools\RF-2015.2-win32\XtensaTools\bin\xt-xcc -c -g -O0 -fmessage-length=0 -I "C:/TEMP/THOG-life/THOG-xtensa/XtensaInfo/Models/tie_dev1.tdk" -I "C:/TEMP/THOG-life/THOG-xtensa/test" -DPROC_tie_dev1 -DCONFIG_tie_dev1 --xtensa-system=C:/Logiciels/Xtensa/XtDevTools/install/builds/RF-2015.2-win32/tie_dev1/config --xtensa-core=tie_dev1 --xtensa-params=C:/TEMP/THOG-life/THOG-xtensa/XtensaInfo/Models/tie_dev1.tdk "C:/TEMP/THOG-life/src/image.cpp" -o "C:/TEMP/THOG-life/THOG-xtensa/test/bin/tie_dev1/Debug/image.o" 
Time taken: 7457 ms 

C:\Logiciels\Xtensa\XtDevTools\install\tools\RF-2015.2-win32\XtensaTools\bin\xt-xcc -c -g -O0 -fmessage-length=0 -I "C:/TEMP/THOG-life/THOG-xtensa/XtensaInfo/Models/tie_dev1.tdk" -I "C:/TEMP/THOG-life/THOG-xtensa/test" -DPROC_tie_dev1 -DCONFIG_tie_dev1 --xtensa-system=C:/Logiciels/Xtensa/XtDevTools/install/builds/RF-2015.2-win32/tie_dev1/config --xtensa-core=tie_dev1 --xtensa-params=C:/TEMP/THOG-life/THOG-xtensa/XtensaInfo/Models/tie_dev1.tdk "C:/TEMP/THOG-life/src/detection.cpp" -o "C:/TEMP/THOG-life/THOG-xtensa/test/bin/tie_dev1/Debug/detection.o" 
Time taken: 7518 ms 

C:\Logiciels\Xtensa\XtDevTools\install\tools\RF-2015.2-win32\XtensaTools\bin\xt-xcc -c -g -O0 -fmessage-length=0 -I "C:/TEMP/THOG-life/THOG-xtensa/XtensaInfo/Models/tie_dev1.tdk" -I "C:/TEMP/THOG-life/THOG-xtensa/test" -DPROC_tie_dev1 -DCONFIG_tie_dev1 --xtensa-system=C:/Logiciels/Xtensa/XtDevTools/install/builds/RF-2015.2-win32/tie_dev1/config --xtensa-core=tie_dev1 --xtensa-params=C:/TEMP/THOG-life/THOG-xtensa/XtensaInfo/Models/tie_dev1.tdk "C:/TEMP/THOG-life/src/hog.cpp" -o "C:/TEMP/THOG-life/THOG-xtensa/test/bin/tie_dev1/Debug/hog.o" 
C:/TEMP/THOG-life/src/hog.cpp: In constructor 'SVM::SVM(std::string)':
C:/TEMP/THOG-life/src/hog.cpp:516: warning: cannot pass objects of non-POD type 'struct std::string' through '...'; call will abort at runtime
Time taken: 7681 ms 

C:\Logiciels\Xtensa\XtDevTools\install\tools\RF-2015.2-win32\XtensaTools\bin\xt-xc++ -Wl,@C:/TEMP/THOG-life/THOG-xtensa/test/bin/tie_dev1/Debug/objfiles.list -o C:/TEMP/THOG-life/THOG-xtensa/test/bin/tie_dev1/Debug/test.minsize -mlsp=sim -Wl,-r -nostdlib --xtensa-system=C:/Logiciels/Xtensa/XtDevTools/install/builds/RF-2015.2-win32/tie_dev1/config --xtensa-core=tie_dev1 --xtensa-params=C:/TEMP/THOG-life/THOG-xtensa/XtensaInfo/Models/tie_dev1.tdk 
Time taken: 98 ms 

C:\Logiciels\Xtensa\XtDevTools\install\tools\RF-2015.2-win32\XtensaTools\bin\xt-xc++ -Wl,@C:/TEMP/THOG-life/THOG-xtensa/test/bin/tie_dev1/Debug/objfiles.list -o C:/TEMP/THOG-life/THOG-xtensa/test/bin/tie_dev1/Debug/test -mlsp=sim --xtensa-system=C:/Logiciels/Xtensa/XtDevTools/install/builds/RF-2015.2-win32/tie_dev1/config --xtensa-core=tie_dev1 --xtensa-params=C:/TEMP/THOG-life/THOG-xtensa/XtensaInfo/Models/tie_dev1.tdk 
C:/TEMP/THOG-life/THOG-xtensa/test/bin/tie_dev1/Debug/cordic.o: In function `atan_cordic(int, int, int*, int*, int)':
C:\TEMP\THOG-life\src/cordic.cpp:63: undefined reference to `_TIE_first_tie_tie_cordic_iterate(unsigned int, unsigned int)'
Time taken: 421 ms 

Build error encountered... cannot continue further.
Total time taken: 9.365 secs
**** Build Finished [sam., 8 avr. 2017 19:57:39] ****
**** Incremental Build [sam., 8 avr. 2017 19:57:49] ****
 Project: test
 Configuration: tie_dev1
 Build Target: Debug
********************************

C:\Logiciels\Xtensa\XtDevTools\install\tools\RF-2015.2-win32\XtensaTools\bin\xt-xcc -c -g -O0 -fmessage-length=0 -I "C:/TEMP/THOG-life/THOG-xtensa/XtensaInfo/Models/tie_dev1.tdk" -I "C:/TEMP/THOG-life/THOG-xtensa/test" -DPROC_tie_dev1 -DCONFIG_tie_dev1 --xtensa-system=C:/Logiciels/Xtensa/XtDevTools/install/builds/RF-2015.2-win32/tie_dev1/config --xtensa-core=tie_dev1 --xtensa-params=C:/TEMP/THOG-life/THOG-xtensa/XtensaInfo/Models/tie_dev1.tdk "C:/TEMP/THOG-life/src/cordic.cpp" -o "C:/TEMP/THOG-life/THOG-xtensa/test/bin/tie_dev1/Debug/cordic.o" 
C:\TEMP\THOG-xtensa\XtensaInfo\Models\tie_dev1.tdk\include\xtensa\tie\first_tie.h: In function 'void atan_cordic(int, int, int*, int*, int)':
C:\TEMP\THOG-xtensa\XtensaInfo\Models\tie_dev1.tdk\include\xtensa\tie\first_tie.h:54: error: too few arguments to function 'void _TIE_first_tie_tie_cordic_iterate(unsigned int, unsigned int)'
C:/TEMP/THOG-life/src/cordic.cpp:63: error: at this point in file
Time taken: 92 ms 

Build error encountered... cannot continue further.
Total time taken: 0.646 secs
**** Build Finished [sam., 8 avr. 2017 19:57:49] ****
**** Incremental Build [sam., 8 avr. 2017 19:57:58] ****
 Project: test
 Configuration: tie_dev1
 Build Target: Debug
********************************

C:\Logiciels\Xtensa\XtDevTools\install\tools\RF-2015.2-win32\XtensaTools\bin\xt-xcc -c -g -O0 -fmessage-length=0 -I "C:/TEMP/THOG-life/THOG-xtensa/XtensaInfo/Models/tie_dev1.tdk" -I "C:/TEMP/THOG-life/THOG-xtensa/test" -DPROC_tie_dev1 -DCONFIG_tie_dev1 --xtensa-system=C:/Logiciels/Xtensa/XtDevTools/install/builds/RF-2015.2-win32/tie_dev1/config --xtensa-core=tie_dev1 --xtensa-params=C:/TEMP/THOG-life/THOG-xtensa/XtensaInfo/Models/tie_dev1.tdk "C:/TEMP/THOG-life/src/cordic.cpp" -o "C:/TEMP/THOG-life/THOG-xtensa/test/bin/tie_dev1/Debug/cordic.o" 
C:\TEMP\THOG-xtensa\XtensaInfo\Models\tie_dev1.tdk\include\xtensa\tie\first_tie.h: In function 'void atan_cordic(int, int, int*, int*, int)':
C:\TEMP\THOG-xtensa\XtensaInfo\Models\tie_dev1.tdk\include\xtensa\tie\first_tie.h:54: error: too few arguments to function 'void _TIE_first_tie_tie_cordic_iterate(unsigned int, unsigned int)'
C:/TEMP/THOG-life/src/cordic.cpp:63: error: at this point in file
Time taken: 132 ms 

Build error encountered... cannot continue further.
Total time taken: 0.669 secs
**** Build Finished [sam., 8 avr. 2017 19:57:58] ****
**** Incremental Build [sam., 8 avr. 2017 19:58:16] ****
 Project: test
 Configuration: tie_dev1
 Build Target: Debug
********************************

C:\Logiciels\Xtensa\XtDevTools\install\tools\RF-2015.2-win32\XtensaTools\bin\xt-xcc -c -g -O0 -fmessage-length=0 -I "C:/TEMP/THOG-life/THOG-xtensa/XtensaInfo/Models/tie_dev1.tdk" -I "C:/TEMP/THOG-life/THOG-xtensa/test" -DPROC_tie_dev1 -DCONFIG_tie_dev1 --xtensa-system=C:/Logiciels/Xtensa/XtDevTools/install/builds/RF-2015.2-win32/tie_dev1/config --xtensa-core=tie_dev1 --xtensa-params=C:/TEMP/THOG-life/THOG-xtensa/XtensaInfo/Models/tie_dev1.tdk "C:/TEMP/THOG-life/src/cordic.cpp" -o "C:/TEMP/THOG-life/THOG-xtensa/test/bin/tie_dev1/Debug/cordic.o" 
C:\TEMP\THOG-xtensa\XtensaInfo\Models\tie_dev1.tdk\include\xtensa\tie\first_tie.h: In function 'void atan_cordic(int, int, int*, int*, int)':
C:\TEMP\THOG-xtensa\XtensaInfo\Models\tie_dev1.tdk\include\xtensa\tie\first_tie.h:54: error: too few arguments to function 'void _TIE_first_tie_tie_cordic_iterate(unsigned int, unsigned int)'
C:/TEMP/THOG-life/src/cordic.cpp:63: error: at this point in file
Time taken: 134 ms 

Build error encountered... cannot continue further.
Total time taken: 0.681 secs
**** Build Finished [sam., 8 avr. 2017 19:58:17] ****
**** Incremental Build [sam., 8 avr. 2017 19:59:13] ****
 Project: test
 Configuration: tie_dev1
 Build Target: Debug
********************************

C:\Logiciels\Xtensa\XtDevTools\install\tools\RF-2015.2-win32\XtensaTools\bin\xt-xcc -c -g -O0 -fmessage-length=0 -I "C:/TEMP/THOG-life/THOG-xtensa/XtensaInfo/Models/tie_dev1.tdk" -I "C:/TEMP/THOG-life/THOG-xtensa/test" -DPROC_tie_dev1 -DCONFIG_tie_dev1 --xtensa-system=C:/Logiciels/Xtensa/XtDevTools/install/builds/RF-2015.2-win32/tie_dev1/config --xtensa-core=tie_dev1 --xtensa-params=C:/TEMP/THOG-life/THOG-xtensa/XtensaInfo/Models/tie_dev1.tdk "C:/TEMP/THOG-life/src/cordic.cpp" -o "C:/TEMP/THOG-life/THOG-xtensa/test/bin/tie_dev1/Debug/cordic.o" 
Time taken: 7130 ms 

C:\Logiciels\Xtensa\XtDevTools\install\tools\RF-2015.2-win32\XtensaTools\bin\xt-xc++ -Wl,@C:/TEMP/THOG-life/THOG-xtensa/test/bin/tie_dev1/Debug/objfiles.list -o C:/TEMP/THOG-life/THOG-xtensa/test/bin/tie_dev1/Debug/test.minsize -mlsp=sim -Wl,-r -nostdlib --xtensa-system=C:/Logiciels/Xtensa/XtDevTools/install/builds/RF-2015.2-win32/tie_dev1/config --xtensa-core=tie_dev1 --xtensa-params=C:/TEMP/THOG-life/THOG-xtensa/XtensaInfo/Models/tie_dev1.tdk 
Time taken: 92 ms 

C:\Logiciels\Xtensa\XtDevTools\install\tools\RF-2015.2-win32\XtensaTools\bin\xt-xc++ -Wl,@C:/TEMP/THOG-life/THOG-xtensa/test/bin/tie_dev1/Debug/objfiles.list -o C:/TEMP/THOG-life/THOG-xtensa/test/bin/tie_dev1/Debug/test -mlsp=sim --xtensa-system=C:/Logiciels/Xtensa/XtDevTools/install/builds/RF-2015.2-win32/tie_dev1/config --xtensa-core=tie_dev1 --xtensa-params=C:/TEMP/THOG-life/THOG-xtensa/XtensaInfo/Models/tie_dev1.tdk 
Time taken: 407 ms 

******* Code size summary *****

C:\Logiciels\Xtensa\XtDevTools\install\tools\RF-2015.2-win32\XtensaTools\bin\xt-size -C C:/TEMP/THOG-life/THOG-xtensa/test/bin/tie_dev1/Debug/test 
TYPE   	   text	 rodata	   data	    bss	    dec    hex	filename
code   	  83934	      0	     39	      0	  83973	  14805	C:/TEMP/THOG-life/THOG-xtensa/test/bin/tie_dev1/Debug/test
literal	   1776	      0	      0	      0	   1776	    6f0	C:/TEMP/THOG-life/THOG-xtensa/test/bin/tie_dev1/Debug/test
other  	   3146	      0	  29853	   3600	  36599	   8ef7	C:/TEMP/THOG-life/THOG-xtensa/test/bin/tie_dev1/Debug/test
Total  	  88856	      0	  29892	   3600	 122348	  1ddec	C:/TEMP/THOG-life/THOG-xtensa/test/bin/tie_dev1/Debug/test

Time taken: 91 ms 

******* ************** *****

Build successful !!
Total time taken: 8.328 secs
**** Build Finished [sam., 8 avr. 2017 19:59:21] ****
**** Incremental Build [sam., 8 avr. 2017 19:59:24] ****
 Project: test
 Configuration: tie_dev1
 Build Target: Debug
********************************

Nothing to build.
Total time taken: 0.0 secs
**** Build Finished [sam., 8 avr. 2017 19:59:24] ****
**** Incremental Build [sam., 8 avr. 2017 20:00:12] ****
 Project: test
 Configuration: tie_dev1
 Build Target: Debug
********************************

C:\Logiciels\Xtensa\XtDevTools\install\tools\RF-2015.2-win32\XtensaTools\bin\xt-xcc -c -g -O0 -fmessage-length=0 -I "C:/TEMP/THOG-life/THOG-xtensa/XtensaInfo/Models/tie_dev1.tdk" -I "C:/TEMP/THOG-life/THOG-xtensa/test" -DPROC_tie_dev1 -DCONFIG_tie_dev1 --xtensa-system=C:/Logiciels/Xtensa/XtDevTools/install/builds/RF-2015.2-win32/tie_dev1/config --xtensa-core=tie_dev1 --xtensa-params=C:/TEMP/THOG-life/THOG-xtensa/XtensaInfo/Models/tie_dev1.tdk "C:/TEMP/THOG-life/src/cordic.cpp" -o "C:/TEMP/THOG-life/THOG-xtensa/test/bin/tie_dev1/Debug/cordic.o" 
Time taken: 7148 ms 

C:\Logiciels\Xtensa\XtDevTools\install\tools\RF-2015.2-win32\XtensaTools\bin\xt-xc++ -Wl,@C:/TEMP/THOG-life/THOG-xtensa/test/bin/tie_dev1/Debug/objfiles.list -o C:/TEMP/THOG-life/THOG-xtensa/test/bin/tie_dev1/Debug/test.minsize -mlsp=sim -Wl,-r -nostdlib --xtensa-system=C:/Logiciels/Xtensa/XtDevTools/install/builds/RF-2015.2-win32/tie_dev1/config --xtensa-core=tie_dev1 --xtensa-params=C:/TEMP/THOG-life/THOG-xtensa/XtensaInfo/Models/tie_dev1.tdk 
Time taken: 143 ms 

C:\Logiciels\Xtensa\XtDevTools\install\tools\RF-2015.2-win32\XtensaTools\bin\xt-xc++ -Wl,@C:/TEMP/THOG-life/THOG-xtensa/test/bin/tie_dev1/Debug/objfiles.list -o C:/TEMP/THOG-life/THOG-xtensa/test/bin/tie_dev1/Debug/test -mlsp=sim --xtensa-system=C:/Logiciels/Xtensa/XtDevTools/install/builds/RF-2015.2-win32/tie_dev1/config --xtensa-core=tie_dev1 --xtensa-params=C:/TEMP/THOG-life/THOG-xtensa/XtensaInfo/Models/tie_dev1.tdk 
Time taken: 394 ms 

******* Code size summary *****

C:\Logiciels\Xtensa\XtDevTools\install\tools\RF-2015.2-win32\XtensaTools\bin\xt-size -C C:/TEMP/THOG-life/THOG-xtensa/test/bin/tie_dev1/Debug/test 
TYPE   	   text	 rodata	   data	    bss	    dec    hex	filename
code   	  83941	      0	     39	      0	  83980	  1480c	C:/TEMP/THOG-life/THOG-xtensa/test/bin/tie_dev1/Debug/test
literal	   1776	      0	      0	      0	   1776	    6f0	C:/TEMP/THOG-life/THOG-xtensa/test/bin/tie_dev1/Debug/test
other  	   3147	      0	  29853	   3600	  36600	   8ef8	C:/TEMP/THOG-life/THOG-xtensa/test/bin/tie_dev1/Debug/test
Total  	  88864	      0	  29892	   3600	 122356	  1ddf4	C:/TEMP/THOG-life/THOG-xtensa/test/bin/tie_dev1/Debug/test

Time taken: 97 ms 

******* ************** *****

Build successful !!
Total time taken: 8.346 secs
**** Build Finished [sam., 8 avr. 2017 20:00:20] ****
**** Incremental Build [sam., 8 avr. 2017 20:00:26] ****
 Project: test
 Configuration: tie_dev1
 Build Target: Debug
********************************

Nothing to build.
Total time taken: 0.008 secs
**** Build Finished [sam., 8 avr. 2017 20:00:26] ****
**** Incremental Build [sam., 8 avr. 2017 20:03:59] ****
 Project: test
 Configuration: tie_dev1
 Build Target: Debug
********************************

C:\Logiciels\Xtensa\XtDevTools\install\tools\RF-2015.2-win32\XtensaTools\bin\xt-xcc -c -g -O0 -fmessage-length=0 -I "C:/TEMP/THOG-life/THOG-xtensa/XtensaInfo/Models/tie_dev1.tdk" -I "C:/TEMP/THOG-life/THOG-xtensa/test" -DPROC_tie_dev1 -DCONFIG_tie_dev1 --xtensa-system=C:/Logiciels/Xtensa/XtDevTools/install/builds/RF-2015.2-win32/tie_dev1/config --xtensa-core=tie_dev1 --xtensa-params=C:/TEMP/THOG-life/THOG-xtensa/XtensaInfo/Models/tie_dev1.tdk "C:/TEMP/THOG-life/src/cordic.cpp" -o "C:/TEMP/THOG-life/THOG-xtensa/test/bin/tie_dev1/Debug/cordic.o" 
Time taken: 2598 ms 

C:\Logiciels\Xtensa\XtDevTools\install\tools\RF-2015.2-win32\XtensaTools\bin\xt-xcc -c -g -O0 -fmessage-length=0 -I "C:/TEMP/THOG-life/THOG-xtensa/XtensaInfo/Models/tie_dev1.tdk" -I "C:/TEMP/THOG-life/THOG-xtensa/test" -DPROC_tie_dev1 -DCONFIG_tie_dev1 --xtensa-system=C:/Logiciels/Xtensa/XtDevTools/install/builds/RF-2015.2-win32/tie_dev1/config --xtensa-core=tie_dev1 --xtensa-params=C:/TEMP/THOG-life/THOG-xtensa/XtensaInfo/Models/tie_dev1.tdk "C:/TEMP/THOG-life/src/image.cpp" -o "C:/TEMP/THOG-life/THOG-xtensa/test/bin/tie_dev1/Debug/image.o" 
Time taken: 2849 ms 

C:\Logiciels\Xtensa\XtDevTools\install\tools\RF-2015.2-win32\XtensaTools\bin\xt-xcc -c -g -O0 -fmessage-length=0 -I "C:/TEMP/THOG-life/THOG-xtensa/XtensaInfo/Models/tie_dev1.tdk" -I "C:/TEMP/THOG-life/THOG-xtensa/test" -DPROC_tie_dev1 -DCONFIG_tie_dev1 --xtensa-system=C:/Logiciels/Xtensa/XtDevTools/install/builds/RF-2015.2-win32/tie_dev1/config --xtensa-core=tie_dev1 --xtensa-params=C:/TEMP/THOG-life/THOG-xtensa/XtensaInfo/Models/tie_dev1.tdk "C:/TEMP/THOG-life/src/detection.cpp" -o "C:/TEMP/THOG-life/THOG-xtensa/test/bin/tie_dev1/Debug/detection.o" 
Time taken: 2899 ms 

C:\Logiciels\Xtensa\XtDevTools\install\tools\RF-2015.2-win32\XtensaTools\bin\xt-xcc -c -g -O0 -fmessage-length=0 -I "C:/TEMP/THOG-life/THOG-xtensa/XtensaInfo/Models/tie_dev1.tdk" -I "C:/TEMP/THOG-life/THOG-xtensa/test" -DPROC_tie_dev1 -DCONFIG_tie_dev1 --xtensa-system=C:/Logiciels/Xtensa/XtDevTools/install/builds/RF-2015.2-win32/tie_dev1/config --xtensa-core=tie_dev1 --xtensa-params=C:/TEMP/THOG-life/THOG-xtensa/XtensaInfo/Models/tie_dev1.tdk "C:/TEMP/THOG-life/src/hog.cpp" -o "C:/TEMP/THOG-life/THOG-xtensa/test/bin/tie_dev1/Debug/hog.o" 
C:/TEMP/THOG-life/src/hog.cpp: In constructor 'SVM::SVM(std::string)':
C:/TEMP/THOG-life/src/hog.cpp:516: warning: cannot pass objects of non-POD type 'struct std::string' through '...'; call will abort at runtime
Time taken: 3050 ms 

C:\Logiciels\Xtensa\XtDevTools\install\tools\RF-2015.2-win32\XtensaTools\bin\xt-xc++ -Wl,@C:/TEMP/THOG-life/THOG-xtensa/test/bin/tie_dev1/Debug/objfiles.list -o C:/TEMP/THOG-life/THOG-xtensa/test/bin/tie_dev1/Debug/test.minsize -mlsp=sim -Wl,-r -nostdlib --xtensa-system=C:/Logiciels/Xtensa/XtDevTools/install/builds/RF-2015.2-win32/tie_dev1/config --xtensa-core=tie_dev1 --xtensa-params=C:/TEMP/THOG-life/THOG-xtensa/XtensaInfo/Models/tie_dev1.tdk 
Time taken: 80 ms 

C:\Logiciels\Xtensa\XtDevTools\install\tools\RF-2015.2-win32\XtensaTools\bin\xt-xc++ -Wl,@C:/TEMP/THOG-life/THOG-xtensa/test/bin/tie_dev1/Debug/objfiles.list -o C:/TEMP/THOG-life/THOG-xtensa/test/bin/tie_dev1/Debug/test -mlsp=sim --xtensa-system=C:/Logiciels/Xtensa/XtDevTools/install/builds/RF-2015.2-win32/tie_dev1/config --xtensa-core=tie_dev1 --xtensa-params=C:/TEMP/THOG-life/THOG-xtensa/XtensaInfo/Models/tie_dev1.tdk 
Time taken: 394 ms 

******* Code size summary *****

C:\Logiciels\Xtensa\XtDevTools\install\tools\RF-2015.2-win32\XtensaTools\bin\xt-size -C C:/TEMP/THOG-life/THOG-xtensa/test/bin/tie_dev1/Debug/test 
TYPE   	   text	 rodata	   data	    bss	    dec    hex	filename
code   	  83941	      0	     39	      0	  83980	  1480c	C:/TEMP/THOG-life/THOG-xtensa/test/bin/tie_dev1/Debug/test
literal	   1776	      0	      0	      0	   1776	    6f0	C:/TEMP/THOG-life/THOG-xtensa/test/bin/tie_dev1/Debug/test
other  	   3147	      0	  29853	   3600	  36600	   8ef8	C:/TEMP/THOG-life/THOG-xtensa/test/bin/tie_dev1/Debug/test
Total  	  88864	      0	  29892	   3600	 122356	  1ddf4	C:/TEMP/THOG-life/THOG-xtensa/test/bin/tie_dev1/Debug/test

Time taken: 91 ms 

******* ************** *****

Build successful !!
Total time taken: 4.69 secs
**** Build Finished [sam., 8 avr. 2017 20:04:03] ****
**** Incremental Build [sam., 8 avr. 2017 20:04:06] ****
 Project: test
 Configuration: tie_dev1
 Build Target: Debug
********************************

Nothing to build.
Total time taken: 0.009 secs
**** Build Finished [sam., 8 avr. 2017 20:04:06] ****
**** Incremental Build [sam., 8 avr. 2017 20:06:17] ****
 Project: test
 Configuration: tie_dev1
 Build Target: Debug
********************************

C:\Logiciels\Xtensa\XtDevTools\install\tools\RF-2015.2-win32\XtensaTools\bin\xt-xcc -c -g -O0 -fmessage-length=0 -I "C:/TEMP/THOG-life/THOG-xtensa/XtensaInfo/Models/tie_dev1.tdk" -I "C:/TEMP/THOG-life/THOG-xtensa/test" -DPROC_tie_dev1 -DCONFIG_tie_dev1 --xtensa-system=C:/Logiciels/Xtensa/XtDevTools/install/builds/RF-2015.2-win32/tie_dev1/config --xtensa-core=tie_dev1 --xtensa-params=C:/TEMP/THOG-life/THOG-xtensa/XtensaInfo/Models/tie_dev1.tdk "C:/TEMP/THOG-life/src/cordic.cpp" -o "C:/TEMP/THOG-life/THOG-xtensa/test/bin/tie_dev1/Debug/cordic.o" 
Time taken: 7154 ms 

C:\Logiciels\Xtensa\XtDevTools\install\tools\RF-2015.2-win32\XtensaTools\bin\xt-xc++ -Wl,@C:/TEMP/THOG-life/THOG-xtensa/test/bin/tie_dev1/Debug/objfiles.list -o C:/TEMP/THOG-life/THOG-xtensa/test/bin/tie_dev1/Debug/test.minsize -mlsp=sim -Wl,-r -nostdlib --xtensa-system=C:/Logiciels/Xtensa/XtDevTools/install/builds/RF-2015.2-win32/tie_dev1/config --xtensa-core=tie_dev1 --xtensa-params=C:/TEMP/THOG-life/THOG-xtensa/XtensaInfo/Models/tie_dev1.tdk 
Time taken: 76 ms 

C:\Logiciels\Xtensa\XtDevTools\install\tools\RF-2015.2-win32\XtensaTools\bin\xt-xc++ -Wl,@C:/TEMP/THOG-life/THOG-xtensa/test/bin/tie_dev1/Debug/objfiles.list -o C:/TEMP/THOG-life/THOG-xtensa/test/bin/tie_dev1/Debug/test -mlsp=sim --xtensa-system=C:/Logiciels/Xtensa/XtDevTools/install/builds/RF-2015.2-win32/tie_dev1/config --xtensa-core=tie_dev1 --xtensa-params=C:/TEMP/THOG-life/THOG-xtensa/XtensaInfo/Models/tie_dev1.tdk 
Time taken: 385 ms 

******* Code size summary *****

C:\Logiciels\Xtensa\XtDevTools\install\tools\RF-2015.2-win32\XtensaTools\bin\xt-size -C C:/TEMP/THOG-life/THOG-xtensa/test/bin/tie_dev1/Debug/test 
TYPE   	   text	 rodata	   data	    bss	    dec    hex	filename
code   	  83917	      0	     39	      0	  83956	  147f4	C:/TEMP/THOG-life/THOG-xtensa/test/bin/tie_dev1/Debug/test
literal	   1776	      0	      0	      0	   1776	    6f0	C:/TEMP/THOG-life/THOG-xtensa/test/bin/tie_dev1/Debug/test
other  	   3147	      0	  29853	   3600	  36600	   8ef8	C:/TEMP/THOG-life/THOG-xtensa/test/bin/tie_dev1/Debug/test
Total  	  88840	      0	  29892	   3600	 122332	  1dddc	C:/TEMP/THOG-life/THOG-xtensa/test/bin/tie_dev1/Debug/test

Time taken: 95 ms 

******* ************** *****

Build successful !!
Total time taken: 8.359 secs
**** Build Finished [sam., 8 avr. 2017 20:06:25] ****
**** Incremental Build [sam., 8 avr. 2017 20:06:30] ****
 Project: test
 Configuration: tie_dev1
 Build Target: Debug
********************************

Nothing to build.
Total time taken: 0.003 secs
**** Build Finished [sam., 8 avr. 2017 20:06:30] ****
**** Incremental Build [sam., 8 avr. 2017 20:14:31] ****
 Project: test
 Configuration: tie_dev1
 Build Target: Debug
********************************
Compiling TIE source(s) attached to configuration "tie_dev1" ...

C:/Logiciels/Xtensa/XtDevTools/install/tools/RF-2015.2-win32/XtensaTools/bin/tc --xtensa-system=C:/Logiciels/Xtensa/XtDevTools/install/builds/RF-2015.2-win32/tie_dev1/config --xtensa-core=tie_dev1 -d C:/TEMP/THOG-life/THOG-xtensa/XtensaInfo/Models/tie_dev1.tdk  -libdebug -Y -noerrformat  -name first_tie C:\TEMP\THOG-life\THOG-xtensa\XtensaInfo\TIEFiles\first_tie.tie

0 error(s), 0 warning(s) 0 message(s)
Time taken: 95246 ms 

C:\Logiciels\Xtensa\XtDevTools\install\tools\RF-2015.2-win32\XtensaTools\bin\xt-xcc -c -g -O0 -fmessage-length=0 -I "C:/TEMP/THOG-life/THOG-xtensa/XtensaInfo/Models/tie_dev1.tdk" -I "C:/TEMP/THOG-life/THOG-xtensa/test" -DPROC_tie_dev1 -DCONFIG_tie_dev1 --xtensa-system=C:/Logiciels/Xtensa/XtDevTools/install/builds/RF-2015.2-win32/tie_dev1/config --xtensa-core=tie_dev1 --xtensa-params=C:/TEMP/THOG-life/THOG-xtensa/XtensaInfo/Models/tie_dev1.tdk "C:/TEMP/THOG-life/src/cordic.cpp" -o "C:/TEMP/THOG-life/THOG-xtensa/test/bin/tie_dev1/Debug/cordic.o" 
Time taken: 2590 ms 

C:\Logiciels\Xtensa\XtDevTools\install\tools\RF-2015.2-win32\XtensaTools\bin\xt-xcc -c -g -O0 -fmessage-length=0 -I "C:/TEMP/THOG-life/THOG-xtensa/XtensaInfo/Models/tie_dev1.tdk" -I "C:/TEMP/THOG-life/THOG-xtensa/test" -DPROC_tie_dev1 -DCONFIG_tie_dev1 --xtensa-system=C:/Logiciels/Xtensa/XtDevTools/install/builds/RF-2015.2-win32/tie_dev1/config --xtensa-core=tie_dev1 --xtensa-params=C:/TEMP/THOG-life/THOG-xtensa/XtensaInfo/Models/tie_dev1.tdk "C:/TEMP/THOG-life/src/hog.cpp" -o "C:/TEMP/THOG-life/THOG-xtensa/test/bin/tie_dev1/Debug/hog.o" 
C:/TEMP/THOG-life/src/hog.cpp: In constructor 'SVM::SVM(std::string)':
C:/TEMP/THOG-life/src/hog.cpp:516: warning: cannot pass objects of non-POD type 'struct std::string' through '...'; call will abort at runtime
Time taken: 3119 ms 

C:\Logiciels\Xtensa\XtDevTools\install\tools\RF-2015.2-win32\XtensaTools\bin\xt-xcc -c -g -O0 -fmessage-length=0 -I "C:/TEMP/THOG-life/THOG-xtensa/XtensaInfo/Models/tie_dev1.tdk" -I "C:/TEMP/THOG-life/THOG-xtensa/test" -DPROC_tie_dev1 -DCONFIG_tie_dev1 --xtensa-system=C:/Logiciels/Xtensa/XtDevTools/install/builds/RF-2015.2-win32/tie_dev1/config --xtensa-core=tie_dev1 --xtensa-params=C:/TEMP/THOG-life/THOG-xtensa/XtensaInfo/Models/tie_dev1.tdk "C:/TEMP/THOG-life/src/detection.cpp" -o "C:/TEMP/THOG-life/THOG-xtensa/test/bin/tie_dev1/Debug/detection.o" 
Time taken: 3170 ms 

C:\Logiciels\Xtensa\XtDevTools\install\tools\RF-2015.2-win32\XtensaTools\bin\xt-xcc -c -g -O0 -fmessage-length=0 -I "C:/TEMP/THOG-life/THOG-xtensa/XtensaInfo/Models/tie_dev1.tdk" -I "C:/TEMP/THOG-life/THOG-xtensa/test" -DPROC_tie_dev1 -DCONFIG_tie_dev1 --xtensa-system=C:/Logiciels/Xtensa/XtDevTools/install/builds/RF-2015.2-win32/tie_dev1/config --xtensa-core=tie_dev1 --xtensa-params=C:/TEMP/THOG-life/THOG-xtensa/XtensaInfo/Models/tie_dev1.tdk "C:/TEMP/THOG-life/src/image.cpp" -o "C:/TEMP/THOG-life/THOG-xtensa/test/bin/tie_dev1/Debug/image.o" 
Time taken: 3220 ms 

C:\Logiciels\Xtensa\XtDevTools\install\tools\RF-2015.2-win32\XtensaTools\bin\xt-xc++ -Wl,@C:/TEMP/THOG-life/THOG-xtensa/test/bin/tie_dev1/Debug/objfiles.list -o C:/TEMP/THOG-life/THOG-xtensa/test/bin/tie_dev1/Debug/test.minsize -mlsp=sim -Wl,-r -nostdlib --xtensa-system=C:/Logiciels/Xtensa/XtDevTools/install/builds/RF-2015.2-win32/tie_dev1/config --xtensa-core=tie_dev1 --xtensa-params=C:/TEMP/THOG-life/THOG-xtensa/XtensaInfo/Models/tie_dev1.tdk 
Time taken: 88 ms 

C:\Logiciels\Xtensa\XtDevTools\install\tools\RF-2015.2-win32\XtensaTools\bin\xt-xc++ -Wl,@C:/TEMP/THOG-life/THOG-xtensa/test/bin/tie_dev1/Debug/objfiles.list -o C:/TEMP/THOG-life/THOG-xtensa/test/bin/tie_dev1/Debug/test -mlsp=sim --xtensa-system=C:/Logiciels/Xtensa/XtDevTools/install/builds/RF-2015.2-win32/tie_dev1/config --xtensa-core=tie_dev1 --xtensa-params=C:/TEMP/THOG-life/THOG-xtensa/XtensaInfo/Models/tie_dev1.tdk 
Time taken: 420 ms 

******* Code size summary *****

C:\Logiciels\Xtensa\XtDevTools\install\tools\RF-2015.2-win32\XtensaTools\bin\xt-size -C C:/TEMP/THOG-life/THOG-xtensa/test/bin/tie_dev1/Debug/test 
TYPE   	   text	 rodata	   data	    bss	    dec    hex	filename
code   	  83751	      0	     39	      0	  83790	  1474e	C:/TEMP/THOG-life/THOG-xtensa/test/bin/tie_dev1/Debug/test
literal	   1776	      0	      0	      0	   1776	    6f0	C:/TEMP/THOG-life/THOG-xtensa/test/bin/tie_dev1/Debug/test
other  	   3145	      0	  29853	   3600	  36598	   8ef6	C:/TEMP/THOG-life/THOG-xtensa/test/bin/tie_dev1/Debug/test
Total  	  88672	      0	  29892	   3600	 122164	  1dd34	C:/TEMP/THOG-life/THOG-xtensa/test/bin/tie_dev1/Debug/test

Time taken: 77 ms 

******* ************** *****

Build successful !!
Total time taken: 100.205 secs
**** Build Finished [sam., 8 avr. 2017 20:16:11] ****
**** Incremental Build [sam., 8 avr. 2017 20:16:25] ****
 Project: test
 Configuration: tie_dev1
 Build Target: Debug
********************************

Nothing to build.
Total time taken: 0.003 secs
**** Build Finished [sam., 8 avr. 2017 20:16:25] ****
**** Incremental Build [dim., 9 avr. 2017 09:52:24] ****
 Project: test
 Configuration: tie_dev1
 Build Target: Debug
********************************
Compiling TIE source(s) attached to configuration "tie_dev1" ...

C:/Logiciels/Xtensa/XtDevTools/install/tools/RF-2015.2-win32/XtensaTools/bin/tc --xtensa-system=C:/Logiciels/Xtensa/XtDevTools/install/builds/RF-2015.2-win32/tie_dev1/config --xtensa-core=tie_dev1 -d C:/TEMP/THOG-life/THOG-xtensa/XtensaInfo/Models/tie_dev1.tdk  -libdebug -Y -noerrformat  -name first_tie C:\TEMP\THOG-life\THOG-xtensa\XtensaInfo\TIEFiles\first_tie.tie

0 error(s), 0 warning(s) 0 message(s)
Time taken: 88012 ms 

C:\Logiciels\Xtensa\XtDevTools\install\tools\RF-2015.2-win32\XtensaTools\bin\xt-xcc -c -g -O0 -fmessage-length=0 -I "C:/TEMP/THOG-life/THOG-xtensa/XtensaInfo/Models/tie_dev1.tdk" -I "C:/TEMP/THOG-life/THOG-xtensa/test" -DPROC_tie_dev1 -DCONFIG_tie_dev1 --xtensa-system=C:/Logiciels/Xtensa/XtDevTools/install/builds/RF-2015.2-win32/tie_dev1/config --xtensa-core=tie_dev1 --xtensa-params=C:/TEMP/THOG-life/THOG-xtensa/XtensaInfo/Models/tie_dev1.tdk "C:/TEMP/THOG-life/src/cordic.cpp" -o "C:/TEMP/THOG-life/THOG-xtensa/test/bin/tie_dev1/Debug/cordic.o" 
Time taken: 2401 ms 

C:\Logiciels\Xtensa\XtDevTools\install\tools\RF-2015.2-win32\XtensaTools\bin\xt-xcc -c -g -O0 -fmessage-length=0 -I "C:/TEMP/THOG-life/THOG-xtensa/XtensaInfo/Models/tie_dev1.tdk" -I "C:/TEMP/THOG-life/THOG-xtensa/test" -DPROC_tie_dev1 -DCONFIG_tie_dev1 --xtensa-system=C:/Logiciels/Xtensa/XtDevTools/install/builds/RF-2015.2-win32/tie_dev1/config --xtensa-core=tie_dev1 --xtensa-params=C:/TEMP/THOG-life/THOG-xtensa/XtensaInfo/Models/tie_dev1.tdk "C:/TEMP/THOG-life/src/image.cpp" -o "C:/TEMP/THOG-life/THOG-xtensa/test/bin/tie_dev1/Debug/image.o" 
Time taken: 2358 ms 

C:\Logiciels\Xtensa\XtDevTools\install\tools\RF-2015.2-win32\XtensaTools\bin\xt-xcc -c -g -O0 -fmessage-length=0 -I "C:/TEMP/THOG-life/THOG-xtensa/XtensaInfo/Models/tie_dev1.tdk" -I "C:/TEMP/THOG-life/THOG-xtensa/test" -DPROC_tie_dev1 -DCONFIG_tie_dev1 --xtensa-system=C:/Logiciels/Xtensa/XtDevTools/install/builds/RF-2015.2-win32/tie_dev1/config --xtensa-core=tie_dev1 --xtensa-params=C:/TEMP/THOG-life/THOG-xtensa/XtensaInfo/Models/tie_dev1.tdk "C:/TEMP/THOG-life/src/detection.cpp" -o "C:/TEMP/THOG-life/THOG-xtensa/test/bin/tie_dev1/Debug/detection.o" 
Time taken: 2358 ms 

C:\Logiciels\Xtensa\XtDevTools\install\tools\RF-2015.2-win32\XtensaTools\bin\xt-xcc -c -g -O0 -fmessage-length=0 -I "C:/TEMP/THOG-life/THOG-xtensa/XtensaInfo/Models/tie_dev1.tdk" -I "C:/TEMP/THOG-life/THOG-xtensa/test" -DPROC_tie_dev1 -DCONFIG_tie_dev1 --xtensa-system=C:/Logiciels/Xtensa/XtDevTools/install/builds/RF-2015.2-win32/tie_dev1/config --xtensa-core=tie_dev1 --xtensa-params=C:/TEMP/THOG-life/THOG-xtensa/XtensaInfo/Models/tie_dev1.tdk "C:/TEMP/THOG-life/src/hog.cpp" -o "C:/TEMP/THOG-life/THOG-xtensa/test/bin/tie_dev1/Debug/hog.o" 
C:/TEMP/THOG-life/src/hog.cpp: In constructor 'SVM::SVM(std::string)':
C:/TEMP/THOG-life/src/hog.cpp:516: warning: cannot pass objects of non-POD type 'struct std::string' through '...'; call will abort at runtime
Time taken: 2459 ms 

C:\Logiciels\Xtensa\XtDevTools\install\tools\RF-2015.2-win32\XtensaTools\bin\xt-xc++ -Wl,@C:/TEMP/THOG-life/THOG-xtensa/test/bin/tie_dev1/Debug/objfiles.list -o C:/TEMP/THOG-life/THOG-xtensa/test/bin/tie_dev1/Debug/test.minsize -mlsp=sim -Wl,-r -nostdlib --xtensa-system=C:/Logiciels/Xtensa/XtDevTools/install/builds/RF-2015.2-win32/tie_dev1/config --xtensa-core=tie_dev1 --xtensa-params=C:/TEMP/THOG-life/THOG-xtensa/XtensaInfo/Models/tie_dev1.tdk 
Time taken: 229 ms 

C:\Logiciels\Xtensa\XtDevTools\install\tools\RF-2015.2-win32\XtensaTools\bin\xt-xc++ -Wl,@C:/TEMP/THOG-life/THOG-xtensa/test/bin/tie_dev1/Debug/objfiles.list -o C:/TEMP/THOG-life/THOG-xtensa/test/bin/tie_dev1/Debug/test -mlsp=sim --xtensa-system=C:/Logiciels/Xtensa/XtDevTools/install/builds/RF-2015.2-win32/tie_dev1/config --xtensa-core=tie_dev1 --xtensa-params=C:/TEMP/THOG-life/THOG-xtensa/XtensaInfo/Models/tie_dev1.tdk 
Time taken: 580 ms 

******* Code size summary *****

C:\Logiciels\Xtensa\XtDevTools\install\tools\RF-2015.2-win32\XtensaTools\bin\xt-size -C C:/TEMP/THOG-life/THOG-xtensa/test/bin/tie_dev1/Debug/test 
TYPE   	   text	 rodata	   data	    bss	    dec    hex	filename
code   	  83751	      0	     39	      0	  83790	  1474e	C:/TEMP/THOG-life/THOG-xtensa/test/bin/tie_dev1/Debug/test
literal	   1776	      0	      0	      0	   1776	    6f0	C:/TEMP/THOG-life/THOG-xtensa/test/bin/tie_dev1/Debug/test
other  	   3145	      0	  29853	   3600	  36598	   8ef6	C:/TEMP/THOG-life/THOG-xtensa/test/bin/tie_dev1/Debug/test
Total  	  88672	      0	  29892	   3600	 122164	  1dd34	C:/TEMP/THOG-life/THOG-xtensa/test/bin/tie_dev1/Debug/test

Time taken: 167 ms 

******* ************** *****

Build successful !!
Total time taken: 93.032 secs
**** Build Finished [dim., 9 avr. 2017 09:53:57] ****
